BLOCK00/SES002/SA002S12	SES002	2.36382	-60.5388	-62.9026
BLOCK00/SES002/SA002S13	SES002	2.88477	-60.7202	-63.6049
BLOCK00/SES002/SA002S23	SES002	2.65795	-59.9858	-62.6437
BLOCK00/SES002/SA002S26	SES002	2.967	-59.3165	-62.2835
BLOCK00/SES002/SA002S28	SES002	2.18745	-62.6339	-64.8214
BLOCK00/SES007/SA007S14	SES007	2.12167	-62.3202	-64.4418
BLOCK00/SES007/SA007S15	SES007	1.11189	-64.2392	-65.3511
BLOCK00/SES007/SA007S24	SES007	1.55735	-63.6989	-65.2562
BLOCK00/SES007/SA007S27	SES007	1.04046	-64.0853	-65.1258
BLOCK00/SES007/SA007S29	SES007	0.74696	-63.5754	-64.3223
BLOCK00/SES008/SA008S11	SES008	1.59816	-63.231	-64.8292
BLOCK00/SES008/SA008S12	SES008	1.01388	-63.7957	-64.8095
BLOCK00/SES008/SA008S19	SES008	2.34177	-61.6997	-64.0415
BLOCK00/SES008/SA008S22	SES008	1.98447	-63.511	-65.4955
BLOCK00/SES008/SA008S29	SES008	1.19566	-63.0334	-64.229
BLOCK01/SES014/SA014S10	SES014	3.34078	-62.091	-65.4318
BLOCK01/SES014/SA014S12	SES014	4.20789	-58.1283	-62.3362
BLOCK01/SES014/SA014S24	SES014	2.31289	-60.7287	-63.0415
BLOCK01/SES014/SA014S26	SES014	3.59671	-56.962	-60.5587
BLOCK01/SES014/SA014S28	SES014	4.38487	-58.3276	-62.7124
BLOCK01/SES016/SA016S12	SES016	1.10939	-66.496	-67.6054
BLOCK01/SES016/SA016S13	SES016	2.23498	-64.1891	-66.4241
BLOCK01/SES016/SA016S22	SES016	0.910484	-65.3786	-66.289
BLOCK01/SES016/SA016S25	SES016	2.11638	-62.145	-64.2614
BLOCK01/SES016/SA016S27	SES016	2.07072	-62.4768	-64.5476
BLOCK01/SES019/SA019S13	SES019	3.45408	-62.2389	-65.693
BLOCK01/SES019/SA019S14	SES019	2.62859	-62.3127	-64.9413
BLOCK01/SES019/SA019S22	SES019	3.58293	-61.4386	-65.0216
BLOCK01/SES019/SA019S25	SES019	3.31746	-62.1508	-65.4683
BLOCK01/SES019/SA019S29	SES019	3.942	-61.3957	-65.3377
BLOCK02/SES029/SA029S11	SES029	1.98864	-63.0571	-65.0458
BLOCK02/SES029/SA029S12	SES029	0.968624	-63.8353	-64.804
BLOCK02/SES029/SA029S20	SES029	1.23454	-64.4631	-65.6976
BLOCK02/SES029/SA029S25	SES029	1.1811	-63.0896	-64.2707
BLOCK02/SES029/SA029S28	SES029	1.7435	-62.8389	-64.5824
BLOCK04/SES042/SA042S12	SES042	3.36636	-59.7421	-63.1084
BLOCK04/SES042/SA042S15	SES042	2.9362	-60.713	-63.6492
BLOCK04/SES042/SA042S22	SES042	4.16868	-56.9847	-61.1533
BLOCK04/SES042/SA042S25	SES042	2.82922	-60.8605	-63.6897
BLOCK04/SES042/SA042S27	SES042	2.59982	-59.5046	-62.1044
BLOCK04/SES048/SA048S11	SES048	1.53028	-62.8054	-64.3356
BLOCK04/SES048/SA048S12	SES048	0.370552	-63.5951	-63.9656
BLOCK04/SES048/SA048S20	SES048	1.3546	-62.652	-64.0066
BLOCK04/SES048/SA048S23	SES048	1.82481	-63.4967	-65.3215
BLOCK04/SES048/SA048S27	SES048	1.29882	-61.7322	-63.031
BLOCK06/SES060/SA060S11	SES060	1.97901	-63.5908	-65.5698
BLOCK06/SES060/SA060S12	SES060	-0.43158	-65.9093	-65.4777
BLOCK06/SES060/SA060S22	SES060	0.89637	-65.6837	-66.5801
BLOCK06/SES060/SA060S24	SES060	1.78362	-62.9804	-64.764
BLOCK06/SES060/SA060S28	SES060	2.01692	-60.3922	-62.4091
BLOCK06/SES062/SA062S10	SES062	2.05838	-62.422	-64.4804
BLOCK06/SES062/SA062S11	SES062	2.03522	-62.5025	-64.5377
BLOCK06/SES062/SA062S21	SES062	3.00093	-59.8378	-62.8388
BLOCK06/SES062/SA062S26	SES062	1.31874	-62.5596	-63.8783
BLOCK06/SES062/SA062S29	SES062	2.21928	-61.2119	-63.4311
BLOCK06/SES068/SA068S14	SES068	1.31772	-63.2772	-64.5949
BLOCK06/SES068/SA068S15	SES068	1.75072	-61.7036	-63.4543
BLOCK06/SES068/SA068S23	SES068	0.944656	-64.6014	-65.5461
BLOCK06/SES068/SA068S27	SES068	2.99766	-61.5221	-64.5197
BLOCK06/SES068/SA068S29	SES068	1.47953	-62.9088	-64.3883
BLOCK08/SES082/SA082S12	SES082	2.03487	-62.8537	-64.8886
BLOCK08/SES082/SA082S14	SES082	1.11287	-63.9983	-65.1112
BLOCK08/SES082/SA082S21	SES082	1.54528	-63.3223	-64.8676
BLOCK08/SES082/SA082S24	SES082	1.40229	-62.1796	-63.5819
BLOCK08/SES082/SA082S28	SES082	0.871075	-63.4747	-64.3457
BLOCK08/SES083/SA083S14	SES083	0.067009	-64.151	-64.218
BLOCK08/SES083/SA083S15	SES083	0.962017	-62.5706	-63.5326
BLOCK08/SES083/SA083S24	SES083	0.388725	-63.9569	-64.3457
BLOCK08/SES083/SA083S26	SES083	0.293724	-64.2722	-64.566
BLOCK08/SES083/SA083S29	SES083	0.299458	-63.9751	-64.2746
BLOCK08/SES085/SA085S10	SES085	0.372536	-64.3167	-64.6893
BLOCK08/SES085/SA085S13	SES085	1.17908	-63.9258	-65.1049
BLOCK08/SES085/SA085S22	SES085	-3.42085	-68.2544	-64.8336
BLOCK08/SES085/SA085S26	SES085	0.729324	-64.1667	-64.8961
BLOCK08/SES085/SA085S28	SES085	1.08239	-63.8605	-64.9429
BLOCK08/SES087/SA087S15	SES087	2.67401	-61.3483	-64.0223
BLOCK08/SES087/SA087S16	SES087	2.48204	-61.22	-63.7021
BLOCK08/SES087/SA087S24	SES087	2.24072	-61.2175	-63.4582
BLOCK08/SES087/SA087S26	SES087	2.02766	-59.9257	-61.9534
BLOCK08/SES087/SA087S29	SES087	2.18988	-62.0323	-64.2222
BLOCK09/SES099/SA099S15	SES099	2.92084	-62.268	-65.1888
BLOCK09/SES099/SA099S16	SES099	2.73221	-61.6189	-64.3511
BLOCK09/SES099/SA099S24	SES099	3.00233	-61.4251	-64.4274
BLOCK09/SES099/SA099S26	SES099	2.65289	-61.4777	-64.1305
BLOCK09/SES099/SA099S29	SES099	2.84037	-61.0776	-63.918
BLOCK10/SES101/SA101S11	SES101	0.191086	-63.8982	-64.0893
BLOCK10/SES101/SA101S13	SES101	1.53359	-62.467	-64.0006
BLOCK10/SES101/SA101S22	SES101	1.22688	-64.5004	-65.7273
BLOCK10/SES101/SA101S24	SES101	0.908531	-63.7444	-64.653
BLOCK10/SES101/SA101S28	SES101	-0.170189	-65.4124	-65.2422
BLOCK10/SES104/SA104S11	SES104	1.21178	-60.7422	-61.954
BLOCK10/SES104/SA104S12	SES104	1.9523	-61.6712	-63.6235
BLOCK10/SES104/SA104S21	SES104	1.6822	-61.9814	-63.6636
BLOCK10/SES104/SA104S24	SES104	1.18699	-62.0114	-63.1984
BLOCK10/SES104/SA104S28	SES104	1.97087	-61.3394	-63.3102
BLOCK10/SES105/SA105S12	SES105	1.23957	-64.6573	-65.8969
BLOCK10/SES105/SA105S13	SES105	1.37287	-64.2893	-65.6622
BLOCK10/SES105/SA105S22	SES105	1.19019	-65.2331	-66.4233
BLOCK10/SES105/SA105S26	SES105	1.17128	-64.6853	-65.8566
BLOCK10/SES105/SA105S29	SES105	0.892342	-64.3142	-65.2065
BLOCK10/SES106/SA106S09	SES106	1.22889	-63.7554	-64.9843
BLOCK10/SES106/SA106S11	SES106	1.81525	-60.9263	-62.7416
BLOCK10/SES106/SA106S22	SES106	3.42327	-61.2917	-64.715
BLOCK10/SES106/SA106S27	SES106	1.37118	-63.3194	-64.6906
BLOCK10/SES106/SA106S29	SES106	1.64631	-61.7802	-63.4265
BLOCK11/SES117/SA117S12	SES117	0.368149	-66.7098	-67.078
BLOCK11/SES117/SA117S13	SES117	0.512703	-64.3297	-64.8424
BLOCK11/SES117/SA117S23	SES117	1.96195	-66.6647	-68.6266
BLOCK11/SES117/SA117S25	SES117	1.56264	-65.0504	-66.6131
BLOCK11/SES117/SA117S28	SES117	2.45782	-65.8411	-68.2989
BLOCK12/SES120/SA120S08	SES120	1.33162	-65.5967	-66.9284
BLOCK12/SES120/SA120S11	SES120	0.482056	-66.8752	-67.3573
BLOCK12/SES120/SA120S22	SES120	0.957703	-64.351	-65.3087
BLOCK12/SES120/SA120S24	SES120	0.805038	-64.6604	-65.4655
BLOCK12/SES120/SA120S28	SES120	1.32247	-66.5247	-67.8472
BLOCK12/SES125/SA125S13	SES125	3.25124	-60.7849	-64.0362
BLOCK12/SES125/SA125S14	SES125	1.99573	-62.0846	-64.0804
BLOCK12/SES125/SA125S25	SES125	2.86667	-61.1078	-63.9745
BLOCK12/SES125/SA125S27	SES125	3.41536	-59.6259	-63.0412
BLOCK12/SES125/SA125S29	SES125	2.65084	-61.6444	-64.2952
BLOCK12/SES127/SA127S11	SES127	1.85989	-63.508	-65.3679
BLOCK12/SES127/SA127S12	SES127	-0.0609818	-64.3046	-64.2437
BLOCK12/SES127/SA127S23	SES127	0.710426	-63.8956	-64.606
BLOCK12/SES127/SA127S25	SES127	0.772308	-64.6429	-65.4152
BLOCK12/SES127/SA127S27	SES127	1.43376	-63.8142	-65.248
BLOCK12/SES129/SA129S11	SES129	1.74974	-62.753	-64.5028
BLOCK12/SES129/SA129S12	SES129	2.22937	-62.8608	-65.0902
BLOCK12/SES129/SA129S22	SES129	1.99349	-62.8682	-64.8617
BLOCK12/SES129/SA129S27	SES129	2.65532	-62.0263	-64.6816
BLOCK12/SES129/SA129S29	SES129	2.74955	-61.5234	-64.2729
BLOCK14/SES142/SA142S11	SES142	3.63312	-63.5528	-67.1859
BLOCK14/SES142/SA142S12	SES142	1.79685	-65.4716	-67.2684
BLOCK14/SES142/SA142S24	SES142	3.23779	-62.6002	-65.838
BLOCK14/SES142/SA142S27	SES142	3.697	-62.7988	-66.4958
BLOCK14/SES142/SA142S29	SES142	4.38102	-62.2048	-66.5858
BLOCK14/SES143/SA143S12	SES143	1.25106	-65.2465	-66.4976
BLOCK14/SES143/SA143S13	SES143	0.844498	-65.142	-65.9865
BLOCK14/SES143/SA143S23	SES143	1.5494	-64.3819	-65.9313
BLOCK14/SES143/SA143S25	SES143	0.888733	-64.6271	-65.5159
BLOCK14/SES143/SA143S28	SES143	1.29457	-64.7154	-66.01
BLOCK14/SES144/SA144S09	SES144	1.21866	-63.9126	-65.1313
BLOCK14/SES144/SA144S11	SES144	1.34167	-64.8346	-66.1763
BLOCK14/SES144/SA144S21	SES144	0.987015	-64.6081	-65.5951
BLOCK14/SES144/SA144S25	SES144	1.01527	-64.9845	-65.9998
BLOCK14/SES144/SA144S29	SES144	0.236992	-64.4457	-64.6827
BLOCK14/SES146/SA146S14	SES146	1.40109	-64.6208	-66.0219
BLOCK14/SES146/SA146S15	SES146	0.983482	-64.7418	-65.7253
BLOCK14/SES146/SA146S24	SES146	1.14333	-64.7161	-65.8595
BLOCK14/SES146/SA146S26	SES146	1.13999	-64.8697	-66.0097
BLOCK14/SES146/SA146S29	SES146	0.715652	-65.5825	-66.2982
BLOCK14/SES147/SA147S11	SES147	2.80781	-65.0039	-67.8117
BLOCK14/SES147/SA147S13	SES147	3.18328	-63.2964	-66.4797
BLOCK14/SES147/SA147S23	SES147	2.08049	-64.8358	-66.9163
BLOCK14/SES147/SA147S26	SES147	2.37211	-64.8435	-67.2156
BLOCK14/SES147/SA147S28	SES147	2.77306	-63.4444	-66.2175
BLOCK14/SES148/SA148S10	SES148	1.97688	-63.6066	-65.5835
BLOCK14/SES148/SA148S12	SES148	0.896286	-64.5612	-65.4575
BLOCK14/SES148/SA148S22	SES148	1.93803	-62.9947	-64.9328
BLOCK14/SES148/SA148S26	SES148	1.40311	-63.6032	-65.0063
BLOCK14/SES148/SA148S29	SES148	1.24521	-63.9576	-65.2028
BLOCK14/SES149/SA149S13	SES149	-0.489544	-64.3492	-63.8596
BLOCK14/SES149/SA149S14	SES149	0.330086	-63.6045	-63.9346
BLOCK14/SES149/SA149S24	SES149	1.61562	-62.4775	-64.0931
BLOCK14/SES149/SA149S26	SES149	2.72057	-61.489	-64.2096
BLOCK14/SES149/SA149S28	SES149	3.14255	-60.7595	-63.9021
BLOCK15/SES158/SA158S13	SES158	1.13893	-63.5486	-64.6875
BLOCK15/SES158/SA158S14	SES158	2.12981	-63.272	-65.4018
BLOCK15/SES158/SA158S23	SES158	1.89814	-62.4935	-64.3917
BLOCK15/SES158/SA158S26	SES158	2.43744	-62.3909	-64.8283
BLOCK15/SES158/SA158S28	SES158	1.28017	-63.5223	-64.8024
BLOCK16/SES162/SA162S10	SES162	1.86712	-65.1818	-67.049
BLOCK16/SES162/SA162S11	SES162	1.92123	-63.5522	-65.4734
BLOCK16/SES162/SA162S21	SES162	2.46967	-63.7607	-66.2304
BLOCK16/SES162/SA162S24	SES162	1.73036	-63.9257	-65.6561
BLOCK16/SES162/SA162S27	SES162	1.94435	-64.2947	-66.2391
BLOCK16/SES167/SA167S14	SES167	1.13245	-62.9806	-64.1131
BLOCK16/SES167/SA167S15	SES167	1.86951	-63.8837	-65.7532
BLOCK16/SES167/SA167S21	SES167	1.81009	-63.0789	-64.8889
BLOCK16/SES167/SA167S25	SES167	2.66886	-63.3901	-66.0589
BLOCK16/SES167/SA167S29	SES167	2.86666	-61.5736	-64.4403
BLOCK17/SES172/SA172S12	SES172	1.93579	-63.2617	-65.1975
BLOCK17/SES172/SA172S13	SES172	2.64422	-64.2797	-66.9239
BLOCK17/SES172/SA172S23	SES172	1.27319	-62.8573	-64.1305
BLOCK17/SES172/SA172S27	SES172	1.35535	-64.1692	-65.5246
BLOCK17/SES172/SA172S29	SES172	2.48398	-62.8371	-65.3211
BLOCK17/SES175/SA175S11	SES175	1.93203	-63.4806	-65.4127
BLOCK17/SES175/SA175S13	SES175	1.59795	-63.2415	-64.8395
BLOCK17/SES175/SA175S23	SES175	2.51825	-62.9022	-65.4205
BLOCK17/SES175/SA175S25	SES175	1.4309	-65.7777	-67.2086
BLOCK17/SES175/SA175S28	SES175	2.1371	-62.913	-65.0501
BLOCK17/SES177/SA177S15	SES177	0.297569	-64.4708	-64.7683
BLOCK17/SES177/SA177S17	SES177	1.0735	-63.7972	-64.8707
BLOCK17/SES177/SA177S23	SES177	0.390434	-64.6913	-65.0817
BLOCK17/SES177/SA177S26	SES177	1.39794	-61.8825	-63.2804
BLOCK17/SES177/SA177S28	SES177	1.02724	-62.8953	-63.9226
BLOCK18/SES180/SA180S13	SES180	1.75869	-64.0618	-65.8205
BLOCK18/SES180/SA180S15	SES180	1.35703	-64.9665	-66.3235
BLOCK18/SES180/SA180S24	SES180	1.23468	-63.5684	-64.8031
BLOCK18/SES180/SA180S26	SES180	1.18941	-63.6512	-64.8407
BLOCK18/SES180/SA180S29	SES180	2.13148	-64.4056	-66.5371
BLOCK18/SES183/SA183S13	SES183	2.07102	-64.5793	-66.6503
BLOCK18/SES183/SA183S14	SES183	1.03044	-65.3893	-66.4197
BLOCK18/SES183/SA183S24	SES183	1.28061	-65.8452	-67.1259
BLOCK18/SES183/SA183S27	SES183	1.70689	-64.21	-65.9169
BLOCK18/SES183/SA183S29	SES183	1.60199	-63.5963	-65.1982
BLOCK18/SES187/SA187S13	SES187	1.34074	-64.397	-65.7377
BLOCK18/SES187/SA187S14	SES187	1.51723	-64.7695	-66.2868
BLOCK18/SES187/SA187S24	SES187	2.30431	-63.258	-65.5623
BLOCK18/SES187/SA187S27	SES187	1.97342	-63.5638	-65.5373
BLOCK18/SES187/SA187S29	SES187	1.63663	-64.1756	-65.8122
BLOCK18/SES189/SA189S10	SES189	3.73869	-66.1855	-69.9242
BLOCK18/SES189/SA189S13	SES189	5.19447	-66.2266	-71.4211
BLOCK18/SES189/SA189S24	SES189	5.5524	-66.3299	-71.8823
BLOCK18/SES189/SA189S26	SES189	2.63529	-65.429	-68.0643
BLOCK18/SES189/SA189S29	SES189	4.41993	-64.7162	-69.1361
BLOCK20/SES202/SA202S12	SES202	2.73103	-64.9259	-67.6569
BLOCK20/SES202/SA202S14	SES202	4.04221	-62.2626	-66.3048
BLOCK20/SES202/SA202S24	SES202	2.55204	-63.5433	-66.0953
BLOCK20/SES202/SA202S27	SES202	2.92125	-61.769	-64.6902
BLOCK20/SES202/SA202S29	SES202	3.22014	-61.6635	-64.8837
BLOCK20/SES206/SA206S15	SES206	0.587654	-62.3169	-62.9046
BLOCK20/SES206/SA206S17	SES206	2.65618	-60.1324	-62.7886
BLOCK20/SES206/SA206S24	SES206	2.25742	-60.3485	-62.6059
BLOCK20/SES206/SA206S27	SES206	2.23734	-60.934	-63.1713
BLOCK20/SES206/SA206S29	SES206	1.81739	-59.6609	-61.4783
BLOCK22/SES226/SA226S12	SES226	1.78548	-62.4565	-64.242
BLOCK22/SES226/SA226S13	SES226	-0.50951	-64.1545	-63.645
BLOCK22/SES226/SA226S20	SES226	1.11	-63.108	-64.218
BLOCK22/SES226/SA226S23	SES226	1.65327	-62.0752	-63.7284
BLOCK22/SES226/SA226S28	SES226	1.90088	-61.6015	-63.5024
BLOCK25/SES259/SA259S13	SES259	4.7879	-59.8022	-64.5901
BLOCK25/SES259/SA259S14	SES259	3.04448	-60.9062	-63.9506
BLOCK25/SES259/SA259S22	SES259	3.17735	-60.8003	-63.9776
BLOCK25/SES259/SA259S24	SES259	3.14919	-59.7144	-62.8636
BLOCK25/SES259/SA259S28	SES259	2.73662	-60.9747	-63.7113
BLOCK27/SES270/SA270S14	SES270	3.03284	-62.2976	-65.3305
BLOCK27/SES270/SA270S16	SES270	1.60225	-63.284	-64.8862
BLOCK27/SES270/SA270S22	SES270	3.312	-61.7081	-65.0201
BLOCK27/SES270/SA270S26	SES270	2.22482	-63.3552	-65.58
BLOCK27/SES270/SA270S28	SES270	2.28024	-62.0675	-64.3478
BLOCK27/SES275/SA275S17	SES275	1.70937	-64.2948	-66.0041
BLOCK27/SES275/SA275S18	SES275	1.70679	-64.4981	-66.2049
BLOCK27/SES275/SA275S24	SES275	1.33814	-65.6481	-66.9862
BLOCK27/SES275/SA275S26	SES275	2.22868	-63.5597	-65.7884
BLOCK27/SES275/SA275S28	SES275	0.690926	-65.1294	-65.8204
BLOCK29/SES292/SA292S10	SES292	0.44545	-64.4533	-64.8988
BLOCK29/SES292/SA292S12	SES292	0.548859	-65.2972	-65.846
BLOCK29/SES292/SA292S22	SES292	2.09599	-62.8799	-64.9758
BLOCK29/SES292/SA292S24	SES292	1.07112	-63.8223	-64.8934
BLOCK29/SES292/SA292S27	SES292	0.405785	-63.9072	-64.313
BLOCK00/SES001/SA001S14	SES062	-1.6109	-68.5225	-66.9116
BLOCK00/SES001/SA001S14	SES082	-2.69069	-69.6023	-66.9116
BLOCK00/SES001/SA001S14	SES106	-5.00819	-71.9198	-66.9116
BLOCK00/SES001/SA001S14	SES206	-5.53868	-72.4503	-66.9116
BLOCK00/SES001/SA001S15	SES062	-2.67574	-66.7929	-64.1171
BLOCK00/SES001/SA001S15	SES104	-3.82143	-67.9385	-64.1171
BLOCK00/SES001/SA001S15	SES106	-4.77092	-68.888	-64.1171
BLOCK00/SES001/SA001S15	SES206	-5.01347	-69.1306	-64.1171
BLOCK00/SES001/SA001S24	SES062	-3.72781	-69.8708	-66.143
BLOCK00/SES001/SA001S24	SES082	-2.59482	-68.7378	-66.143
BLOCK00/SES001/SA001S24	SES087	-5.86978	-72.0128	-66.143
BLOCK00/SES001/SA001S24	SES206	-4.26549	-70.4085	-66.143
BLOCK00/SES001/SA001S27	SES062	-2.46815	-66.5088	-64.0407
BLOCK00/SES001/SA001S27	SES082	-4.13131	-68.172	-64.0407
BLOCK00/SES001/SA001S27	SES087	-5.22375	-69.2644	-64.0407
BLOCK00/SES001/SA001S27	SES206	-4.12556	-68.1662	-64.0407
BLOCK00/SES001/SA001S29	SES062	-2.44266	-68.7398	-66.2971
BLOCK00/SES001/SA001S29	SES082	-2.96043	-69.2576	-66.2971
BLOCK00/SES001/SA001S29	SES158	-2.80762	-69.1048	-66.2971
BLOCK00/SES001/SA001S29	SES206	-5.58135	-71.8785	-66.2971
BLOCK00/SES003/SA003S11	SES002	-3.04437	-67.5223	-64.478
BLOCK00/SES003/SA003S11	SES019	-2.2321	-66.7101	-64.478
BLOCK00/SES003/SA003S11	SES082	-0.847908	-65.3259	-64.478
BLOCK00/SES003/SA003S11	SES125	-2.47885	-66.9568	-64.478
BLOCK00/SES003/SA003S15	SES016	-5.8033	-69.6591	-63.8558
BLOCK00/SES003/SA003S15	SES019	-2.50254	-66.3583	-63.8558
BLOCK00/SES003/SA003S15	SES062	-3.8422	-67.698	-63.8558
BLOCK00/SES003/SA003S15	SES206	-1.56844	-65.4242	-63.8558
BLOCK00/SES003/SA003S22	SES002	-4.10149	-68.7529	-64.6514
BLOCK00/SES003/SA003S22	SES062	-2.7983	-67.4497	-64.6514
BLOCK00/SES003/SA003S22	SES082	-1.00383	-65.6553	-64.6514
BLOCK00/SES003/SA003S22	SES087	-3.27368	-67.9251	-64.6514
BLOCK00/SES003/SA003S25	SES062	-4.31055	-69.93	-65.6194
BLOCK00/SES003/SA003S25	SES082	-0.444427	-66.0638	-65.6194
BLOCK00/SES003/SA003S25	SES087	-4.13985	-69.7592	-65.6194
BLOCK00/SES003/SA003S25	SES206	-3.60015	-69.2196	-65.6194
BLOCK00/SES003/SA003S29	SES002	-3.8207	-69.0175	-65.1968
BLOCK00/SES003/SA003S29	SES062	-3.14838	-68.3452	-65.1968
BLOCK00/SES003/SA003S29	SES082	-0.728027	-65.9248	-65.1968
BLOCK00/SES003/SA003S29	SES087	-2.76948	-67.9663	-65.1968
BLOCK00/SES004/SA004S12	SES083	-1.30391	-67.723	-66.4191
BLOCK00/SES004/SA004S12	SES148	-0.978638	-67.3977	-66.4191
BLOCK00/SES004/SA004S12	SES172	-1.78764	-68.2067	-66.4191
BLOCK00/SES004/SA004S12	SES292	-1.7252	-68.1443	-66.4191
BLOCK00/SES004/SA004S17	SES083	-1.28212	-68.1916	-66.9095
BLOCK00/SES004/SA004S17	SES162	-1.21388	-68.1234	-66.9095
BLOCK00/SES004/SA004S17	SES172	-1.95309	-68.8626	-66.9095
BLOCK00/SES004/SA004S17	SES292	-1.39413	-68.3036	-66.9095
BLOCK00/SES004/SA004S24	SES083	-0.882843	-66.8436	-65.9608
BLOCK00/SES004/SA004S24	SES148	-1.52447	-67.4852	-65.9608
BLOCK00/SES004/SA004S24	SES172	-0.974709	-66.9355	-65.9608
BLOCK00/SES004/SA004S24	SES292	-0.934982	-66.8957	-65.9608
BLOCK00/SES004/SA004S26	SES083	-0.69191	-66.4411	-65.7491
BLOCK00/SES004/SA004S26	SES127	-1.31633	-67.0655	-65.7491
BLOCK00/SES004/SA004S26	SES148	-1.86432	-67.6135	-65.7491
BLOCK00/SES004/SA004S26	SES292	-0.684654	-66.4338	-65.7491
BLOCK00/SES004/SA004S28	SES083	-1.05997	-66.2371	-65.1771
BLOCK00/SES004/SA004S28	SES127	-1.91831	-67.0954	-65.1771
BLOCK00/SES004/SA004S28	SES187	-1.08645	-66.2635	-65.1771
BLOCK00/SES004/SA004S28	SES292	-2.25581	-67.4329	-65.1771
BLOCK00/SES006/SA006S10	SES014	-2.77594	-70.1947	-67.4188
BLOCK00/SES006/SA006S10	SES158	-0.947479	-68.3662	-67.4188
BLOCK00/SES006/SA006S10	SES226	-2.79362	-70.2124	-67.4188
BLOCK00/SES006/SA006S10	SES270	-0.476219	-67.895	-67.4188
BLOCK00/SES006/SA006S11	SES158	-0.906433	-68.1976	-67.2911
BLOCK00/SES006/SA006S11	SES226	-1.92443	-69.2156	-67.2911
BLOCK00/SES006/SA006S11	SES270	-0.696159	-67.9873	-67.2911
BLOCK00/SES006/SA006S11	SES275	-4.19234	-71.4835	-67.2911
BLOCK00/SES006/SA006S23	SES062	-3.35104	-68.5953	-65.2442
BLOCK00/SES006/SA006S23	SES105	-3.2388	-68.483	-65.2442
BLOCK00/SES006/SA006S23	SES158	-1.82107	-67.0653	-65.2442
BLOCK00/SES006/SA006S23	SES275	-3.47744	-68.7217	-65.2442
BLOCK00/SES006/SA006S26	SES104	-2.31969	-67.9949	-65.6752
BLOCK00/SES006/SA006S26	SES158	-0.847076	-66.5223	-65.6752
BLOCK00/SES006/SA006S26	SES270	-1.33866	-67.0139	-65.6752
BLOCK00/SES006/SA006S26	SES275	-4.1675	-69.8427	-65.6752
BLOCK00/SES006/SA006S28	SES007	-3.26746	-70.0289	-66.7615
BLOCK00/SES006/SA006S28	SES105	-3.27182	-70.0333	-66.7615
BLOCK00/SES006/SA006S28	SES158	-1.45036	-68.2118	-66.7615
BLOCK00/SES006/SA006S28	SES275	-3.89223	-70.6537	-66.7615
BLOCK00/SES009/SA009S12	SES083	-1.50535	-66.2524	-64.747
BLOCK00/SES009/SA009S12	SES148	-1.06951	-65.8166	-64.747
BLOCK00/SES009/SA009S12	SES177	-2.63974	-67.3868	-64.747
BLOCK00/SES009/SA009S12	SES292	-0.0755844	-64.8226	-64.747
BLOCK00/SES009/SA009S15	SES007	0.900593	-62.8754	-63.776
BLOCK00/SES009/SA009S15	SES099	-13.9445	-77.7205	-63.776
BLOCK00/SES009/SA009S15	SES148	-1.29879	-65.0748	-63.776
BLOCK00/SES009/SA009S15	SES172	-1.53524	-65.3113	-63.776
BLOCK00/SES009/SA009S24	SES146	-0.817223	-65.195	-64.3778
BLOCK00/SES009/SA009S24	SES148	-0.995407	-65.3732	-64.3778
BLOCK00/SES009/SA009S24	SES177	-2.00286	-66.3807	-64.3778
BLOCK00/SES009/SA009S24	SES292	-0.0755463	-64.4534	-64.3778
BLOCK00/SES009/SA009S26	SES083	-1.21285	-65.8976	-64.6848
BLOCK00/SES009/SA009S26	SES101	-1.1225	-65.8073	-64.6848
BLOCK00/SES009/SA009S26	SES120	-1.01304	-65.6978	-64.6848
BLOCK00/SES009/SA009S26	SES177	-2.66992	-67.3547	-64.6848
BLOCK00/SES009/SA009S29	SES083	-1.02252	-64.8775	-63.855
BLOCK00/SES009/SA009S29	SES101	-1.22458	-65.0796	-63.855
BLOCK00/SES009/SA009S29	SES177	-2.82901	-66.684	-63.855
BLOCK00/SES009/SA009S29	SES292	-0.530781	-64.3858	-63.855
BLOCK01/SES011/SA011S10	SES019	-0.380753	-63.8769	-63.4962
BLOCK01/SES011/SA011S10	SES042	-0.398067	-63.8943	-63.4962
BLOCK01/SES011/SA011S10	SES082	-1.01785	-64.514	-63.4962
BLOCK01/SES011/SA011S10	SES206	-1.22245	-64.7186	-63.4962
BLOCK01/SES011/SA011S11	SES019	-0.858185	-65.6316	-64.7734
BLOCK01/SES011/SA011S11	SES042	-0.880432	-65.6538	-64.7734
BLOCK01/SES011/SA011S11	SES082	-1.25702	-66.0304	-64.7734
BLOCK01/SES011/SA011S11	SES206	-1.13519	-65.9086	-64.7734
BLOCK01/SES011/SA011S22	SES019	-0.29406	-64.7917	-64.4976
BLOCK01/SES011/SA011S22	SES042	-0.560371	-65.058	-64.4976
BLOCK01/SES011/SA011S22	SES082	-0.499809	-64.9974	-64.4976
BLOCK01/SES011/SA011S22	SES206	-1.44986	-65.9475	-64.4976
BLOCK01/SES011/SA011S24	SES019	-0.534882	-64.1339	-63.599
BLOCK01/SES011/SA011S24	SES042	0.0163918	-63.5826	-63.599
BLOCK01/SES011/SA011S24	SES104	-0.942261	-64.5413	-63.599
BLOCK01/SES011/SA011S24	SES206	-1.1	-64.699	-63.599
BLOCK01/SES011/SA011S27	SES082	0.366943	-63.7238	-64.0908
BLOCK01/SES011/SA011S27	SES087	-1.1583	-65.2491	-64.0908
BLOCK01/SES011/SA011S27	SES125	-0.85994	-64.9507	-64.0908
BLOCK01/SES011/SA011S27	SES206	-0.759003	-64.8498	-64.0908
BLOCK01/SES012/SA012S11	SES007	-3.56607	-65.4439	-61.8778
BLOCK01/SES012/SA012S11	SES082	-1.26702	-63.1448	-61.8778
BLOCK01/SES012/SA012S11	SES083	-3.50448	-65.3823	-61.8778
BLOCK01/SES012/SA012S11	SES206	-0.230625	-62.1084	-61.8778
BLOCK01/SES012/SA012S14	SES082	-1.36069	-64.1959	-62.8352
BLOCK01/SES012/SA012S14	SES087	-2.41095	-65.2461	-62.8352
BLOCK01/SES012/SA012S14	SES206	-0.481373	-63.3166	-62.8352
BLOCK01/SES012/SA012S14	SES292	-5.07428	-67.9095	-62.8352
BLOCK01/SES012/SA012S24	SES082	0.252083	-63.518	-63.77
BLOCK01/SES012/SA012S24	SES087	-1.2475	-65.0175	-63.77
BLOCK01/SES012/SA012S24	SES120	-5.10949	-68.8795	-63.77
BLOCK01/SES012/SA012S24	SES206	-0.247196	-64.0172	-63.77
BLOCK01/SES012/SA012S26	SES019	-2.7414	-65.0503	-62.3089
BLOCK01/SES012/SA012S26	SES082	-2.04429	-64.3532	-62.3089
BLOCK01/SES012/SA012S26	SES206	-0.371365	-62.6803	-62.3089
BLOCK01/SES012/SA012S26	SES292	-5.55768	-67.8666	-62.3089
BLOCK01/SES012/SA012S29	SES062	-3.44823	-65.9299	-62.4816
BLOCK01/SES012/SA012S29	SES082	-0.998486	-63.4801	-62.4816
BLOCK01/SES012/SA012S29	SES083	-3.30959	-65.7912	-62.4816
BLOCK01/SES012/SA012S29	SES206	-0.173401	-62.655	-62.4816
BLOCK01/SES013/SA013S16	SES062	-5.51754	-69.2775	-63.76
BLOCK01/SES013/SA013S16	SES106	-0.924824	-64.6848	-63.76
BLOCK01/SES013/SA013S16	SES206	-0.797909	-64.5579	-63.76
BLOCK01/SES013/SA013S16	SES226	-0.968525	-64.7285	-63.76
BLOCK01/SES013/SA013S17	SES062	-5.49913	-67.5731	-62.074
BLOCK01/SES013/SA013S17	SES106	-1.49059	-63.5645	-62.074
BLOCK01/SES013/SA013S17	SES206	-0.0411224	-62.1151	-62.074
BLOCK01/SES013/SA013S17	SES226	-0.610806	-62.6848	-62.074
BLOCK01/SES013/SA013S23	SES104	-1.21187	-64.4355	-63.2236
BLOCK01/SES013/SA013S23	SES106	-1.01786	-64.2415	-63.2236
BLOCK01/SES013/SA013S23	SES206	-1.23157	-64.4552	-63.2236
BLOCK01/SES013/SA013S23	SES270	-0.840652	-64.0643	-63.2236
BLOCK01/SES013/SA013S25	SES042	-1.49023	-64.161	-62.6707
BLOCK01/SES013/SA013S25	SES104	-1.27975	-63.9505	-62.6707
BLOCK01/SES013/SA013S25	SES106	-0.733337	-63.4041	-62.6707
BLOCK01/SES013/SA013S25	SES206	-0.98558	-63.6563	-62.6707
BLOCK01/SES013/SA013S29	SES062	-6.13503	-69.2775	-63.1425
BLOCK01/SES013/SA013S29	SES104	-1.46387	-64.6064	-63.1425
BLOCK01/SES013/SA013S29	SES106	-0.54871	-63.6912	-63.1425
BLOCK01/SES013/SA013S29	SES206	-0.671745	-63.8143	-63.1425
BLOCK02/SES021/SA021S13	SES016	-5.77742	-68.8767	-63.0993
BLOCK02/SES021/SA021S13	SES029	-5.61648	-68.7157	-63.0993
BLOCK02/SES021/SA021S13	SES087	-1.93575	-65.035	-63.0993
BLOCK02/SES021/SA021S13	SES206	-1.22643	-64.3257	-63.0993
BLOCK02/SES021/SA021S15	SES087	-2.11875	-63.7049	-61.5862
BLOCK02/SES021/SA021S15	SES125	-0.790108	-62.3763	-61.5862
BLOCK02/SES021/SA021S15	SES206	-1.27106	-62.8573	-61.5862
BLOCK02/SES021/SA021S15	SES226	-0.592331	-62.1785	-61.5862
BLOCK02/SES021/SA021S23	SES062	-3.98621	-69.018	-65.0318
BLOCK02/SES021/SA021S23	SES087	-2.96506	-67.9969	-65.0318
BLOCK02/SES021/SA021S23	SES206	-2.02637	-67.0582	-65.0318
BLOCK02/SES021/SA021S23	SES226	-0.611557	-65.6434	-65.0318
BLOCK02/SES021/SA021S27	SES002	-3.19653	-66.8278	-63.6313
BLOCK02/SES021/SA021S27	SES016	-5.32069	-68.952	-63.6313
BLOCK02/SES021/SA021S27	SES019	-2.26407	-65.8954	-63.6313
BLOCK02/SES021/SA021S27	SES062	-2.33779	-65.9691	-63.6313
BLOCK02/SES021/SA021S29	SES087	-2.72056	-65.7625	-63.042
BLOCK02/SES021/SA021S29	SES125	-1.56506	-64.607	-63.042
BLOCK02/SES021/SA021S29	SES206	-1.58361	-64.6256	-63.042
BLOCK02/SES021/SA021S29	SES226	-0.592972	-63.6349	-63.042
BLOCK04/SES043/SA043S09	SES083	-2.4146	-68.971	-66.5564
BLOCK04/SES043/SA043S09	SES101	-3.83413	-70.3905	-66.5564
BLOCK04/SES043/SA043S09	SES144	-0.598679	-67.1551	-66.5564
BLOCK04/SES043/SA043S09	SES172	-5.67641	-72.2328	-66.5564
BLOCK04/SES043/SA043S11	SES083	-0.857018	-65.6887	-64.8317
BLOCK04/SES043/SA043S11	SES101	-2.03962	-66.8713	-64.8317
BLOCK04/SES043/SA043S11	SES144	-0.638039	-65.4697	-64.8317
BLOCK04/SES043/SA043S11	SES172	-2.51294	-67.3446	-64.8317
BLOCK04/SES043/SA043S23	SES083	-0.419701	-65.5959	-65.1762
BLOCK04/SES043/SA043S23	SES144	-0.378609	-65.5548	-65.1762
BLOCK04/SES043/SA043S23	SES177	-3.93609	-69.1123	-65.1762
BLOCK04/SES043/SA043S23	SES275	-0.506874	-65.6831	-65.1762
BLOCK04/SES043/SA043S26	SES083	-0.771973	-66.0827	-65.3107
BLOCK04/SES043/SA043S26	SES101	-1.67696	-66.9877	-65.3107
BLOCK04/SES043/SA043S26	SES144	0.0398102	-65.2709	-65.3107
BLOCK04/SES043/SA043S26	SES177	-2.56756	-67.8783	-65.3107
BLOCK04/SES043/SA043S28	SES016	-1.47295	-65.7318	-64.2588
BLOCK04/SES043/SA043S28	SES083	-1.03989	-65.2987	-64.2588
BLOCK04/SES043/SA043S28	SES101	-1.23374	-65.4926	-64.2588
BLOCK04/SES043/SA043S28	SES144	-1.02907	-65.2879	-64.2588
BLOCK04/SES044/SA044S10	SES127	-3.24548	-71.8132	-68.5677
BLOCK04/SES044/SA044S10	SES144	-0.474411	-69.0421	-68.5677
BLOCK04/SES044/SA044S10	SES147	-5.20933	-73.777	-68.5677
BLOCK04/SES044/SA044S10	SES148	-1.95081	-70.5185	-68.5677
BLOCK04/SES044/SA044S11	SES101	-1.48742	-68.837	-67.3496
BLOCK04/SES044/SA044S11	SES144	-0.182915	-67.5325	-67.3496
BLOCK04/SES044/SA044S11	SES147	-3.55295	-70.9025	-67.3496
BLOCK04/SES044/SA044S11	SES177	-2.50405	-69.8536	-67.3496
BLOCK04/SES044/SA044S24	SES007	-2.90228	-69.2429	-66.3406
BLOCK04/SES044/SA044S24	SES101	-1.18446	-67.5251	-66.3406
BLOCK04/SES044/SA044S24	SES147	-6.13239	-72.473	-66.3406
BLOCK04/SES044/SA044S24	SES177	-4.30157	-70.6422	-66.3406
BLOCK04/SES044/SA044S26	SES007	-2.06648	-68.8698	-66.8033
BLOCK04/SES044/SA044S26	SES016	-0.194069	-66.9974	-66.8033
BLOCK04/SES044/SA044S26	SES101	-0.600784	-67.4041	-66.8033
BLOCK04/SES044/SA044S26	SES147	-2.54147	-69.3448	-66.8033
BLOCK04/SES044/SA044S29	SES007	-1.50954	-67.0284	-65.5188
BLOCK04/SES044/SA044S29	SES101	0.148026	-65.3708	-65.5188
BLOCK04/SES044/SA044S29	SES147	-2.65802	-68.1768	-65.5188
BLOCK04/SES044/SA044S29	SES177	-2.49957	-68.0184	-65.5188
BLOCK04/SES046/SA046S13	SES101	-3.8679	-69.9132	-66.0453
BLOCK04/SES046/SA046S13	SES144	-0.780876	-66.8261	-66.0453
BLOCK04/SES046/SA046S13	SES147	-3.25283	-69.2981	-66.0453
BLOCK04/SES046/SA046S13	SES177	-1.52536	-67.5706	-66.0453
BLOCK04/SES046/SA046S15	SES048	-3.14754	-68.4755	-65.328
BLOCK04/SES046/SA046S15	SES083	-1.07641	-66.4044	-65.328
BLOCK04/SES046/SA046S15	SES120	-1.92871	-67.2567	-65.328
BLOCK04/SES046/SA046S15	SES148	-1.15672	-66.4847	-65.328
BLOCK04/SES046/SA046S22	SES101	-0.793892	-66.9054	-66.1115
BLOCK04/SES046/SA046S22	SES144	-0.602356	-66.7139	-66.1115
BLOCK04/SES046/SA046S22	SES147	-2.03896	-68.1505	-66.1115
BLOCK04/SES046/SA046S22	SES172	-3.03536	-69.1469	-66.1115
BLOCK04/SES046/SA046S25	SES083	-1.62728	-66.9877	-65.3604
BLOCK04/SES046/SA046S25	SES127	-1.9577	-67.3181	-65.3604
BLOCK04/SES046/SA046S25	SES144	-1.65401	-67.0144	-65.3604
BLOCK04/SES046/SA046S25	SES148	-1.93266	-67.2931	-65.3604
BLOCK04/SES046/SA046S28	SES007	-2.88667	-69.6363	-66.7496
BLOCK04/SES046/SA046S28	SES105	-2.6219	-69.3715	-66.7496
BLOCK04/SES046/SA046S28	SES147	-3.20515	-69.9547	-66.7496
BLOCK04/SES046/SA046S28	SES148	-1.33134	-68.0809	-66.7496
BLOCK04/SES049/SA049S16	SES104	-1.54478	-65.8182	-64.2734
BLOCK04/SES049/SA049S16	SES106	-1.47491	-65.7483	-64.2734
BLOCK04/SES049/SA049S16	SES120	-4.77364	-69.0471	-64.2734
BLOCK04/SES049/SA049S16	SES206	-1.40985	-65.6833	-64.2734
BLOCK04/SES049/SA049S18	SES099	-1.45924	-66.7633	-65.3041
BLOCK04/SES049/SA049S18	SES104	-1.57788	-66.882	-65.3041
BLOCK04/SES049/SA049S18	SES125	-2.15893	-67.463	-65.3041
BLOCK04/SES049/SA049S18	SES206	-1.90013	-67.2042	-65.3041
BLOCK04/SES049/SA049S25	SES087	-1.5716	-65.8732	-64.3016
BLOCK04/SES049/SA049S25	SES104	-0.00050354	-64.3021	-64.3016
BLOCK04/SES049/SA049S25	SES125	-1.99222	-66.2939	-64.3016
BLOCK04/SES049/SA049S25	SES206	-1.11355	-65.4152	-64.3016
BLOCK04/SES049/SA049S27	SES099	-2.00325	-65.9847	-63.9815
BLOCK04/SES049/SA049S27	SES104	-0.334393	-64.3159	-63.9815
BLOCK04/SES049/SA049S27	SES125	-1.52167	-65.5031	-63.9815
BLOCK04/SES049/SA049S27	SES206	-1.16983	-65.1513	-63.9815
BLOCK04/SES049/SA049S29	SES099	-1.91553	-65.2122	-63.2967
BLOCK04/SES049/SA049S29	SES104	0.243725	-63.053	-63.2967
BLOCK04/SES049/SA049S29	SES125	-1.17603	-64.4727	-63.2967
BLOCK04/SES049/SA049S29	SES206	-0.42934	-63.726	-63.2967
BLOCK06/SES063/SA063S09	SES068	-1.85829	-66.2973	-64.439
BLOCK06/SES063/SA063S09	SES083	-0.229111	-64.6681	-64.439
BLOCK06/SES063/SA063S09	SES177	-1.13543	-65.5744	-64.439
BLOCK06/SES063/SA063S09	SES187	-1.29663	-65.7356	-64.439
BLOCK06/SES063/SA063S10	SES068	-1.45316	-66.8121	-65.3589
BLOCK06/SES063/SA063S10	SES083	-0.199265	-65.5582	-65.3589
BLOCK06/SES063/SA063S10	SES172	0.263748	-65.0952	-65.3589
BLOCK06/SES063/SA063S10	SES187	-1.37753	-66.7365	-65.3589
BLOCK06/SES063/SA063S20	SES068	-3.47866	-68.6521	-65.1735
BLOCK06/SES063/SA063S20	SES083	-0.787369	-65.9608	-65.1735
BLOCK06/SES063/SA063S20	SES172	-1.90488	-67.0783	-65.1735
BLOCK06/SES063/SA063S20	SES187	-0.493233	-65.6667	-65.1735
BLOCK06/SES063/SA063S24	SES029	-2.97756	-67.2165	-64.239
BLOCK06/SES063/SA063S24	SES083	-0.0860138	-64.325	-64.239
BLOCK06/SES063/SA063S24	SES177	-1.02517	-65.2641	-64.239
BLOCK06/SES063/SA063S24	SES189	-1.00035	-65.2393	-64.239
BLOCK06/SES063/SA063S27	SES083	-0.573456	-66.2455	-65.672
BLOCK06/SES063/SA063S27	SES172	-1.08829	-66.7603	-65.672
BLOCK06/SES063/SA063S27	SES187	-1.60542	-67.2775	-65.672
BLOCK06/SES063/SA063S27	SES292	-2.52126	-68.1933	-65.672
BLOCK06/SES067/SA067S12	SES083	-1.63763	-65.8486	-64.211
BLOCK06/SES067/SA067S12	SES172	-4.14276	-68.3538	-64.211
BLOCK06/SES067/SA067S12	SES202	-0.0389862	-64.25	-64.211
BLOCK06/SES067/SA067S12	SES292	-2.01016	-66.2212	-64.211
BLOCK06/SES067/SA067S14	SES085	-1.93678	-65.7122	-63.7754
BLOCK06/SES067/SA067S14	SES177	-1.43288	-65.2083	-63.7754
BLOCK06/SES067/SA067S14	SES183	-2.7804	-66.5558	-63.7754
BLOCK06/SES067/SA067S14	SES202	-0.749619	-64.525	-63.7754
BLOCK06/SES067/SA067S21	SES144	-0.570152	-66.6071	-66.037
BLOCK06/SES067/SA067S21	SES177	-0.998024	-67.035	-66.037
BLOCK06/SES067/SA067S21	SES183	-4.79518	-70.8322	-66.037
BLOCK06/SES067/SA067S21	SES189	-0.182594	-66.2196	-66.037
BLOCK06/SES067/SA067S25	SES085	-0.817856	-65.7469	-64.9291
BLOCK06/SES067/SA067S25	SES177	-1.41048	-66.3395	-64.9291
BLOCK06/SES067/SA067S25	SES183	-1.91045	-66.8395	-64.9291
BLOCK06/SES067/SA067S25	SES202	-0.637665	-65.5667	-64.9291
BLOCK06/SES067/SA067S29	SES085	-1.5918	-66.577	-64.9852
BLOCK06/SES067/SA067S29	SES177	-2.17509	-67.1603	-64.9852
BLOCK06/SES067/SA067S29	SES183	-1.16479	-66.15	-64.9852
BLOCK06/SES067/SA067S29	SES202	-0.154167	-65.1394	-64.9852
BLOCK06/SES069/SA069S12	SES029	-3.59788	-66.9709	-63.373
BLOCK06/SES069/SA069S12	SES082	-0.821163	-64.1942	-63.373
BLOCK06/SES069/SA069S12	SES087	-3.04052	-66.4135	-63.373
BLOCK06/SES069/SA069S12	SES206	-1.79963	-65.1726	-63.373
BLOCK06/SES069/SA069S13	SES029	-4.01217	-67.4269	-63.4147
BLOCK06/SES069/SA069S13	SES087	-3.18713	-66.6018	-63.4147
BLOCK06/SES069/SA069S13	SES206	-2.77627	-66.191	-63.4147
BLOCK06/SES069/SA069S13	SES226	-1.94937	-65.3641	-63.4147
BLOCK06/SES069/SA069S23	SES029	-2.85535	-64.6314	-61.776
BLOCK06/SES069/SA069S23	SES087	-3.36566	-65.1417	-61.776
BLOCK06/SES069/SA069S23	SES206	-2.28484	-64.0609	-61.776
BLOCK06/SES069/SA069S23	SES226	-1.87732	-63.6533	-61.776
BLOCK06/SES069/SA069S25	SES087	-2.61549	-64.7206	-62.1051
BLOCK06/SES069/SA069S25	SES206	-2.22036	-64.3255	-62.1051
BLOCK06/SES069/SA069S25	SES226	-1.56398	-63.6691	-62.1051
BLOCK06/SES069/SA069S25	SES270	-2.04109	-64.1462	-62.1051
BLOCK06/SES069/SA069S27	SES087	-3.13101	-65.6236	-62.4926
BLOCK06/SES069/SA069S27	SES206	-1.36439	-63.857	-62.4926
BLOCK06/SES069/SA069S27	SES226	-0.429554	-62.9222	-62.4926
BLOCK06/SES069/SA069S27	SES270	-2.07254	-64.5651	-62.4926
BLOCK08/SES081/SA081S11	SES060	-1.54877	-66.027	-64.4782
BLOCK08/SES081/SA081S11	SES062	-3.04192	-67.5201	-64.4782
BLOCK08/SES081/SA081S11	SES117	-2.03339	-66.5116	-64.4782
BLOCK08/SES081/SA081S11	SES162	-1.66201	-66.1402	-64.4782
BLOCK08/SES081/SA081S13	SES016	-0.833866	-64.7134	-63.8796
BLOCK08/SES081/SA081S13	SES060	0.104767	-63.7748	-63.8796
BLOCK08/SES081/SA081S13	SES068	-0.0474854	-63.927	-63.8796
BLOCK08/SES081/SA081S13	SES129	-2.09387	-65.9734	-63.8796
BLOCK08/SES081/SA081S24	SES060	-0.305573	-65.2648	-64.9592
BLOCK08/SES081/SA081S24	SES068	-1.21472	-66.174	-64.9592
BLOCK08/SES081/SA081S24	SES117	-1.50458	-66.4638	-64.9592
BLOCK08/SES081/SA081S24	SES275	-2.45788	-67.4171	-64.9592
BLOCK08/SES081/SA081S27	SES007	-2.52921	-67.0498	-64.5206
BLOCK08/SES081/SA081S27	SES060	-1.37128	-65.8919	-64.5206
BLOCK08/SES081/SA081S27	SES117	-0.819321	-65.3399	-64.5206
BLOCK08/SES081/SA081S27	SES275	-2.05851	-66.5791	-64.5206
BLOCK08/SES081/SA081S29	SES007	-1.34617	-65.6846	-64.3384
BLOCK08/SES081/SA081S29	SES060	-0.206985	-64.5454	-64.3384
BLOCK08/SES081/SA081S29	SES117	-1.09329	-65.4317	-64.3384
BLOCK08/SES081/SA081S29	SES275	-2.21423	-66.5527	-64.3384
BLOCK08/SES086/SA086S11	SES029	-5.04469	-70.4296	-65.3849
BLOCK08/SES086/SA086S11	SES082	-2.17912	-67.564	-65.3849
BLOCK08/SES086/SA086S11	SES087	-1.02218	-66.4071	-65.3849
BLOCK08/SES086/SA086S11	SES206	-1.6578	-67.0427	-65.3849
BLOCK08/SES086/SA086S12	SES029	-4.90813	-69.3307	-64.4226
BLOCK08/SES086/SA086S12	SES082	-1.39955	-65.8222	-64.4226
BLOCK08/SES086/SA086S12	SES087	0.469162	-63.9535	-64.4226
BLOCK08/SES086/SA086S12	SES206	-0.839348	-65.262	-64.4226
BLOCK08/SES086/SA086S20	SES029	-4.98427	-67.6785	-62.6942
BLOCK08/SES086/SA086S20	SES082	-1.97647	-64.6707	-62.6942
BLOCK08/SES086/SA086S20	SES087	0.302475	-62.3917	-62.6942
BLOCK08/SES086/SA086S20	SES206	-0.377293	-63.0715	-62.6942
BLOCK08/SES086/SA086S24	SES087	0.326496	-63.9191	-64.2456
BLOCK08/SES086/SA086S24	SES104	-0.703293	-64.9489	-64.2456
BLOCK08/SES086/SA086S24	SES120	-5.03699	-69.2826	-64.2456
BLOCK08/SES086/SA086S24	SES206	-0.0781937	-64.3238	-64.2456
BLOCK08/SES086/SA086S28	SES029	-4.13702	-66.7888	-62.6518
BLOCK08/SES086/SA086S28	SES082	-1.48759	-64.1394	-62.6518
BLOCK08/SES086/SA086S28	SES087	-0.148666	-62.8005	-62.6518
BLOCK08/SES086/SA086S28	SES206	-0.711552	-63.3634	-62.6518
BLOCK08/SES089/SA089S13	SES087	-3.28059	-67.934	-64.6534
BLOCK08/SES089/SA089S13	SES206	-3.30986	-67.9633	-64.6534
BLOCK08/SES089/SA089S13	SES226	-1.69693	-66.3504	-64.6534
BLOCK08/SES089/SA089S13	SES270	-4.25714	-68.9106	-64.6534
BLOCK08/SES089/SA089S14	SES062	-2.76574	-67.1636	-64.3979
BLOCK08/SES089/SA089S14	SES087	-1.85911	-66.257	-64.3979
BLOCK08/SES089/SA089S14	SES206	-1.60018	-65.9981	-64.3979
BLOCK08/SES089/SA089S14	SES226	-0.333794	-64.7317	-64.3979
BLOCK08/SES089/SA089S23	SES087	-3.9632	-69.9111	-65.9479
BLOCK08/SES089/SA089S23	SES206	-3.66705	-69.615	-65.9479
BLOCK08/SES089/SA089S23	SES226	-1.13763	-67.0855	-65.9479
BLOCK08/SES089/SA089S23	SES270	-4.5379	-70.4858	-65.9479
BLOCK08/SES089/SA089S25	SES062	-3.49628	-68.0619	-64.5656
BLOCK08/SES089/SA089S25	SES087	-2.83492	-67.4005	-64.5656
BLOCK08/SES089/SA089S25	SES206	-2.52087	-67.0865	-64.5656
BLOCK08/SES089/SA089S25	SES226	-0.348053	-64.9136	-64.5656
BLOCK08/SES089/SA089S28	SES062	-2.88037	-67.8668	-64.9864
BLOCK08/SES089/SA089S28	SES087	-2.18786	-67.1743	-64.9864
BLOCK08/SES089/SA089S28	SES206	-1.42567	-66.4121	-64.9864
BLOCK08/SES089/SA089S28	SES226	0.324249	-64.6622	-64.9864
BLOCK09/SES097/SA097S11	SES099	-1.084	-65.8348	-64.7508
BLOCK09/SES097/SA097S11	SES125	-1.91968	-66.6704	-64.7508
BLOCK09/SES097/SA097S11	SES206	-1.37524	-66.126	-64.7508
BLOCK09/SES097/SA097S11	SES226	-0.357986	-65.1087	-64.7508
BLOCK09/SES097/SA097S14	SES062	-4.39115	-69.8073	-65.4161
BLOCK09/SES097/SA097S14	SES099	-2.01057	-67.4267	-65.4161
BLOCK09/SES097/SA097S14	SES104	-0.431671	-65.8478	-65.4161
BLOCK09/SES097/SA097S14	SES206	-1.65033	-67.0665	-65.4161
BLOCK09/SES097/SA097S22	SES099	-1.61737	-65.9983	-64.3809
BLOCK09/SES097/SA097S22	SES206	-1.22482	-65.6057	-64.3809
BLOCK09/SES097/SA097S22	SES226	-0.867844	-65.2487	-64.3809
BLOCK09/SES097/SA097S22	SES270	-0.933609	-65.3145	-64.3809
BLOCK09/SES097/SA097S26	SES099	-1.55163	-65.0651	-63.5135
BLOCK09/SES097/SA097S26	SES120	-4.66259	-68.1761	-63.5135
BLOCK09/SES097/SA097S26	SES206	-1.37438	-64.8878	-63.5135
BLOCK09/SES097/SA097S26	SES226	-1.64566	-65.1591	-63.5135
BLOCK09/SES097/SA097S28	SES099	-2.09544	-66.4899	-64.3945
BLOCK09/SES097/SA097S28	SES120	-3.49247	-67.8869	-64.3945
BLOCK09/SES097/SA097S28	SES206	-1.46875	-65.8632	-64.3945
BLOCK09/SES097/SA097S28	SES226	-1.67176	-66.0662	-64.3945
BLOCK09/SES098/SA098S11	SES127	-2.94054	-70.297	-67.3564
BLOCK09/SES098/SA098S11	SES144	-1.08424	-68.4407	-67.3564
BLOCK09/SES098/SA098S11	SES147	0.134148	-67.2223	-67.3564
BLOCK09/SES098/SA098S11	SES148	-3.03035	-70.3868	-67.3564
BLOCK09/SES098/SA098S12	SES127	-6.16402	-74.8857	-68.7216
BLOCK09/SES098/SA098S12	SES144	-1.45345	-70.1751	-68.7216
BLOCK09/SES098/SA098S12	SES147	-1.06087	-69.7825	-68.7216
BLOCK09/SES098/SA098S12	SES189	-0.111427	-68.8331	-68.7216
BLOCK09/SES098/SA098S20	SES127	-5.62196	-72.832	-67.21
BLOCK09/SES098/SA098S20	SES147	-0.545731	-67.7558	-67.21
BLOCK09/SES098/SA098S20	SES148	-4.31796	-71.528	-67.21
BLOCK09/SES098/SA098S20	SES292	-4.27412	-71.4841	-67.21
BLOCK09/SES098/SA098S23	SES127	-2.75477	-69.0247	-66.2699
BLOCK09/SES098/SA098S23	SES147	0.271088	-65.9988	-66.2699
BLOCK09/SES098/SA098S23	SES187	-0.0625305	-66.3325	-66.2699
BLOCK09/SES098/SA098S23	SES292	-3.31728	-69.5872	-66.2699
BLOCK09/SES098/SA098S27	SES127	-3.11705	-70.135	-67.018
BLOCK09/SES098/SA098S27	SES147	-1.5005	-68.5185	-67.018
BLOCK09/SES098/SA098S27	SES148	-4.31338	-71.3313	-67.018
BLOCK09/SES098/SA098S27	SES292	-3.45722	-70.4752	-67.018
BLOCK10/SES102/SA102S13	SES101	-0.241997	-66.3657	-66.1237
BLOCK10/SES102/SA102S13	SES105	-1.27261	-67.3963	-66.1237
BLOCK10/SES102/SA102S13	SES120	-1.88232	-68.006	-66.1237
BLOCK10/SES102/SA102S13	SES158	-10.3902	-76.5139	-66.1237
BLOCK10/SES102/SA102S14	SES007	0.528175	-64.0489	-64.577
BLOCK10/SES102/SA102S14	SES101	0.541611	-64.0354	-64.577
BLOCK10/SES102/SA102S14	SES105	-0.174049	-64.7511	-64.577
BLOCK10/SES102/SA102S14	SES147	-4.8641	-69.4411	-64.577
BLOCK10/SES102/SA102S22	SES007	-1.01326	-65.8354	-64.8221
BLOCK10/SES102/SA102S22	SES101	-0.14241	-64.9645	-64.8221
BLOCK10/SES102/SA102S22	SES105	-0.574188	-65.3963	-64.8221
BLOCK10/SES102/SA102S22	SES158	-5.60925	-70.4314	-64.8221
BLOCK10/SES102/SA102S25	SES007	-0.1465	-65.4488	-65.3023
BLOCK10/SES102/SA102S25	SES101	-0.430794	-65.7331	-65.3023
BLOCK10/SES102/SA102S25	SES105	-0.93499	-66.2373	-65.3023
BLOCK10/SES102/SA102S25	SES147	-5.4323	-70.7346	-65.3023
BLOCK10/SES102/SA102S27	SES007	-0.978638	-66.579	-65.6004
BLOCK10/SES102/SA102S27	SES101	-0.653648	-66.254	-65.6004
BLOCK10/SES102/SA102S27	SES105	-0.883705	-66.4841	-65.6004
BLOCK10/SES102/SA102S27	SES147	-4.21643	-69.8168	-65.6004
BLOCK10/SES103/SA103S14	SES105	-4.68698	-69.6863	-64.9993
BLOCK10/SES103/SA103S14	SES106	-0.834297	-65.8336	-64.9993
BLOCK10/SES103/SA103S14	SES120	-5.05258	-70.0519	-64.9993
BLOCK10/SES103/SA103S14	SES206	-1.41293	-66.4122	-64.9993
BLOCK10/SES103/SA103S15	SES099	-1.3886	-68.138	-66.7494
BLOCK10/SES103/SA103S15	SES101	-5.77016	-72.5195	-66.7494
BLOCK10/SES103/SA103S15	SES104	-1.09937	-67.8487	-66.7494
BLOCK10/SES103/SA103S15	SES125	-1.17255	-67.9219	-66.7494
BLOCK10/SES103/SA103S24	SES104	-1.54626	-65.6756	-64.1293
BLOCK10/SES103/SA103S24	SES125	-2.39901	-66.5283	-64.1293
BLOCK10/SES103/SA103S24	SES148	-4.77707	-68.9064	-64.1293
BLOCK10/SES103/SA103S24	SES158	-1.40779	-65.5371	-64.1293
BLOCK10/SES103/SA103S26	SES104	-1.37187	-67.6071	-66.2352
BLOCK10/SES103/SA103S26	SES106	-1.61009	-67.8453	-66.2352
BLOCK10/SES103/SA103S26	SES125	-1.60957	-67.8448	-66.2352
BLOCK10/SES103/SA103S26	SES148	-4.42007	-70.6553	-66.2352
BLOCK10/SES103/SA103S28	SES104	-2.21516	-69.122	-66.9069
BLOCK10/SES103/SA103S28	SES106	-2.27268	-69.1795	-66.9069
BLOCK10/SES103/SA103S28	SES125	-3.45135	-70.3582	-66.9069
BLOCK10/SES103/SA103S28	SES206	-3.31079	-70.2177	-66.9069
BLOCK12/SES121/SA121S12	SES042	-2.95894	-70.4568	-67.4978
BLOCK12/SES121/SA121S12	SES087	-2.13071	-69.6285	-67.4978
BLOCK12/SES121/SA121S12	SES105	-2.80122	-70.2991	-67.4978
BLOCK12/SES121/SA121S12	SES206	-1.34839	-68.8462	-67.4978
BLOCK12/SES121/SA121S14	SES007	-5.35078	-72.7645	-67.4137
BLOCK12/SES121/SA121S14	SES105	-4.21069	-71.6244	-67.4137
BLOCK12/SES121/SA121S14	SES106	-1.94724	-69.3609	-67.4137
BLOCK12/SES121/SA121S14	SES206	-2.24716	-69.6609	-67.4137
BLOCK12/SES121/SA121S23	SES105	-3.26667	-71.2595	-67.9928
BLOCK12/SES121/SA121S23	SES106	-1.27072	-69.2635	-67.9928
BLOCK12/SES121/SA121S23	SES120	-4.53789	-72.5307	-67.9928
BLOCK12/SES121/SA121S23	SES206	-1.63248	-69.6253	-67.9928
BLOCK12/SES121/SA121S25	SES007	-4.42387	-73.0304	-68.6065
BLOCK12/SES121/SA121S25	SES105	-4.5458	-73.1523	-68.6065
BLOCK12/SES121/SA121S25	SES106	-1.4362	-70.0427	-68.6065
BLOCK12/SES121/SA121S25	SES206	-1.82234	-70.4289	-68.6065
BLOCK12/SES121/SA121S27	SES087	-2.47888	-69.8447	-67.3659
BLOCK12/SES121/SA121S27	SES105	-5.40434	-72.7702	-67.3659
BLOCK12/SES121/SA121S27	SES120	-5.03645	-72.4023	-67.3659
BLOCK12/SES121/SA121S27	SES206	-2.36758	-69.7334	-67.3659
BLOCK12/SES124/SA124S16	SES042	-0.499352	-66.1672	-65.6678
BLOCK12/SES124/SA124S16	SES082	-0.305489	-65.9733	-65.6678
BLOCK12/SES124/SA124S16	SES183	-5.94528	-71.6131	-65.6678
BLOCK12/SES124/SA124S16	SES206	-1.34796	-67.0158	-65.6678
BLOCK12/SES124/SA124S17	SES105	-3.20024	-70.7277	-67.5275
BLOCK12/SES124/SA124S17	SES149	-1.37154	-68.899	-67.5275
BLOCK12/SES124/SA124S17	SES158	-2.08307	-69.6105	-67.5275
BLOCK12/SES124/SA124S17	SES275	-3.4011	-70.9286	-67.5275
BLOCK12/SES124/SA124S23	SES105	-3.73354	-66.808	-63.0745
BLOCK12/SES124/SA124S23	SES125	0.685787	-62.3887	-63.0745
BLOCK12/SES124/SA124S23	SES129	-4.34101	-67.4155	-63.0745
BLOCK12/SES124/SA124S23	SES158	-0.492683	-63.5672	-63.0745
BLOCK12/SES124/SA124S26	SES105	-4.93855	-69.6424	-64.7038
BLOCK12/SES124/SA124S26	SES125	0.509209	-64.1946	-64.7038
BLOCK12/SES124/SA124S26	SES129	-4.16993	-68.8737	-64.7038
BLOCK12/SES124/SA124S26	SES158	-1.06987	-65.7737	-64.7038
BLOCK12/SES124/SA124S28	SES104	-0.568806	-64.498	-63.9292
BLOCK12/SES124/SA124S28	SES106	-0.616314	-64.5455	-63.9292
BLOCK12/SES124/SA124S28	SES125	0.264603	-63.6646	-63.9292
BLOCK12/SES124/SA124S28	SES275	-4.95736	-68.8866	-63.9292
BLOCK12/SES126/SA126S13	SES007	-1.81873	-69.9972	-68.1785
BLOCK12/SES126/SA126S13	SES162	-1.09351	-69.272	-68.1785
BLOCK12/SES126/SA126S13	SES177	-1.31087	-69.4894	-68.1785
BLOCK12/SES126/SA126S13	SES180	-1.86759	-70.0461	-68.1785
BLOCK12/SES126/SA126S14	SES144	-0.946114	-66.6796	-65.7335
BLOCK12/SES126/SA126S14	SES148	-1.91122	-67.6448	-65.7335
BLOCK12/SES126/SA126S14	SES177	-0.514923	-66.2485	-65.7335
BLOCK12/SES126/SA126S14	SES180	-1.20649	-66.94	-65.7335
BLOCK12/SES126/SA126S20	SES007	-3.0776	-69.6537	-66.5761
BLOCK12/SES126/SA126S20	SES162	-2.54776	-69.1239	-66.5761
BLOCK12/SES126/SA126S20	SES172	-6.06822	-72.6443	-66.5761
BLOCK12/SES126/SA126S20	SES180	-2.53561	-69.1117	-66.5761
BLOCK12/SES126/SA126S24	SES120	-0.676643	-66.627	-65.9504
BLOCK12/SES126/SA126S24	SES162	-0.90789	-66.8583	-65.9504
BLOCK12/SES126/SA126S24	SES177	-1.08791	-67.0383	-65.9504
BLOCK12/SES126/SA126S24	SES180	-0.224648	-66.175	-65.9504
BLOCK12/SES126/SA126S26	SES120	-0.157738	-66.6897	-66.532
BLOCK12/SES126/SA126S26	SES177	-1.0297	-67.5617	-66.532
BLOCK12/SES126/SA126S26	SES180	-0.957268	-67.4892	-66.532
BLOCK12/SES126/SA126S26	SES202	-2.71304	-69.245	-66.532
BLOCK12/SES128/SA128S10	SES087	-3.01806	-67.6326	-64.6145
BLOCK12/SES128/SA128S10	SES206	-1.77132	-66.3858	-64.6145
BLOCK12/SES128/SA128S10	SES226	-0.928047	-65.5426	-64.6145
BLOCK12/SES128/SA128S10	SES270	-1.53285	-66.1474	-64.6145
BLOCK12/SES128/SA128S12	SES120	-3.45621	-68.5414	-65.0852
BLOCK12/SES128/SA128S12	SES158	-1.46339	-66.5486	-65.0852
BLOCK12/SES128/SA128S12	SES206	-1.32713	-66.4123	-65.0852
BLOCK12/SES128/SA128S12	SES226	-1.22401	-66.3092	-65.0852
BLOCK12/SES128/SA128S21	SES106	-4.03448	-69.6742	-65.6398
BLOCK12/SES128/SA128S21	SES120	-2.72201	-68.3618	-65.6398
BLOCK12/SES128/SA128S21	SES206	-3.99327	-69.633	-65.6398
BLOCK12/SES128/SA128S21	SES226	-1.988	-67.6278	-65.6398
BLOCK12/SES128/SA128S24	SES087	-4.37192	-70.6451	-66.2732
BLOCK12/SES128/SA128S24	SES120	-1.90739	-68.1805	-66.2732
BLOCK12/SES128/SA128S24	SES206	-3.32269	-69.5958	-66.2732
BLOCK12/SES128/SA128S24	SES226	-1.95573	-68.2289	-66.2732
BLOCK12/SES128/SA128S27	SES099	-3.64989	-68.1547	-64.5048
BLOCK12/SES128/SA128S27	SES120	-2.89275	-67.3976	-64.5048
BLOCK12/SES128/SA128S27	SES206	-2.58073	-67.0856	-64.5048
BLOCK12/SES128/SA128S27	SES226	-1.4102	-65.915	-64.5048
BLOCK13/SES130/SA130S13	SES143	-4.75442	-71.8584	-67.1039
BLOCK13/SES130/SA130S13	SES144	0.0205841	-67.0834	-67.1039
BLOCK13/SES130/SA130S13	SES146	-1.03338	-68.1373	-67.1039
BLOCK13/SES130/SA130S13	SES275	-3.50217	-70.6061	-67.1039
BLOCK13/SES130/SA130S15	SES143	-2.30402	-67.9745	-65.6704
BLOCK13/SES130/SA130S15	SES144	0.0458603	-65.6246	-65.6704
BLOCK13/SES130/SA130S15	SES146	-0.655045	-66.3255	-65.6704
BLOCK13/SES130/SA130S15	SES275	-1.10261	-66.773	-65.6704
BLOCK13/SES130/SA130S23	SES127	-3.5862	-70.8928	-67.3066
BLOCK13/SES130/SA130S23	SES144	-0.316216	-67.6228	-67.3066
BLOCK13/SES130/SA130S23	SES146	-0.588326	-67.8949	-67.3066
BLOCK13/SES130/SA130S23	SES162	-2.07375	-69.3803	-67.3066
BLOCK13/SES130/SA130S25	SES127	-2.76036	-68.7581	-65.9977
BLOCK13/SES130/SA130S25	SES144	0.0101776	-65.9876	-65.9977
BLOCK13/SES130/SA130S25	SES146	-0.572144	-66.5699	-65.9977
BLOCK13/SES130/SA130S25	SES275	-0.53022	-66.528	-65.9977
BLOCK13/SES130/SA130S28	SES127	-1.68219	-67.9048	-66.2226
BLOCK13/SES130/SA130S28	SES144	-0.0821686	-66.3048	-66.2226
BLOCK13/SES130/SA130S28	SES146	-0.931076	-67.1537	-66.2226
BLOCK13/SES130/SA130S28	SES275	-0.447334	-66.6699	-66.2226
BLOCK13/SES131/SA131S13	SES002	-2.78382	-70.2019	-67.4181
BLOCK13/SES131/SA131S13	SES007	-5.07438	-72.4925	-67.4181
BLOCK13/SES131/SA131S13	SES099	-2.52046	-69.9386	-67.4181
BLOCK13/SES131/SA131S13	SES105	-3.28716	-70.7052	-67.4181
BLOCK13/SES131/SA131S14	SES104	-0.84108	-66.1999	-65.3588
BLOCK13/SES131/SA131S14	SES106	-0.6922	-66.051	-65.3588
BLOCK13/SES131/SA131S14	SES125	-1.52881	-66.8876	-65.3588
BLOCK13/SES131/SA131S14	SES148	-2.60105	-67.9599	-65.3588
BLOCK13/SES131/SA131S20	SES104	-1.42783	-67.9261	-66.4983
BLOCK13/SES131/SA131S20	SES106	-0.979782	-67.4781	-66.4983
BLOCK13/SES131/SA131S20	SES125	-1.88863	-68.3869	-66.4983
BLOCK13/SES131/SA131S20	SES148	-4.10535	-70.6036	-66.4983
BLOCK13/SES131/SA131S22	SES099	-1.87846	-67.5547	-65.6763
BLOCK13/SES131/SA131S22	SES104	-1.593	-67.2693	-65.6763
BLOCK13/SES131/SA131S22	SES125	-1.86794	-67.5442	-65.6763
BLOCK13/SES131/SA131S22	SES206	-2.09761	-67.7739	-65.6763
BLOCK13/SES131/SA131S29	SES087	-1.2549	-68.0777	-66.8228
BLOCK13/SES131/SA131S29	SES104	-1.89166	-68.7144	-66.8228
BLOCK13/SES131/SA131S29	SES125	-1.75706	-68.5798	-66.8228
BLOCK13/SES131/SA131S29	SES206	-1.57385	-68.3966	-66.8228
BLOCK13/SES132/SA132S11	SES083	-2.38039	-67.3569	-64.9765
BLOCK13/SES132/SA132S11	SES120	0.205109	-64.7714	-64.9765
BLOCK13/SES132/SA132S11	SES127	-1.46414	-66.4406	-64.9765
BLOCK13/SES132/SA132S11	SES275	-1.74416	-66.7206	-64.9765
BLOCK13/SES132/SA132S12	SES083	-1.48737	-66.2321	-64.7448
BLOCK13/SES132/SA132S12	SES143	-1.34332	-66.0881	-64.7448
BLOCK13/SES132/SA132S12	SES144	-0.735695	-65.4805	-64.7448
BLOCK13/SES132/SA132S12	SES148	-1.06563	-65.8104	-64.7448
BLOCK13/SES132/SA132S22	SES062	-1.03394	-65.7942	-64.7603
BLOCK13/SES132/SA132S22	SES083	-0.723244	-65.4835	-64.7603
BLOCK13/SES132/SA132S22	SES127	-0.944183	-65.7045	-64.7603
BLOCK13/SES132/SA132S22	SES275	-1.18601	-65.9463	-64.7603
BLOCK13/SES132/SA132S24	SES007	-0.713348	-65.181	-64.4676
BLOCK13/SES132/SA132S24	SES083	-1.18463	-65.6523	-64.4676
BLOCK13/SES132/SA132S24	SES127	-0.941544	-65.4092	-64.4676
BLOCK13/SES132/SA132S24	SES275	-1.58316	-66.0508	-64.4676
BLOCK13/SES132/SA132S27	SES083	-1.66946	-67.2603	-65.5909
BLOCK13/SES132/SA132S27	SES120	-0.161819	-65.7527	-65.5909
BLOCK13/SES132/SA132S27	SES127	-2.03008	-67.621	-65.5909
BLOCK13/SES132/SA132S27	SES275	-1.94499	-67.5359	-65.5909
BLOCK14/SES141/SA141S09	SES143	-0.250427	-66.4131	-66.1627
BLOCK14/SES141/SA141S09	SES144	-0.350212	-66.5129	-66.1627
BLOCK14/SES141/SA141S09	SES162	-0.56205	-66.7247	-66.1627
BLOCK14/SES141/SA141S09	SES180	-0.650269	-66.8129	-66.1627
BLOCK14/SES141/SA141S15	SES127	-1.61284	-67.6142	-66.0014
BLOCK14/SES141/SA141S15	SES144	-0.747078	-66.7485	-66.0014
BLOCK14/SES141/SA141S15	SES162	-0.694962	-66.6964	-66.0014
BLOCK14/SES141/SA141S15	SES180	-1.00115	-67.0025	-66.0014
BLOCK14/SES141/SA141S24	SES127	-0.721352	-66.3523	-65.631
BLOCK14/SES141/SA141S24	SES144	-1.20023	-66.8312	-65.631
BLOCK14/SES141/SA141S24	SES162	0.397171	-65.2338	-65.631
BLOCK14/SES141/SA141S24	SES183	-1.39966	-67.0306	-65.631
BLOCK14/SES141/SA141S26	SES142	-2.67477	-68.7882	-66.1134
BLOCK14/SES141/SA141S26	SES144	-0.984245	-67.0976	-66.1134
BLOCK14/SES141/SA141S26	SES172	-1.9408	-68.0542	-66.1134
BLOCK14/SES141/SA141S26	SES180	-0.239166	-66.3526	-66.1134
BLOCK14/SES141/SA141S29	SES127	-0.266296	-65.6888	-65.4225
BLOCK14/SES141/SA141S29	SES142	-0.535957	-65.9584	-65.4225
BLOCK14/SES141/SA141S29	SES144	-0.827988	-66.2504	-65.4225
BLOCK14/SES141/SA141S29	SES180	-0.244896	-65.6674	-65.4225
BLOCK15/SES157/SA157S08	SES083	-2.11802	-67.8637	-65.7456
BLOCK15/SES157/SA157S08	SES127	-2.12217	-67.8678	-65.7456
BLOCK15/SES157/SA157S08	SES148	-0.7892	-66.5348	-65.7456
BLOCK15/SES157/SA157S08	SES292	-1.66193	-67.4076	-65.7456
BLOCK15/SES157/SA157S11	SES083	-1.70837	-66.9493	-65.2409
BLOCK15/SES157/SA157S11	SES127	-3.15926	-68.4002	-65.2409
BLOCK15/SES157/SA157S11	SES148	-1.32494	-66.5658	-65.2409
BLOCK15/SES157/SA157S11	SES292	-1.58586	-66.8268	-65.2409
BLOCK15/SES157/SA157S21	SES127	-3.09483	-68.3899	-65.2951
BLOCK15/SES157/SA157S21	SES148	-0.638145	-65.9333	-65.2951
BLOCK15/SES157/SA157S21	SES158	-6.2393	-71.5344	-65.2951
BLOCK15/SES157/SA157S21	SES292	-0.586708	-65.8818	-65.2951
BLOCK15/SES157/SA157S24	SES127	-3.07071	-68.0267	-64.956
BLOCK15/SES157/SA157S24	SES148	-0.623093	-65.5791	-64.956
BLOCK15/SES157/SA157S24	SES183	-1.57665	-66.5326	-64.956
BLOCK15/SES157/SA157S24	SES292	-0.841156	-65.7971	-64.956
BLOCK15/SES157/SA157S26	SES007	-0.567764	-65.839	-65.2713
BLOCK15/SES157/SA157S26	SES127	-1.45526	-66.7265	-65.2713
BLOCK15/SES157/SA157S26	SES147	-5.22459	-70.4959	-65.2713
BLOCK15/SES157/SA157S26	SES148	-0.623726	-65.895	-65.2713
BLOCK16/SES161/SA161S10	SES007	-3.21155	-70.3814	-67.1699
BLOCK16/SES161/SA161S10	SES105	-1.72472	-68.8946	-67.1699
BLOCK16/SES161/SA161S10	SES158	-3.30133	-70.4712	-67.1699
BLOCK16/SES161/SA161S10	SES275	-1.81851	-68.9884	-67.1699
BLOCK16/SES161/SA161S12	SES007	-2.49298	-68.7869	-66.294
BLOCK16/SES161/SA161S12	SES105	-2.57388	-68.8679	-66.294
BLOCK16/SES161/SA161S12	SES158	-2.07751	-68.3715	-66.294
BLOCK16/SES161/SA161S12	SES275	-1.44765	-67.7416	-66.294
BLOCK16/SES161/SA161S20	SES007	-3.1975	-71.5007	-68.3032
BLOCK16/SES161/SA161S20	SES105	-2.40114	-70.7043	-68.3032
BLOCK16/SES161/SA161S20	SES158	-2.65938	-70.9625	-68.3032
BLOCK16/SES161/SA161S20	SES275	-2.00577	-70.3089	-68.3032
BLOCK16/SES161/SA161S23	SES007	-3.05683	-69.2177	-66.1609
BLOCK16/SES161/SA161S23	SES105	-2.07435	-68.2352	-66.1609
BLOCK16/SES161/SA161S23	SES148	-3.39851	-69.5594	-66.1609
BLOCK16/SES161/SA161S23	SES158	-2.08746	-68.2484	-66.1609
BLOCK16/SES161/SA161S28	SES007	-3.42181	-69.7763	-66.3545
BLOCK16/SES161/SA161S28	SES105	-3.29221	-69.6467	-66.3545
BLOCK16/SES161/SA161S28	SES158	-1.577	-67.9315	-66.3545
BLOCK16/SES161/SA161S28	SES206	-2.29035	-68.6449	-66.3545
BLOCK16/SES164/SA164S11	SES104	-1.70958	-64.9988	-63.2893
BLOCK16/SES164/SA164S11	SES125	-0.837135	-64.1264	-63.2893
BLOCK16/SES164/SA164S11	SES158	-0.617317	-63.9066	-63.2893
BLOCK16/SES164/SA164S11	SES206	-1.19187	-64.4811	-63.2893
BLOCK16/SES164/SA164S13	SES099	-0.863831	-66.1141	-65.2503
BLOCK16/SES164/SA164S13	SES104	-1.88301	-67.1333	-65.2503
BLOCK16/SES164/SA164S13	SES125	-2.00084	-67.2511	-65.2503
BLOCK16/SES164/SA164S13	SES206	-1.11727	-66.3675	-65.2503
BLOCK16/SES164/SA164S24	SES002	0.433533	-64.115	-64.5486
BLOCK16/SES164/SA164S24	SES099	-0.532394	-65.081	-64.5486
BLOCK16/SES164/SA164S24	SES125	-2.04565	-66.5942	-64.5486
BLOCK16/SES164/SA164S24	SES226	-1.12837	-65.6769	-64.5486
BLOCK16/SES164/SA164S27	SES087	-1.31528	-66.1752	-64.8599
BLOCK16/SES164/SA164S27	SES125	-1.63526	-66.4951	-64.8599
BLOCK16/SES164/SA164S27	SES206	-0.970436	-65.8303	-64.8599
BLOCK16/SES164/SA164S27	SES226	-1.55453	-66.4144	-64.8599
BLOCK16/SES164/SA164S29	SES002	-0.0229187	-63.8427	-63.8198
BLOCK16/SES164/SA164S29	SES019	-1.70733	-65.5272	-63.8198
BLOCK16/SES164/SA164S29	SES125	-1.55517	-65.375	-63.8198
BLOCK16/SES164/SA164S29	SES226	-1.49166	-65.3115	-63.8198
BLOCK16/SES169/SA169S13	SES117	-1.89959	-68.3337	-66.4341
BLOCK16/SES169/SA169S13	SES144	-0.276474	-66.7106	-66.4341
BLOCK16/SES169/SA169S13	SES146	-0.546425	-66.9806	-66.4341
BLOCK16/SES169/SA169S13	SES162	-1.88615	-68.3203	-66.4341
BLOCK16/SES169/SA169S14	SES144	-0.459465	-64.9714	-64.5119
BLOCK16/SES169/SA169S14	SES148	-0.909134	-65.4211	-64.5119
BLOCK16/SES169/SA169S14	SES177	-2.1004	-66.6123	-64.5119
BLOCK16/SES169/SA169S14	SES180	-3.94721	-68.4591	-64.5119
BLOCK16/SES169/SA169S24	SES117	-1.33808	-68.0492	-66.7112
BLOCK16/SES169/SA169S24	SES144	-0.149216	-66.8604	-66.7112
BLOCK16/SES169/SA169S24	SES146	-0.582169	-67.2933	-66.7112
BLOCK16/SES169/SA169S24	SES162	-1.57865	-68.2898	-66.7112
BLOCK16/SES169/SA169S27	SES127	-1.60077	-68.044	-66.4433
BLOCK16/SES169/SA169S27	SES129	-1.51683	-67.9601	-66.4433
BLOCK16/SES169/SA169S27	SES144	-1.10206	-67.5453	-66.4433
BLOCK16/SES169/SA169S27	SES146	-0.214401	-66.6577	-66.4433
BLOCK16/SES169/SA169S29	SES144	-0.162239	-65.7967	-65.6345
BLOCK16/SES169/SA169S29	SES162	-1.2499	-66.8844	-65.6345
BLOCK16/SES169/SA169S29	SES177	-2.68829	-68.3228	-65.6345
BLOCK16/SES169/SA169S29	SES180	-2.05675	-67.6912	-65.6345
BLOCK17/SES171/SA171S12	SES083	-1.544	-67.7076	-66.1637
BLOCK17/SES171/SA171S12	SES148	-1.61942	-67.7831	-66.1637
BLOCK17/SES171/SA171S12	SES172	-2.47584	-68.6395	-66.1637
BLOCK17/SES171/SA171S12	SES292	-2.19173	-68.3554	-66.1637
BLOCK17/SES171/SA171S15	SES148	-2.02617	-68.5243	-66.4981
BLOCK17/SES171/SA171S15	SES177	-1.70847	-68.2066	-66.4981
BLOCK17/SES171/SA171S15	SES180	-4.95871	-71.4568	-66.4981
BLOCK17/SES171/SA171S15	SES292	-3.6512	-70.1493	-66.4981
BLOCK17/SES171/SA171S22	SES007	-1.53927	-65.9663	-64.427
BLOCK17/SES171/SA171S22	SES148	-1.43259	-65.8596	-64.427
BLOCK17/SES171/SA171S22	SES177	-0.573929	-65.001	-64.427
BLOCK17/SES171/SA171S22	SES180	-2.24586	-66.6729	-64.427
BLOCK17/SES171/SA171S25	SES101	-3.37096	-70.366	-66.995
BLOCK17/SES171/SA171S25	SES120	-4.15077	-71.1458	-66.995
BLOCK17/SES171/SA171S25	SES177	-1.08003	-68.075	-66.995
BLOCK17/SES171/SA171S25	SES180	-3.65755	-70.6526	-66.995
BLOCK17/SES171/SA171S27	SES177	-0.521347	-66.3262	-65.8048
BLOCK17/SES171/SA171S27	SES180	-2.78855	-68.5934	-65.8048
BLOCK17/SES171/SA171S27	SES189	-0.730682	-66.5355	-65.8048
BLOCK17/SES171/SA171S27	SES292	-3.09836	-68.9032	-65.8048
BLOCK17/SES173/SA173S13	SES162	-3.8732	-70.7698	-66.8966
BLOCK17/SES173/SA173S13	SES177	-2.3218	-69.2184	-66.8966
BLOCK17/SES173/SA173S13	SES180	-2.83199	-69.7286	-66.8966
BLOCK17/SES173/SA173S13	SES292	-3.06445	-69.9611	-66.8966
BLOCK17/SES173/SA173S14	SES007	-3.52632	-71.0851	-67.5587
BLOCK17/SES173/SA173S14	SES162	-2.84831	-70.4071	-67.5587
BLOCK17/SES173/SA173S14	SES177	-1.4408	-68.9995	-67.5587
BLOCK17/SES173/SA173S14	SES180	-2.85911	-70.4178	-67.5587
BLOCK17/SES173/SA173S24	SES144	-0.961472	-68.9475	-67.986
BLOCK17/SES173/SA173S24	SES162	-2.99866	-70.9847	-67.986
BLOCK17/SES173/SA173S24	SES177	-1.9467	-69.9327	-67.986
BLOCK17/SES173/SA173S24	SES180	-2.59991	-70.5859	-67.986
BLOCK17/SES173/SA173S27	SES162	-4.77146	-71.6469	-66.8755
BLOCK17/SES173/SA173S27	SES177	-1.24994	-68.1254	-66.8755
BLOCK17/SES173/SA173S27	SES180	-2.81113	-69.6866	-66.8755
BLOCK17/SES173/SA173S27	SES292	-3.89372	-70.7692	-66.8755
BLOCK17/SES173/SA173S29	SES162	-2.10661	-69.4005	-67.2939
BLOCK17/SES173/SA173S29	SES175	-0.172348	-67.4663	-67.2939
BLOCK17/SES173/SA173S29	SES177	-1.04324	-68.3372	-67.2939
BLOCK17/SES173/SA173S29	SES292	-3.29701	-70.591	-67.2939
BLOCK18/SES182/SA182S10	SES144	-0.839348	-66.5932	-65.7538
BLOCK18/SES182/SA182S10	SES177	-0.987144	-66.741	-65.7538
BLOCK18/SES182/SA182S10	SES180	-2.29773	-68.0516	-65.7538
BLOCK18/SES182/SA182S10	SES275	-0.923431	-66.6773	-65.7538
BLOCK18/SES182/SA182S12	SES144	-0.209694	-65.3286	-65.1189
BLOCK18/SES182/SA182S12	SES177	-1.15829	-66.2772	-65.1189
BLOCK18/SES182/SA182S12	SES180	-1.70432	-66.8232	-65.1189
BLOCK18/SES182/SA182S12	SES275	-1.89457	-67.0135	-65.1189
BLOCK18/SES182/SA182S21	SES117	-0.530518	-67.1243	-66.5938
BLOCK18/SES182/SA182S21	SES144	-1.23775	-67.8315	-66.5938
BLOCK18/SES182/SA182S21	SES162	-0.830727	-67.4245	-66.5938
BLOCK18/SES182/SA182S21	SES180	-1.40923	-68.003	-66.5938
BLOCK18/SES182/SA182S23	SES117	-0.674759	-66.5163	-65.8416
BLOCK18/SES182/SA182S23	SES144	-1.56293	-67.4045	-65.8416
BLOCK18/SES182/SA182S23	SES180	-1.65819	-67.4998	-65.8416
BLOCK18/SES182/SA182S23	SES275	-2.25922	-68.1008	-65.8416
BLOCK18/SES182/SA182S25	SES007	-0.938713	-66.9311	-65.9924
BLOCK18/SES182/SA182S25	SES162	-0.437866	-66.4302	-65.9924
BLOCK18/SES182/SA182S25	SES177	-0.400261	-66.3926	-65.9924
BLOCK18/SES182/SA182S25	SES180	-1.23961	-67.232	-65.9924
BLOCK18/SES184/SA184S12	SES177	-0.719574	-67.3381	-66.6186
BLOCK18/SES184/SA184S12	SES180	-0.888718	-67.5073	-66.6186
BLOCK18/SES184/SA184S12	SES189	-2.74045	-69.359	-66.6186
BLOCK18/SES184/SA184S12	SES292	-0.793175	-67.4117	-66.6186
BLOCK18/SES184/SA184S13	SES101	-1.10823	-67.4447	-66.3365
BLOCK18/SES184/SA184S13	SES177	-1.42117	-67.7577	-66.3365
BLOCK18/SES184/SA184S13	SES180	-2.08701	-68.4235	-66.3365
BLOCK18/SES184/SA184S13	SES292	-1.29269	-67.6292	-66.3365
BLOCK18/SES184/SA184S22	SES177	-1.12599	-66.7106	-65.5846
BLOCK18/SES184/SA184S22	SES180	-1.47176	-67.0563	-65.5846
BLOCK18/SES184/SA184S22	SES189	-2.70748	-68.292	-65.5846
BLOCK18/SES184/SA184S22	SES292	-1.72277	-67.3073	-65.5846
BLOCK18/SES184/SA184S25	SES101	-0.657768	-64.9045	-64.2468
BLOCK18/SES184/SA184S25	SES177	-1.46727	-65.714	-64.2468
BLOCK18/SES184/SA184S25	SES180	-1.91776	-66.1645	-64.2468
BLOCK18/SES184/SA184S25	SES292	-0.643051	-64.8898	-64.2468
BLOCK18/SES184/SA184S27	SES083	-1.09978	-66.702	-65.6022
BLOCK18/SES184/SA184S27	SES177	-0.850296	-66.4525	-65.6022
BLOCK18/SES184/SA184S27	SES202	-3.52059	-69.1228	-65.6022
BLOCK18/SES184/SA184S27	SES292	-1.18382	-66.786	-65.6022
BLOCK20/SES204/SA204S12	SES062	-3.1819	-66.772	-63.5901
BLOCK20/SES204/SA204S12	SES083	-3.04033	-66.6305	-63.5901
BLOCK20/SES204/SA204S12	SES206	-0.830212	-64.4203	-63.5901
BLOCK20/SES204/SA204S12	SES226	-1.47445	-65.0646	-63.5901
BLOCK20/SES204/SA204S14	SES068	-4.73064	-67.6666	-62.9359
BLOCK20/SES204/SA204S14	SES087	-1.88002	-64.8159	-62.9359
BLOCK20/SES204/SA204S14	SES206	-2.16725	-65.1032	-62.9359
BLOCK20/SES204/SA204S14	SES226	-1.72546	-64.6614	-62.9359
BLOCK20/SES204/SA204S22	SES068	-5.03616	-68.1889	-63.1528
BLOCK20/SES204/SA204S22	SES082	-2.49319	-65.646	-63.1528
BLOCK20/SES204/SA204S22	SES083	-4.0997	-67.2525	-63.1528
BLOCK20/SES204/SA204S22	SES206	-1.36919	-64.522	-63.1528
BLOCK20/SES204/SA204S25	SES062	-4.96598	-68.5055	-63.5395
BLOCK20/SES204/SA204S25	SES083	-3.98034	-67.5199	-63.5395
BLOCK20/SES204/SA204S25	SES206	-0.624653	-64.1642	-63.5395
BLOCK20/SES204/SA204S25	SES226	-1.56222	-65.1017	-63.5395
BLOCK20/SES204/SA204S27	SES068	-5.1424	-69.2438	-64.1014
BLOCK20/SES204/SA204S27	SES082	-1.74288	-65.8442	-64.1014
BLOCK20/SES204/SA204S27	SES087	-0.720528	-64.8219	-64.1014
BLOCK20/SES204/SA204S27	SES206	-0.79998	-64.9013	-64.1014
BLOCK20/SES207/SA207S10	SES127	-0.724991	-66.1915	-65.4665
BLOCK20/SES207/SA207S10	SES183	-1.52106	-66.9875	-65.4665
BLOCK20/SES207/SA207S10	SES189	-1.27673	-66.7432	-65.4665
BLOCK20/SES207/SA207S10	SES292	-1.45836	-66.9248	-65.4665
BLOCK20/SES207/SA207S11	SES127	-2.94039	-68.3547	-65.4143
BLOCK20/SES207/SA207S11	SES183	-2.16826	-67.5826	-65.4143
BLOCK20/SES207/SA207S11	SES187	-1.14407	-66.5584	-65.4143
BLOCK20/SES207/SA207S11	SES292	-1.33395	-66.7483	-65.4143
BLOCK20/SES207/SA207S25	SES068	-2.01114	-68.1517	-66.1405
BLOCK20/SES207/SA207S25	SES083	-1.75091	-67.8914	-66.1405
BLOCK20/SES207/SA207S25	SES127	-1.70354	-67.8441	-66.1405
BLOCK20/SES207/SA207S25	SES187	-0.762482	-66.903	-66.1405
BLOCK20/SES207/SA207S27	SES127	-1.29366	-67.7576	-66.464
BLOCK20/SES207/SA207S27	SES183	-1.01054	-67.4745	-66.464
BLOCK20/SES207/SA207S27	SES187	-0.530251	-66.9942	-66.464
BLOCK20/SES207/SA207S27	SES292	-1.67281	-68.1368	-66.464
BLOCK20/SES207/SA207S29	SES083	-1.96298	-66.8818	-64.9188
BLOCK20/SES207/SA207S29	SES085	-0.611031	-65.5298	-64.9188
BLOCK20/SES207/SA207S29	SES172	-3.12104	-68.0398	-64.9188
BLOCK20/SES207/SA207S29	SES189	-1.84347	-66.7622	-64.9188
BLOCK22/SES221/SA221S12	SES068	-2.85735	-68.3084	-65.451
BLOCK22/SES221/SA221S12	SES143	-1.66342	-67.1145	-65.451
BLOCK22/SES221/SA221S12	SES175	-0.984642	-66.4357	-65.451
BLOCK22/SES221/SA221S12	SES202	-1.2812	-66.7323	-65.451
BLOCK22/SES221/SA221S15	SES085	-5.60391	-72.7646	-67.1607
BLOCK22/SES221/SA221S15	SES143	-2.24381	-69.4045	-67.1607
BLOCK22/SES221/SA221S15	SES175	-2.47346	-69.6342	-67.1607
BLOCK22/SES221/SA221S15	SES187	-1.3432	-68.5039	-67.1607
BLOCK22/SES221/SA221S23	SES068	-3.39687	-69.364	-65.9671
BLOCK22/SES221/SA221S23	SES143	-2.34389	-68.311	-65.9671
BLOCK22/SES221/SA221S23	SES175	-1.03732	-67.0045	-65.9671
BLOCK22/SES221/SA221S23	SES189	0.675339	-65.2918	-65.9671
BLOCK22/SES221/SA221S27	SES085	-5.3688	-71.2235	-65.8547
BLOCK22/SES221/SA221S27	SES143	-1.25636	-67.1111	-65.8547
BLOCK22/SES221/SA221S27	SES175	-1.03387	-66.8886	-65.8547
BLOCK22/SES221/SA221S27	SES189	1.22649	-64.6282	-65.8547
BLOCK22/SES221/SA221S29	SES085	-8.37551	-76.9998	-68.6243
BLOCK22/SES221/SA221S29	SES143	-2.56878	-71.1931	-68.6243
BLOCK22/SES221/SA221S29	SES175	-3.0462	-71.6705	-68.6243
BLOCK22/SES221/SA221S29	SES187	-0.245735	-68.87	-68.6243
BLOCK22/SES223/SA223S11	SES143	-0.976151	-67.993	-67.0169
BLOCK22/SES223/SA223S11	SES144	-1.86904	-68.8859	-67.0169
BLOCK22/SES223/SA223S11	SES175	-0.558121	-67.575	-67.0169
BLOCK22/SES223/SA223S11	SES187	-1.28294	-68.2998	-67.0169
BLOCK22/SES223/SA223S13	SES068	-2.56426	-70.6961	-68.1319
BLOCK22/SES223/SA223S13	SES143	-1.73533	-69.8672	-68.1319
BLOCK22/SES223/SA223S13	SES146	-3.31138	-71.4432	-68.1319
BLOCK22/SES223/SA223S13	SES202	-2.70349	-70.8354	-68.1319
BLOCK22/SES223/SA223S22	SES143	-0.945374	-67.684	-66.7387
BLOCK22/SES223/SA223S22	SES144	-2.09132	-68.83	-66.7387
BLOCK22/SES223/SA223S22	SES175	-1.64539	-68.3841	-66.7387
BLOCK22/SES223/SA223S22	SES187	-1.03757	-67.7762	-66.7387
BLOCK22/SES223/SA223S25	SES068	-2.61924	-69.5483	-66.929
BLOCK22/SES223/SA223S25	SES143	-1.72033	-68.6494	-66.929
BLOCK22/SES223/SA223S25	SES175	-1.21026	-68.1393	-66.929
BLOCK22/SES223/SA223S25	SES187	-0.903351	-67.8324	-66.929
BLOCK22/SES223/SA223S27	SES143	-0.695831	-67.9126	-67.2168
BLOCK22/SES223/SA223S27	SES146	-1.17587	-68.3927	-67.2168
BLOCK22/SES223/SA223S27	SES187	-0.95858	-68.1754	-67.2168
BLOCK22/SES223/SA223S27	SES292	-2.50399	-69.7208	-67.2168
BLOCK27/SES273/SA273S12	SES099	-1.66058	-63.5263	-61.8657
BLOCK27/SES273/SA273S12	SES104	0.186184	-61.6795	-61.8657
BLOCK27/SES273/SA273S12	SES125	-1.0699	-62.9356	-61.8657
BLOCK27/SES273/SA273S12	SES206	0.215759	-61.6499	-61.8657
BLOCK27/SES273/SA273S13	SES099	-1.37299	-63.1787	-61.8057
BLOCK27/SES273/SA273S13	SES104	-0.103664	-61.9093	-61.8057
BLOCK27/SES273/SA273S13	SES206	-0.466034	-62.2717	-61.8057
BLOCK27/SES273/SA273S13	SES292	-5.04325	-66.8489	-61.8057
BLOCK27/SES273/SA273S21	SES099	-0.856873	-62.5092	-61.6523
BLOCK27/SES273/SA273S21	SES148	-4.62988	-66.2822	-61.6523
BLOCK27/SES273/SA273S21	SES149	-1.19089	-62.8432	-61.6523
BLOCK27/SES273/SA273S21	SES177	-6.52452	-68.1769	-61.6523
BLOCK27/SES273/SA273S25	SES104	-0.306095	-61.9997	-61.6936
BLOCK27/SES273/SA273S25	SES125	-0.933567	-62.6271	-61.6936
BLOCK27/SES273/SA273S25	SES158	-0.594025	-62.2876	-61.6936
BLOCK27/SES273/SA273S25	SES206	0.586857	-61.1067	-61.6936
BLOCK27/SES273/SA273S27	SES099	-0.501198	-63.2743	-62.7731
BLOCK27/SES273/SA273S27	SES104	-0.400803	-63.1739	-62.7731
BLOCK27/SES273/SA273S27	SES149	-0.721581	-63.4946	-62.7731
BLOCK27/SES273/SA273S27	SES275	-2.59822	-65.3713	-62.7731
BLOCK27/SES274/SA274S10	SES105	-2.94378	-66.7531	-63.8093
BLOCK27/SES274/SA274S10	SES125	-1.02285	-64.8321	-63.8093
BLOCK27/SES274/SA274S10	SES129	-2.01214	-65.8214	-63.8093
BLOCK27/SES274/SA274S10	SES158	-1.75179	-65.5611	-63.8093
BLOCK27/SES274/SA274S11	SES105	-3.31638	-67.6982	-64.3819
BLOCK27/SES274/SA274S11	SES149	-1.31625	-65.6981	-64.3819
BLOCK27/SES274/SA274S11	SES158	-1.72276	-66.1046	-64.3819
BLOCK27/SES274/SA274S11	SES275	-3.30275	-67.6846	-64.3819
BLOCK27/SES274/SA274S21	SES105	-3.40362	-67.5132	-64.1095
BLOCK27/SES274/SA274S21	SES129	-2.34519	-66.4547	-64.1095
BLOCK27/SES274/SA274S21	SES149	-1.22073	-65.3303	-64.1095
BLOCK27/SES274/SA274S21	SES158	-2.29792	-66.4075	-64.1095
BLOCK27/SES274/SA274S24	SES105	-3.93463	-67.0691	-63.1345
BLOCK27/SES274/SA274S24	SES129	-3.31656	-66.4511	-63.1345
BLOCK27/SES274/SA274S24	SES149	-1.50344	-64.638	-63.1345
BLOCK27/SES274/SA274S24	SES158	-2.71628	-65.8508	-63.1345
BLOCK27/SES274/SA274S29	SES105	-3.31475	-67.3501	-64.0353
BLOCK27/SES274/SA274S29	SES106	-1.21944	-65.2548	-64.0353
BLOCK27/SES274/SA274S29	SES120	-3.41196	-67.4473	-64.0353
BLOCK27/SES274/SA274S29	SES275	-3.05586	-67.0912	-64.0353
BLOCK27/SES276/SA276S16	SES148	-1.1096	-67.4724	-66.3628
BLOCK27/SES276/SA276S16	SES172	-2.50068	-68.8634	-66.3628
BLOCK27/SES276/SA276S16	SES180	-3.30296	-69.6657	-66.3628
BLOCK27/SES276/SA276S16	SES292	-0.254715	-66.6175	-66.3628
BLOCK27/SES276/SA276S17	SES101	-1.56063	-67.3898	-65.8292
BLOCK27/SES276/SA276S17	SES177	-2.1853	-68.0145	-65.8292
BLOCK27/SES276/SA276S17	SES180	-2.57378	-68.403	-65.8292
BLOCK27/SES276/SA276S17	SES292	-1.45894	-67.2881	-65.8292
BLOCK27/SES276/SA276S24	SES101	-0.37529	-65.2257	-64.8505
BLOCK27/SES276/SA276S24	SES177	-1.96273	-66.8132	-64.8505
BLOCK27/SES276/SA276S24	SES180	-2.4935	-67.344	-64.8505
BLOCK27/SES276/SA276S24	SES292	-1.54495	-66.3954	-64.8505
BLOCK27/SES276/SA276S26	SES101	-1.39429	-66.3676	-64.9733
BLOCK27/SES276/SA276S26	SES177	-1.31237	-66.2856	-64.9733
BLOCK27/SES276/SA276S26	SES180	-1.28505	-66.2583	-64.9733
BLOCK27/SES276/SA276S26	SES292	-0.784309	-65.7576	-64.9733
BLOCK27/SES276/SA276S28	SES101	-1.78113	-67.0912	-65.3101
BLOCK27/SES276/SA276S28	SES177	-1.78746	-67.0976	-65.3101
BLOCK27/SES276/SA276S28	SES180	-2.08457	-67.3947	-65.3101
BLOCK27/SES276/SA276S28	SES292	-0.787369	-66.0975	-65.3101
BLOCK27/SES277/SA277S12	SES101	-1.37388	-68.6036	-67.2297
BLOCK27/SES277/SA277S12	SES177	-2.52487	-69.7546	-67.2297
BLOCK27/SES277/SA277S12	SES180	-2.20494	-69.4347	-67.2297
BLOCK27/SES277/SA277S12	SES292	-3.13126	-70.361	-67.2297
BLOCK27/SES277/SA277S14	SES177	-1.19913	-68.1831	-66.984
BLOCK27/SES277/SA277S14	SES180	-1.93598	-68.92	-66.984
BLOCK27/SES277/SA277S14	SES189	-0.255066	-67.2391	-66.984
BLOCK27/SES277/SA277S14	SES292	-3.1168	-70.1008	-66.984
BLOCK27/SES277/SA277S21	SES177	-0.272469	-65.9257	-65.6532
BLOCK27/SES277/SA277S21	SES180	-2.6115	-68.2647	-65.6532
BLOCK27/SES277/SA277S21	SES189	-1.66928	-67.3225	-65.6532
BLOCK27/SES277/SA277S21	SES292	-2.73221	-68.3855	-65.6532
BLOCK27/SES277/SA277S24	SES144	-1.00213	-68.0477	-67.0456
BLOCK27/SES277/SA277S24	SES177	-1.44176	-68.4874	-67.0456
BLOCK27/SES277/SA277S24	SES180	-3.68387	-70.7295	-67.0456
BLOCK27/SES277/SA277S24	SES189	-1.10777	-68.1534	-67.0456
BLOCK27/SES277/SA277S29	SES177	-0.907982	-65.6086	-64.7007
BLOCK27/SES277/SA277S29	SES180	-2.00471	-66.7054	-64.7007
BLOCK27/SES277/SA277S29	SES202	-2.47287	-67.1735	-64.7007
BLOCK27/SES277/SA277S29	SES292	-2.1263	-66.827	-64.7007
BLOCK27/SES279/SA279S09	SES120	-2.00277	-66.472	-64.4692
BLOCK27/SES279/SA279S09	SES146	-1.71207	-66.1813	-64.4692
BLOCK27/SES279/SA279S09	SES206	-2.51354	-66.9828	-64.4692
BLOCK27/SES279/SA279S09	SES226	-2.84623	-67.3155	-64.4692
BLOCK27/SES279/SA279S10	SES099	-3.29039	-67.9599	-64.6695
BLOCK27/SES279/SA279S10	SES206	-1.89773	-66.5672	-64.6695
BLOCK27/SES279/SA279S10	SES226	-2.04033	-66.7098	-64.6695
BLOCK27/SES279/SA279S10	SES292	-1.55734	-66.2269	-64.6695
BLOCK27/SES279/SA279S20	SES099	-4.21582	-69.6056	-65.3898
BLOCK27/SES279/SA279S20	SES206	-2.24593	-67.6357	-65.3898
BLOCK27/SES279/SA279S20	SES226	-2.06573	-67.4555	-65.3898
BLOCK27/SES279/SA279S20	SES292	-0.801064	-66.1909	-65.3898
BLOCK27/SES279/SA279S26	SES099	-3.22999	-68.6559	-65.4259
BLOCK27/SES279/SA279S26	SES206	-1.49617	-66.922	-65.4259
BLOCK27/SES279/SA279S26	SES226	-1.6254	-67.0513	-65.4259
BLOCK27/SES279/SA279S26	SES292	-1.48908	-66.9149	-65.4259
BLOCK27/SES279/SA279S28	SES099	-4.08896	-67.5637	-63.4747
BLOCK27/SES279/SA279S28	SES120	-1.85048	-65.3252	-63.4747
BLOCK27/SES279/SA279S28	SES177	-5.24686	-68.7216	-63.4747
BLOCK27/SES279/SA279S28	SES206	-2.5831	-66.0578	-63.4747
BLOCK29/SES290/SA290S12	SES162	-2.51662	-67.7848	-65.2681
BLOCK29/SES290/SA290S12	SES177	-1.13675	-66.4049	-65.2681
BLOCK29/SES290/SA290S12	SES180	-3.18777	-68.4559	-65.2681
BLOCK29/SES290/SA290S12	SES292	-1.88146	-67.1496	-65.2681
BLOCK29/SES290/SA290S13	SES007	-3.89639	-70.2951	-66.3987
BLOCK29/SES290/SA290S13	SES162	-2.54918	-68.9479	-66.3987
BLOCK29/SES290/SA290S13	SES177	-0.733643	-67.1324	-66.3987
BLOCK29/SES290/SA290S13	SES180	-2.15344	-68.5522	-66.3987
BLOCK29/SES290/SA290S22	SES177	-0.607834	-66.1801	-65.5723
BLOCK29/SES290/SA290S22	SES180	-1.00942	-66.5817	-65.5723
BLOCK29/SES290/SA290S22	SES202	-1.14266	-66.715	-65.5723
BLOCK29/SES290/SA290S22	SES292	-2.49488	-68.0672	-65.5723
BLOCK29/SES290/SA290S25	SES162	-1.86984	-67.3958	-65.5259
BLOCK29/SES290/SA290S25	SES177	-1.27212	-66.7981	-65.5259
BLOCK29/SES290/SA290S25	SES180	-2.01414	-67.5401	-65.5259
BLOCK29/SES290/SA290S25	SES292	-1.84645	-67.3724	-65.5259
BLOCK29/SES290/SA290S29	SES177	0.0494461	-64.9502	-64.9997
BLOCK29/SES290/SA290S29	SES180	-0.0653534	-65.065	-64.9997
BLOCK29/SES290/SA290S29	SES275	-2.23788	-67.2376	-64.9997
BLOCK29/SES290/SA290S29	SES292	-1.63611	-66.6358	-64.9997
BLOCK29/SES291/SA291S11	SES105	-3.65136	-68.8018	-65.1505
BLOCK29/SES291/SA291S11	SES125	-0.784256	-65.9347	-65.1505
BLOCK29/SES291/SA291S11	SES158	-0.925537	-66.076	-65.1505
BLOCK29/SES291/SA291S11	SES275	-4.41107	-69.5616	-65.1505
BLOCK29/SES291/SA291S12	SES158	-0.344318	-63.583	-63.2387
BLOCK29/SES291/SA291S12	SES226	-1.94444	-65.1832	-63.2387
BLOCK29/SES291/SA291S12	SES270	0.203232	-63.0355	-63.2387
BLOCK29/SES291/SA291S12	SES275	-5.45354	-68.6923	-63.2387
BLOCK29/SES291/SA291S22	SES082	-1.3178	-65.0227	-63.7049
BLOCK29/SES291/SA291S22	SES158	-1.19983	-64.9047	-63.7049
BLOCK29/SES291/SA291S22	SES259	-1.63384	-65.3387	-63.7049
BLOCK29/SES291/SA291S22	SES275	-4.18569	-67.8906	-63.7049
BLOCK29/SES291/SA291S24	SES104	-0.234005	-63.0123	-62.7783
BLOCK29/SES291/SA291S24	SES125	-0.404305	-63.1826	-62.7783
BLOCK29/SES291/SA291S24	SES158	-0.515591	-63.2939	-62.7783
BLOCK29/SES291/SA291S24	SES275	-5.1314	-67.9097	-62.7783
BLOCK29/SES291/SA291S27	SES158	0.140419	-63.3779	-63.5184
BLOCK29/SES291/SA291S27	SES172	-5.64782	-69.1662	-63.5184
BLOCK29/SES291/SA291S27	SES275	-4.85686	-68.3752	-63.5184
BLOCK29/SES291/SA291S27	SES292	-4.8684	-68.3868	-63.5184
