BLOCK00/SES002/SA002S12	SES002	0.811226	-3.51774	-4.32897
BLOCK00/SES002/SA002S13	SES002	1.73746	-2.89477	-4.63223
BLOCK00/SES002/SA002S23	SES002	0.048707	-5.04067	-5.08938
BLOCK00/SES002/SA002S26	SES002	1.23299	-7.74248	-8.97547
BLOCK00/SES002/SA002S28	SES002	-0.579018	-7.21614	-6.63712
BLOCK00/SES007/SA007S14	SES007	0.539746	-3.4849	-4.02465
BLOCK00/SES007/SA007S15	SES007	0.531272	-4.19471	-4.72598
BLOCK00/SES007/SA007S24	SES007	0.789568	-3.02565	-3.81522
BLOCK00/SES007/SA007S27	SES007	-0.281211	-6.06675	-5.78554
BLOCK00/SES007/SA007S29	SES007	0.287838	-2.13351	-2.42135
BLOCK00/SES008/SA008S11	SES008	0.868868	-0.0473325	-0.916201
BLOCK00/SES008/SA008S12	SES008	0.481282	-0.890392	-1.37167
BLOCK00/SES008/SA008S19	SES008	1.70146	-0.570679	-2.27214
BLOCK00/SES008/SA008S22	SES008	0.647825	-2.50178	-3.14961
BLOCK00/SES008/SA008S29	SES008	0.988844	-0.0449402	-1.03378
BLOCK01/SES014/SA014S10	SES014	-0.189465	-3.26927	-3.07981
BLOCK01/SES014/SA014S12	SES014	1.92744	-1.29128	-3.21872
BLOCK01/SES014/SA014S24	SES014	1.66649	-1.92931	-3.5958
BLOCK01/SES014/SA014S26	SES014	1.38355	-3.08677	-4.47032
BLOCK01/SES014/SA014S28	SES014	2.95916	1.84268	-1.11648
BLOCK01/SES016/SA016S12	SES016	0.68863	-5.9115	-6.60013
BLOCK01/SES016/SA016S13	SES016	1.08525	-4.95634	-6.04158
BLOCK01/SES016/SA016S22	SES016	0.752134	-5.07629	-5.82842
BLOCK01/SES016/SA016S25	SES016	1.45166	-3.79321	-5.24487
BLOCK01/SES016/SA016S27	SES016	1.63579	-7.74702	-9.38281
BLOCK01/SES019/SA019S13	SES019	2.19736	-4.54681	-6.74417
BLOCK01/SES019/SA019S14	SES019	1.39332	-3.39727	-4.79059
BLOCK01/SES019/SA019S22	SES019	2.55291	-2.51839	-5.0713
BLOCK01/SES019/SA019S25	SES019	1.26386	-5.19207	-6.45593
BLOCK01/SES019/SA019S29	SES019	2.49307	-5.43504	-7.92812
BLOCK02/SES029/SA029S11	SES029	0.794856	-2.52886	-3.32372
BLOCK02/SES029/SA029S12	SES029	-0.280847	-4.7273	-4.44645
BLOCK02/SES029/SA029S20	SES029	0.824881	-1.47757	-2.30245
BLOCK02/SES029/SA029S25	SES029	-0.28056	-4.46635	-4.18579
BLOCK02/SES029/SA029S28	SES029	-0.0598836	-4.26629	-4.2064
BLOCK04/SES042/SA042S12	SES042	1.41251	-4.61307	-6.02558
BLOCK04/SES042/SA042S15	SES042	1.90887	-5.4181	-7.32697
BLOCK04/SES042/SA042S22	SES042	4.23846	-10.7255	-14.964
BLOCK04/SES042/SA042S25	SES042	1.58883	-7.21798	-8.80681
BLOCK04/SES042/SA042S27	SES042	2.45641	-9.51216	-11.9686
BLOCK04/SES048/SA048S11	SES048	0.833043	-1.94742	-2.78047
BLOCK04/SES048/SA048S12	SES048	0.332317	-5.11489	-5.44721
BLOCK04/SES048/SA048S20	SES048	1.1421	-3.63126	-4.77336
BLOCK04/SES048/SA048S23	SES048	1.19722	-1.01853	-2.21575
BLOCK04/SES048/SA048S27	SES048	-0.109835	-4.81247	-4.70263
BLOCK06/SES060/SA060S11	SES060	1.27561	-5.88144	-7.15705
BLOCK06/SES060/SA060S12	SES060	1.00266	-8.1455	-9.14817
BLOCK06/SES060/SA060S22	SES060	-0.626575	-6.43196	-5.80539
BLOCK06/SES060/SA060S24	SES060	0.993806	-1.60583	-2.59963
BLOCK06/SES060/SA060S28	SES060	1.19578	-1.28548	-2.48126
BLOCK06/SES062/SA062S10	SES062	-0.469787	-4.91442	-4.44463
BLOCK06/SES062/SA062S11	SES062	1.25184	-5.85137	-7.10322
BLOCK06/SES062/SA062S21	SES062	0.439736	0.0373621	-0.402374
BLOCK06/SES062/SA062S26	SES062	0.526608	-3.37207	-3.89868
BLOCK06/SES062/SA062S29	SES062	1.26521	-0.854221	-2.11943
BLOCK06/SES068/SA068S14	SES068	0.0868058	-3.43724	-3.52404
BLOCK06/SES068/SA068S15	SES068	1.15918	-3.21891	-4.37809
BLOCK06/SES068/SA068S23	SES068	-0.0173831	-5.18129	-5.16391
BLOCK06/SES068/SA068S27	SES068	1.60567	-3.63624	-5.24191
BLOCK06/SES068/SA068S29	SES068	0.56973	-4.61899	-5.18872
BLOCK08/SES082/SA082S12	SES082	-0.565082	-3.42723	-2.86215
BLOCK08/SES082/SA082S14	SES082	0.690472	-2.07791	-2.76838
BLOCK08/SES082/SA082S21	SES082	0.0802332	-1.40368	-1.48392
BLOCK08/SES082/SA082S24	SES082	-0.285523	-4.69908	-4.41355
BLOCK08/SES082/SA082S28	SES082	0.280504	-5.2636	-5.5441
BLOCK08/SES083/SA083S14	SES083	-0.209209	-2.12066	-1.91145
BLOCK08/SES083/SA083S15	SES083	0.101218	-4.96593	-5.06715
BLOCK08/SES083/SA083S24	SES083	-0.249433	-3.77744	-3.52801
BLOCK08/SES083/SA083S26	SES083	0.277466	-6.0004	-6.27787
BLOCK08/SES083/SA083S29	SES083	-0.128416	-5.2546	-5.12619
BLOCK08/SES085/SA085S10	SES085	1.12283	-1.17677	-2.2996
BLOCK08/SES085/SA085S13	SES085	0.440735	-5.87503	-6.31576
BLOCK08/SES085/SA085S22	SES085	1.49373	-2.45137	-3.9451
BLOCK08/SES085/SA085S26	SES085	1.11502	-7.28011	-8.39513
BLOCK08/SES085/SA085S28	SES085	0.535144	-2.6461	-3.18125
BLOCK08/SES087/SA087S15	SES087	0.753342	-3.1975	-3.95084
BLOCK08/SES087/SA087S16	SES087	2.01714	-1.27457	-3.29171
BLOCK08/SES087/SA087S24	SES087	0.571975	-8.54185	-9.11382
BLOCK08/SES087/SA087S26	SES087	0.634976	-3.72197	-4.35694
BLOCK08/SES087/SA087S29	SES087	1.05124	-0.294217	-1.34546
BLOCK09/SES099/SA099S15	SES099	1.68608	-3.8797	-5.56578
BLOCK09/SES099/SA099S16	SES099	1.09736	0.378073	-0.719288
BLOCK09/SES099/SA099S24	SES099	0.9293	-1.957	-2.8863
BLOCK09/SES099/SA099S26	SES099	1.11874	-3.32144	-4.44018
BLOCK09/SES099/SA099S29	SES099	1.20619	-4.215	-5.42119
BLOCK10/SES101/SA101S11	SES101	0.0693445	-3.79626	-3.8656
BLOCK10/SES101/SA101S13	SES101	0.645523	0.589397	-0.0561263
BLOCK10/SES101/SA101S22	SES101	0.96441	-3.28993	-4.25434
BLOCK10/SES101/SA101S24	SES101	0.376766	-3.38877	-3.76553
BLOCK10/SES101/SA101S28	SES101	0.833724	-3.16456	-3.99829
BLOCK10/SES104/SA104S11	SES104	1.24769	-1.44337	-2.69106
BLOCK10/SES104/SA104S12	SES104	0.609013	-2.67791	-3.28692
BLOCK10/SES104/SA104S21	SES104	0.809648	-2.98328	-3.79293
BLOCK10/SES104/SA104S24	SES104	-0.501998	-7.45725	-6.95526
BLOCK10/SES104/SA104S28	SES104	0.10374	-6.16776	-6.2715
BLOCK10/SES105/SA105S12	SES105	0.922817	-4.61653	-5.53935
BLOCK10/SES105/SA105S13	SES105	0.0109715	-5.90019	-5.91117
BLOCK10/SES105/SA105S22	SES105	0.469657	-5.09954	-5.5692
BLOCK10/SES105/SA105S26	SES105	0.78522	-5.23531	-6.02053
BLOCK10/SES105/SA105S29	SES105	1.08198	-2.02694	-3.10892
BLOCK10/SES106/SA106S09	SES106	0.34886	-7.76864	-8.1175
BLOCK10/SES106/SA106S11	SES106	1.42135	-3.56787	-4.98922
BLOCK10/SES106/SA106S22	SES106	2.31876	-6.99704	-9.3158
BLOCK10/SES106/SA106S27	SES106	1.35834	-2.82787	-4.18622
BLOCK10/SES106/SA106S29	SES106	0.708195	-3.81771	-4.52591
BLOCK11/SES117/SA117S12	SES117	-0.818862	-5.48612	-4.66725
BLOCK11/SES117/SA117S13	SES117	0.122826	-2.67745	-2.80028
BLOCK11/SES117/SA117S23	SES117	1.57124	-6.91816	-8.4894
BLOCK11/SES117/SA117S25	SES117	1.26748	-3.58863	-4.85611
BLOCK11/SES117/SA117S28	SES117	1.62478	-6.76984	-8.39462
BLOCK12/SES120/SA120S08	SES120	0.146246	-7.71292	-7.85916
BLOCK12/SES120/SA120S11	SES120	0.506866	-12.7803	-13.2872
BLOCK12/SES120/SA120S22	SES120	0.636741	-4.1749	-4.81164
BLOCK12/SES120/SA120S24	SES120	-0.492715	-10.727	-10.2343
BLOCK12/SES120/SA120S28	SES120	0.0297027	-7.42113	-7.45084
BLOCK12/SES125/SA125S13	SES125	1.00279	-7.42201	-8.42481
BLOCK12/SES125/SA125S14	SES125	0.704545	-8.00207	-8.70661
BLOCK12/SES125/SA125S25	SES125	1.43716	-4.28817	-5.72533
BLOCK12/SES125/SA125S27	SES125	0.926223	-5.49091	-6.41713
BLOCK12/SES125/SA125S29	SES125	0.89075	-3.42945	-4.3202
BLOCK12/SES127/SA127S11	SES127	1.15442	-2.47448	-3.6289
BLOCK12/SES127/SA127S12	SES127	0.991638	1.14764	0.156001
BLOCK12/SES127/SA127S23	SES127	0.635433	-0.97415	-1.60958
BLOCK12/SES127/SA127S25	SES127	0.138741	-0.777454	-0.916195
BLOCK12/SES127/SA127S27	SES127	0.855214	-1.52036	-2.37558
BLOCK12/SES129/SA129S11	SES129	0.615435	-0.0193286	-0.634764
BLOCK12/SES129/SA129S12	SES129	0.819394	-1.00713	-1.82652
BLOCK12/SES129/SA129S22	SES129	0.90268	-0.435287	-1.33797
BLOCK12/SES129/SA129S27	SES129	1.3397	-0.637536	-1.97724
BLOCK12/SES129/SA129S29	SES129	0.378171	-7.56622	-7.94439
BLOCK14/SES142/SA142S11	SES142	1.78559	-1.82317	-3.60876
BLOCK14/SES142/SA142S12	SES142	0.987247	-7.33829	-8.32553
BLOCK14/SES142/SA142S24	SES142	1.57399	-6.02688	-7.60087
BLOCK14/SES142/SA142S27	SES142	0.926295	-5.35524	-6.28153
BLOCK14/SES142/SA142S29	SES142	0.370137	-6.51004	-6.88018
BLOCK14/SES143/SA143S12	SES143	0.627809	-3.41663	-4.04444
BLOCK14/SES143/SA143S13	SES143	1.1225	-2.54918	-3.67168
BLOCK14/SES143/SA143S23	SES143	0.873057	-3.47832	-4.35137
BLOCK14/SES143/SA143S25	SES143	0.416842	-7.53274	-7.94958
BLOCK14/SES143/SA143S28	SES143	0.58138	-5.90344	-6.48482
BLOCK14/SES144/SA144S09	SES144	0.540341	-2.59974	-3.14008
BLOCK14/SES144/SA144S11	SES144	0.474973	-2.34565	-2.82063
BLOCK14/SES144/SA144S21	SES144	0.0558555	-2.20274	-2.2586
BLOCK14/SES144/SA144S25	SES144	0.476525	-2.86436	-3.34088
BLOCK14/SES144/SA144S29	SES144	-0.654228	-5.623	-4.96877
BLOCK14/SES146/SA146S14	SES146	0.4297	-3.60652	-4.03622
BLOCK14/SES146/SA146S15	SES146	-0.00112247	-5.22189	-5.22077
BLOCK14/SES146/SA146S24	SES146	0.587312	-5.52353	-6.11084
BLOCK14/SES146/SA146S26	SES146	0.343482	-5.05984	-5.40333
BLOCK14/SES146/SA146S29	SES146	0.115696	-5.72993	-5.84563
BLOCK14/SES147/SA147S11	SES147	1.09329	-4.759	-5.8523
BLOCK14/SES147/SA147S13	SES147	1.37786	-1.26456	-2.64242
BLOCK14/SES147/SA147S23	SES147	1.30442	-1.27325	-2.57767
BLOCK14/SES147/SA147S26	SES147	1.31375	-1.99069	-3.30444
BLOCK14/SES147/SA147S28	SES147	1.94262	0.996297	-0.946321
BLOCK14/SES148/SA148S10	SES148	0.303398	-1.25262	-1.55602
BLOCK14/SES148/SA148S12	SES148	0.279705	-3.76859	-4.04829
BLOCK14/SES148/SA148S22	SES148	0.907191	-0.486244	-1.39343
BLOCK14/SES148/SA148S26	SES148	0.00415882	-0.233393	-0.237552
BLOCK14/SES148/SA148S29	SES148	-0.481171	-4.02031	-3.53914
BLOCK14/SES149/SA149S13	SES149	-0.18459	-3.91454	-3.72995
BLOCK14/SES149/SA149S14	SES149	0.00059545	-1.51903	-1.51963
BLOCK14/SES149/SA149S24	SES149	0.715529	-2.43452	-3.15005
BLOCK14/SES149/SA149S26	SES149	1.07466	-3.57908	-4.65374
BLOCK14/SES149/SA149S28	SES149	1.81874	2.62533	0.806581
BLOCK15/SES158/SA158S13	SES158	1.5276	-7.91385	-9.44145
BLOCK15/SES158/SA158S14	SES158	2.01158	-7.96792	-9.97951
BLOCK15/SES158/SA158S23	SES158	1.29079	-5.448	-6.73879
BLOCK15/SES158/SA158S26	SES158	1.54462	-8.40138	-9.946
BLOCK15/SES158/SA158S28	SES158	0.494102	-6.44194	-6.93605
BLOCK16/SES162/SA162S10	SES162	-0.308454	-6.05806	-5.7496
BLOCK16/SES162/SA162S11	SES162	0.470661	-1.77152	-2.24218
BLOCK16/SES162/SA162S21	SES162	0.852909	-1.94511	-2.79802
BLOCK16/SES162/SA162S24	SES162	1.19315	-1.57846	-2.77161
BLOCK16/SES162/SA162S27	SES162	0.900522	-6.56833	-7.46885
BLOCK16/SES167/SA167S14	SES167	1.58642	0.237763	-1.34866
BLOCK16/SES167/SA167S15	SES167	2.06262	1.89993	-0.162694
BLOCK16/SES167/SA167S21	SES167	2.4777	1.99435	-0.483351
BLOCK16/SES167/SA167S25	SES167	2.96162	-0.208349	-3.16997
BLOCK16/SES167/SA167S29	SES167	3.04213	2.93482	-0.107306
BLOCK17/SES172/SA172S12	SES172	0.551177	-4.80974	-5.36092
BLOCK17/SES172/SA172S13	SES172	0.848289	-4.58393	-5.43222
BLOCK17/SES172/SA172S23	SES172	1.0632	-1.24505	-2.30825
BLOCK17/SES172/SA172S27	SES172	-0.277443	-6.30526	-6.02782
BLOCK17/SES172/SA172S29	SES172	1.23996	-1.56318	-2.80314
BLOCK17/SES175/SA175S11	SES175	0.478222	-6.53953	-7.01775
BLOCK17/SES175/SA175S13	SES175	1.30888	0.940852	-0.368033
BLOCK17/SES175/SA175S23	SES175	1.04818	-1.32023	-2.3684
BLOCK17/SES175/SA175S25	SES175	0.47715	-3.87245	-4.3496
BLOCK17/SES175/SA175S28	SES175	1.42154	-3.17189	-4.59343
BLOCK17/SES177/SA177S15	SES177	0.23557	-4.54415	-4.77972
BLOCK17/SES177/SA177S17	SES177	0.154824	-4.3833	-4.53812
BLOCK17/SES177/SA177S23	SES177	-0.0719504	-4.08248	-4.01053
BLOCK17/SES177/SA177S26	SES177	0.846541	0.261958	-0.584583
BLOCK17/SES177/SA177S28	SES177	0.0759635	-7.46884	-7.5448
BLOCK18/SES180/SA180S13	SES180	-0.1499	-8.34057	-8.19067
BLOCK18/SES180/SA180S15	SES180	0.768868	-1.67474	-2.44361
BLOCK18/SES180/SA180S24	SES180	0.826605	-2.0336	-2.86021
BLOCK18/SES180/SA180S26	SES180	0.327708	-3.56195	-3.88965
BLOCK18/SES180/SA180S29	SES180	-0.172729	-7.32034	-7.14761
BLOCK18/SES183/SA183S13	SES183	0.744222	-3.80923	-4.55345
BLOCK18/SES183/SA183S14	SES183	-0.0932989	-4.35781	-4.26451
BLOCK18/SES183/SA183S24	SES183	0.718303	-5.90881	-6.62711
BLOCK18/SES183/SA183S27	SES183	0.91542	-3.48119	-4.39661
BLOCK18/SES183/SA183S29	SES183	0.734016	-1.77981	-2.51382
BLOCK18/SES187/SA187S13	SES187	0.359917	-5.16536	-5.52528
BLOCK18/SES187/SA187S14	SES187	0.0822368	-5.81411	-5.89635
BLOCK18/SES187/SA187S24	SES187	1.54916	-3.78192	-5.33107
BLOCK18/SES187/SA187S27	SES187	0.911443	-2.5569	-3.46835
BLOCK18/SES187/SA187S29	SES187	1.13751	-8.13398	-9.27149
BLOCK18/SES189/SA189S10	SES189	1.66794	-5.27714	-6.94508
BLOCK18/SES189/SA189S13	SES189	1.51813	-10.6262	-12.1443
BLOCK18/SES189/SA189S24	SES189	1.76449	-5.04727	-6.81175
BLOCK18/SES189/SA189S26	SES189	1.07658	-5.46797	-6.54455
BLOCK18/SES189/SA189S29	SES189	1.85002	-4.6419	-6.49191
BLOCK20/SES202/SA202S12	SES202	1.36775	-8.31827	-9.68602
BLOCK20/SES202/SA202S14	SES202	1.81783	-6.20287	-8.02071
BLOCK20/SES202/SA202S24	SES202	1.22534	-6.40192	-7.62726
BLOCK20/SES202/SA202S27	SES202	1.3377	-2.89688	-4.23458
BLOCK20/SES202/SA202S29	SES202	1.33575	-4.98898	-6.32472
BLOCK20/SES206/SA206S15	SES206	-0.687123	-1.64713	-0.960005
BLOCK20/SES206/SA206S17	SES206	1.58073	-4.54265	-6.12338
BLOCK20/SES206/SA206S24	SES206	1.39101	-1.67096	-3.06197
BLOCK20/SES206/SA206S27	SES206	1.97452	-5.57808	-7.5526
BLOCK20/SES206/SA206S29	SES206	1.01654	-6.28973	-7.30627
BLOCK22/SES226/SA226S12	SES226	0.44439	-3.54254	-3.98693
BLOCK22/SES226/SA226S13	SES226	-0.801303	-3.87133	-3.07002
BLOCK22/SES226/SA226S20	SES226	0.574394	-2.96411	-3.53851
BLOCK22/SES226/SA226S23	SES226	0.616917	-1.34326	-1.96018
BLOCK22/SES226/SA226S28	SES226	0.972048	-0.75829	-1.73034
BLOCK25/SES259/SA259S13	SES259	2.60345	-3.49473	-6.09817
BLOCK25/SES259/SA259S14	SES259	1.87618	-3.40139	-5.27757
BLOCK25/SES259/SA259S22	SES259	1.16024	-3.20857	-4.36881
BLOCK25/SES259/SA259S24	SES259	1.35507	-4.40257	-5.75764
BLOCK25/SES259/SA259S28	SES259	0.859452	-3.60395	-4.4634
BLOCK27/SES270/SA270S14	SES270	1.32736	-2.02157	-3.34893
BLOCK27/SES270/SA270S16	SES270	0.204556	-2.40838	-2.61293
BLOCK27/SES270/SA270S22	SES270	1.31083	-1.14374	-2.45457
BLOCK27/SES270/SA270S26	SES270	1.62088	-2.82953	-4.45041
BLOCK27/SES270/SA270S28	SES270	1.51128	0.283274	-1.22801
BLOCK27/SES275/SA275S17	SES275	0.532489	-3.27139	-3.80388
BLOCK27/SES275/SA275S18	SES275	0.0439019	-4.32771	-4.37161
BLOCK27/SES275/SA275S24	SES275	0.411667	-3.85283	-4.2645
BLOCK27/SES275/SA275S26	SES275	0.444571	-3.34736	-3.79194
BLOCK27/SES275/SA275S28	SES275	0.200627	-3.70231	-3.90294
BLOCK29/SES292/SA292S10	SES292	-0.249214	-3.17666	-2.92745
BLOCK29/SES292/SA292S12	SES292	0.266813	-4.47501	-4.74182
BLOCK29/SES292/SA292S22	SES292	-0.217018	-3.95177	-3.73476
BLOCK29/SES292/SA292S24	SES292	0.548132	-0.597828	-1.14596
BLOCK29/SES292/SA292S27	SES292	-0.135354	-2.54075	-2.4054
BLOCK00/SES001/SA001S14	SES062	-2.38649	-9.44786	-7.06137
BLOCK00/SES001/SA001S14	SES082	-0.984015	-8.04538	-7.06137
BLOCK00/SES001/SA001S14	SES106	-1.41573	-8.4771	-7.06137
BLOCK00/SES001/SA001S14	SES206	-1.74089	-8.80226	-7.06137
BLOCK00/SES001/SA001S15	SES062	-2.2388	-7.12427	-4.88547
BLOCK00/SES001/SA001S15	SES104	-0.811791	-5.69726	-4.88547
BLOCK00/SES001/SA001S15	SES106	-1.03235	-5.91782	-4.88547
BLOCK00/SES001/SA001S15	SES206	-1.98526	-6.87073	-4.88547
BLOCK00/SES001/SA001S24	SES062	-3.46448	-12.2648	-8.80033
BLOCK00/SES001/SA001S24	SES082	-1.48855	-10.2889	-8.80033
BLOCK00/SES001/SA001S24	SES087	-3.32048	-12.1208	-8.80033
BLOCK00/SES001/SA001S24	SES206	-1.34216	-10.1425	-8.80033
BLOCK00/SES001/SA001S27	SES062	-1.13145	-2.61904	-1.48758
BLOCK00/SES001/SA001S27	SES082	-0.409767	-1.89735	-1.48758
BLOCK00/SES001/SA001S27	SES087	-1.67495	-3.16253	-1.48758
BLOCK00/SES001/SA001S27	SES206	-1.5384	-3.02598	-1.48758
BLOCK00/SES001/SA001S29	SES062	-2.63971	-8.17697	-5.53726
BLOCK00/SES001/SA001S29	SES082	-1.1841	-6.72136	-5.53726
BLOCK00/SES001/SA001S29	SES158	-1.51141	-7.04866	-5.53726
BLOCK00/SES001/SA001S29	SES206	-2.61101	-8.14827	-5.53726
BLOCK00/SES003/SA003S11	SES002	-0.119107	-1.24767	-1.12856
BLOCK00/SES003/SA003S11	SES019	-1.26067	-2.38923	-1.12856
BLOCK00/SES003/SA003S11	SES082	-0.987846	-2.11641	-1.12856
BLOCK00/SES003/SA003S11	SES125	-1.5303	-2.65886	-1.12856
BLOCK00/SES003/SA003S15	SES016	-1.8252	-6.02476	-4.19955
BLOCK00/SES003/SA003S15	SES019	-1.7712	-5.97075	-4.19955
BLOCK00/SES003/SA003S15	SES062	-0.368995	-4.56855	-4.19955
BLOCK00/SES003/SA003S15	SES206	-0.898863	-5.09841	-4.19955
BLOCK00/SES003/SA003S22	SES002	-0.741501	-3.72	-2.9785
BLOCK00/SES003/SA003S22	SES062	-1.07859	-4.05709	-2.9785
BLOCK00/SES003/SA003S22	SES082	-0.930062	-3.90856	-2.9785
BLOCK00/SES003/SA003S22	SES087	-1.55277	-4.53127	-2.9785
BLOCK00/SES003/SA003S25	SES062	-1.30676	-5.68099	-4.37423
BLOCK00/SES003/SA003S25	SES082	-1.55864	-5.93287	-4.37423
BLOCK00/SES003/SA003S25	SES087	-0.36581	-4.74004	-4.37423
BLOCK00/SES003/SA003S25	SES206	-1.63303	-6.00726	-4.37423
BLOCK00/SES003/SA003S29	SES002	-1.08193	-3.07161	-1.98968
BLOCK00/SES003/SA003S29	SES062	-2.08293	-4.07261	-1.98968
BLOCK00/SES003/SA003S29	SES082	-1.56348	-3.55316	-1.98968
BLOCK00/SES003/SA003S29	SES087	-1.6722	-3.66188	-1.98968
BLOCK00/SES004/SA004S12	SES083	-1.44008	-3.49855	-2.05847
BLOCK00/SES004/SA004S12	SES148	-1.50014	-3.55861	-2.05847
BLOCK00/SES004/SA004S12	SES172	0.14697	-1.9115	-2.05847
BLOCK00/SES004/SA004S12	SES292	-1.8725	-3.93097	-2.05847
BLOCK00/SES004/SA004S17	SES083	-0.689637	-3.64102	-2.95139
BLOCK00/SES004/SA004S17	SES162	-0.114987	-3.06637	-2.95139
BLOCK00/SES004/SA004S17	SES172	0.0666289	-2.88476	-2.95139
BLOCK00/SES004/SA004S17	SES292	-1.14175	-4.09314	-2.95139
BLOCK00/SES004/SA004S24	SES083	-0.57181	-4.50249	-3.93068
BLOCK00/SES004/SA004S24	SES148	-2.05696	-5.98765	-3.93068
BLOCK00/SES004/SA004S24	SES172	0.425658	-3.50502	-3.93068
BLOCK00/SES004/SA004S24	SES292	-1.04831	-4.979	-3.93068
BLOCK00/SES004/SA004S26	SES083	-0.968789	-5.18915	-4.22036
BLOCK00/SES004/SA004S26	SES127	-0.922829	-5.14319	-4.22036
BLOCK00/SES004/SA004S26	SES148	-2.1768	-6.39716	-4.22036
BLOCK00/SES004/SA004S26	SES292	-1.65038	-5.87074	-4.22036
BLOCK00/SES004/SA004S28	SES083	-1.02616	0.300267	1.32643
BLOCK00/SES004/SA004S28	SES127	0.11045	1.43688	1.32643
BLOCK00/SES004/SA004S28	SES187	0.594441	1.92087	1.32643
BLOCK00/SES004/SA004S28	SES292	-0.31825	1.00818	1.32643
BLOCK00/SES006/SA006S10	SES014	-2.33381	-11.6546	-9.32079
BLOCK00/SES006/SA006S10	SES158	-4.76131	-14.0821	-9.32079
BLOCK00/SES006/SA006S10	SES226	-2.74373	-12.0645	-9.32079
BLOCK00/SES006/SA006S10	SES270	-2.77376	-12.0945	-9.32079
BLOCK00/SES006/SA006S11	SES158	-4.63758	-11.475	-6.83738
BLOCK00/SES006/SA006S11	SES226	-2.82835	-9.66573	-6.83738
BLOCK00/SES006/SA006S11	SES270	-2.17427	-9.01166	-6.83738
BLOCK00/SES006/SA006S11	SES275	-2.27007	-9.10746	-6.83738
BLOCK00/SES006/SA006S23	SES062	-2.71322	-9.21165	-6.49843
BLOCK00/SES006/SA006S23	SES105	-3.10569	-9.60412	-6.49843
BLOCK00/SES006/SA006S23	SES158	-4.53639	-11.0348	-6.49843
BLOCK00/SES006/SA006S23	SES275	-1.93444	-8.43287	-6.49843
BLOCK00/SES006/SA006S26	SES104	-5.66674	-13.3033	-7.63656
BLOCK00/SES006/SA006S26	SES158	-5.06053	-12.6971	-7.63656
BLOCK00/SES006/SA006S26	SES270	-3.32251	-10.9591	-7.63656
BLOCK00/SES006/SA006S26	SES275	-2.44362	-10.0802	-7.63656
BLOCK00/SES006/SA006S28	SES007	-1.06639	-8.77474	-7.70835
BLOCK00/SES006/SA006S28	SES105	-1.99425	-9.7026	-7.70835
BLOCK00/SES006/SA006S28	SES158	-2.69347	-10.4018	-7.70835
BLOCK00/SES006/SA006S28	SES275	-2.17802	-9.88636	-7.70835
BLOCK00/SES009/SA009S12	SES083	-1.89098	-8.62043	-6.72945
BLOCK00/SES009/SA009S12	SES148	-4.10497	-10.8344	-6.72945
BLOCK00/SES009/SA009S12	SES177	-0.906842	-7.63629	-6.72945
BLOCK00/SES009/SA009S12	SES292	-1.39353	-8.12298	-6.72945
BLOCK00/SES009/SA009S15	SES007	-0.83006	-6.86749	-6.03743
BLOCK00/SES009/SA009S15	SES099	-3.87613	-9.91356	-6.03743
BLOCK00/SES009/SA009S15	SES148	-3.30224	-9.33967	-6.03743
BLOCK00/SES009/SA009S15	SES172	-0.715057	-6.75248	-6.03743
BLOCK00/SES009/SA009S24	SES146	-0.745585	-8.33464	-7.58905
BLOCK00/SES009/SA009S24	SES148	-4.36407	-11.9531	-7.58905
BLOCK00/SES009/SA009S24	SES177	-0.256839	-7.84589	-7.58905
BLOCK00/SES009/SA009S24	SES292	-1.43344	-9.02249	-7.58905
BLOCK00/SES009/SA009S26	SES083	-1.77859	-6.43674	-4.65815
BLOCK00/SES009/SA009S26	SES101	-2.79432	-7.45247	-4.65815
BLOCK00/SES009/SA009S26	SES120	-1.14244	-5.80059	-4.65815
BLOCK00/SES009/SA009S26	SES177	-0.990567	-5.64872	-4.65815
BLOCK00/SES009/SA009S29	SES083	-1.65568	-6.38635	-4.73067
BLOCK00/SES009/SA009S29	SES101	-2.47372	-7.20439	-4.73067
BLOCK00/SES009/SA009S29	SES177	-0.713561	-5.44423	-4.73067
BLOCK00/SES009/SA009S29	SES292	-1.42251	-6.15318	-4.73067
BLOCK01/SES011/SA011S10	SES019	-2.10889	-12.9382	-10.8293
BLOCK01/SES011/SA011S10	SES042	0.0663271	-10.763	-10.8293
BLOCK01/SES011/SA011S10	SES082	-1.33641	-12.1657	-10.8293
BLOCK01/SES011/SA011S10	SES206	-0.556446	-11.3857	-10.8293
BLOCK01/SES011/SA011S11	SES019	-1.25387	-9.91681	-8.66294
BLOCK01/SES011/SA011S11	SES042	-0.97604	-9.63898	-8.66294
BLOCK01/SES011/SA011S11	SES082	-0.988588	-9.65153	-8.66294
BLOCK01/SES011/SA011S11	SES206	-2.24032	-10.9033	-8.66294
BLOCK01/SES011/SA011S22	SES019	0.102732	-10.2147	-10.3174
BLOCK01/SES011/SA011S22	SES042	1.21396	-9.10346	-10.3174
BLOCK01/SES011/SA011S22	SES082	-1.43213	-11.7496	-10.3174
BLOCK01/SES011/SA011S22	SES206	-0.713512	-11.0309	-10.3174
BLOCK01/SES011/SA011S24	SES019	-1.80003	-9.83591	-8.03588
BLOCK01/SES011/SA011S24	SES042	0.442484	-7.5934	-8.03588
BLOCK01/SES011/SA011S24	SES104	-1.1638	-9.19968	-8.03588
BLOCK01/SES011/SA011S24	SES206	-0.54619	-8.58207	-8.03588
BLOCK01/SES011/SA011S27	SES082	-1.48268	-9.36427	-7.88159
BLOCK01/SES011/SA011S27	SES087	-4.40397	-12.2856	-7.88159
BLOCK01/SES011/SA011S27	SES125	-1.72037	-9.60196	-7.88159
BLOCK01/SES011/SA011S27	SES206	-1.76802	-9.64961	-7.88159
BLOCK01/SES012/SA012S11	SES007	-0.450652	-3.64009	-3.18943
BLOCK01/SES012/SA012S11	SES082	-0.295682	-3.48512	-3.18943
BLOCK01/SES012/SA012S11	SES083	-1.00345	-4.19288	-3.18943
BLOCK01/SES012/SA012S11	SES206	-0.21423	-3.40366	-3.18943
BLOCK01/SES012/SA012S14	SES082	-0.462204	-6.64018	-6.17797
BLOCK01/SES012/SA012S14	SES087	-2.8173	-8.99527	-6.17797
BLOCK01/SES012/SA012S14	SES206	-0.262399	-6.44037	-6.17797
BLOCK01/SES012/SA012S14	SES292	-1.591	-7.76897	-6.17797
BLOCK01/SES012/SA012S24	SES082	-0.769165	-9.18051	-8.41135
BLOCK01/SES012/SA012S24	SES087	-1.92652	-10.3379	-8.41135
BLOCK01/SES012/SA012S24	SES120	-1.50782	-9.91917	-8.41135
BLOCK01/SES012/SA012S24	SES206	-1.38008	-9.79143	-8.41135
BLOCK01/SES012/SA012S26	SES019	-4.63355	-12.6861	-8.05254
BLOCK01/SES012/SA012S26	SES082	-1.70711	-9.75965	-8.05254
BLOCK01/SES012/SA012S26	SES206	0.0277948	-8.02475	-8.05254
BLOCK01/SES012/SA012S26	SES292	-1.35751	-9.41006	-8.05254
BLOCK01/SES012/SA012S29	SES062	-0.976074	-1.65719	-0.681114
BLOCK01/SES012/SA012S29	SES082	-0.875858	-1.55697	-0.681114
BLOCK01/SES012/SA012S29	SES083	-0.928068	-1.60918	-0.681114
BLOCK01/SES012/SA012S29	SES206	-0.137398	-0.818512	-0.681114
BLOCK01/SES013/SA013S16	SES062	-2.87785	-9.46754	-6.58969
BLOCK01/SES013/SA013S16	SES106	-2.29475	-8.88444	-6.58969
BLOCK01/SES013/SA013S16	SES206	-1.66765	-8.25734	-6.58969
BLOCK01/SES013/SA013S16	SES226	-2.39189	-8.98158	-6.58969
BLOCK01/SES013/SA013S17	SES062	-2.07407	-4.89053	-2.81646
BLOCK01/SES013/SA013S17	SES106	-2.46112	-5.27758	-2.81646
BLOCK01/SES013/SA013S17	SES206	0.103519	-2.71294	-2.81646
BLOCK01/SES013/SA013S17	SES226	-0.667746	-3.48421	-2.81646
BLOCK01/SES013/SA013S23	SES104	-0.0847607	-4.98927	-4.90451
BLOCK01/SES013/SA013S23	SES106	-1.78218	-6.68669	-4.90451
BLOCK01/SES013/SA013S23	SES206	-0.718598	-5.6231	-4.90451
BLOCK01/SES013/SA013S23	SES270	-1.66073	-6.56524	-4.90451
BLOCK01/SES013/SA013S25	SES042	-3.71981	-7.74079	-4.02098
BLOCK01/SES013/SA013S25	SES104	-0.0112958	-4.03227	-4.02098
BLOCK01/SES013/SA013S25	SES106	-0.945049	-4.96603	-4.02098
BLOCK01/SES013/SA013S25	SES206	-1.0405	-5.06148	-4.02098
BLOCK01/SES013/SA013S29	SES062	-3.36694	-8.4193	-5.05235
BLOCK01/SES013/SA013S29	SES104	-0.86908	-5.92143	-5.05235
BLOCK01/SES013/SA013S29	SES106	-1.51323	-6.56559	-5.05235
BLOCK01/SES013/SA013S29	SES206	-1.13815	-6.1905	-5.05235
BLOCK02/SES021/SA021S13	SES016	-1.81207	-6.3946	-4.58253
BLOCK02/SES021/SA021S13	SES029	-1.65463	-6.23716	-4.58253
BLOCK02/SES021/SA021S13	SES087	-3.24619	-7.82872	-4.58253
BLOCK02/SES021/SA021S13	SES206	-1.00963	-5.59216	-4.58253
BLOCK02/SES021/SA021S15	SES087	-1.47331	-4.76172	-3.28841
BLOCK02/SES021/SA021S15	SES125	-0.853484	-4.1419	-3.28841
BLOCK02/SES021/SA021S15	SES206	-1.24212	-4.53053	-3.28841
BLOCK02/SES021/SA021S15	SES226	-0.964242	-4.25265	-3.28841
BLOCK02/SES021/SA021S23	SES062	-2.78961	-6.96656	-4.17696
BLOCK02/SES021/SA021S23	SES087	-1.40368	-5.58064	-4.17696
BLOCK02/SES021/SA021S23	SES206	-1.61675	-5.7937	-4.17696
BLOCK02/SES021/SA021S23	SES226	0.116847	-4.06011	-4.17696
BLOCK02/SES021/SA021S27	SES002	-1.3563	-2.63427	-1.27797
BLOCK02/SES021/SA021S27	SES016	-3.85475	-5.13272	-1.27797
BLOCK02/SES021/SA021S27	SES019	-1.37095	-2.64891	-1.27797
BLOCK02/SES021/SA021S27	SES062	-1.79445	-3.07242	-1.27797
BLOCK02/SES021/SA021S29	SES087	-1.65188	-5.29058	-3.6387
BLOCK02/SES021/SA021S29	SES125	-0.730362	-4.36907	-3.6387
BLOCK02/SES021/SA021S29	SES206	-0.219622	-3.85833	-3.6387
BLOCK02/SES021/SA021S29	SES226	-0.932378	-4.57108	-3.6387
BLOCK04/SES043/SA043S09	SES083	-0.390797	-6.51037	-6.11957
BLOCK04/SES043/SA043S09	SES101	-1.24206	-7.36163	-6.11957
BLOCK04/SES043/SA043S09	SES144	-0.379415	-6.49898	-6.11957
BLOCK04/SES043/SA043S09	SES172	-0.937315	-7.05688	-6.11957
BLOCK04/SES043/SA043S11	SES083	-0.323962	-2.28324	-1.95928
BLOCK04/SES043/SA043S11	SES101	-0.812742	-2.77202	-1.95928
BLOCK04/SES043/SA043S11	SES144	0.0936995	-1.86558	-1.95928
BLOCK04/SES043/SA043S11	SES172	-1.08752	-3.0468	-1.95928
BLOCK04/SES043/SA043S23	SES083	-0.789197	-3.80382	-3.01463
BLOCK04/SES043/SA043S23	SES144	-0.0178158	-3.03244	-3.01463
BLOCK04/SES043/SA043S23	SES177	-1.21986	-4.23448	-3.01463
BLOCK04/SES043/SA043S23	SES275	-1.20871	-4.22333	-3.01463
BLOCK04/SES043/SA043S26	SES083	-1.0539	-9.54513	-8.49123
BLOCK04/SES043/SA043S26	SES101	-1.25146	-9.74269	-8.49123
BLOCK04/SES043/SA043S26	SES144	-0.195837	-8.68707	-8.49123
BLOCK04/SES043/SA043S26	SES177	-1.69118	-10.1824	-8.49123
BLOCK04/SES043/SA043S28	SES016	-1.78203	-6.3998	-4.61776
BLOCK04/SES043/SA043S28	SES083	-0.462492	-5.08026	-4.61776
BLOCK04/SES043/SA043S28	SES101	-0.853361	-5.47112	-4.61776
BLOCK04/SES043/SA043S28	SES144	-1.20071	-5.81848	-4.61776
BLOCK04/SES044/SA044S10	SES127	-4.39235	-12.3061	-7.91379
BLOCK04/SES044/SA044S10	SES144	-0.594681	-8.50847	-7.91379
BLOCK04/SES044/SA044S10	SES147	-3.09671	-11.0105	-7.91379
BLOCK04/SES044/SA044S10	SES148	-2.72209	-10.6359	-7.91379
BLOCK04/SES044/SA044S11	SES101	-1.57018	-7.78276	-6.21258
BLOCK04/SES044/SA044S11	SES144	-0.477612	-6.69019	-6.21258
BLOCK04/SES044/SA044S11	SES147	-1.53054	-7.74312	-6.21258
BLOCK04/SES044/SA044S11	SES177	-1.60626	-7.81884	-6.21258
BLOCK04/SES044/SA044S24	SES007	-2.1433	-8.00045	-5.85714
BLOCK04/SES044/SA044S24	SES101	-1.43792	-7.29507	-5.85714
BLOCK04/SES044/SA044S24	SES147	-2.12819	-7.98533	-5.85714
BLOCK04/SES044/SA044S24	SES177	-1.57444	-7.43158	-5.85714
BLOCK04/SES044/SA044S26	SES007	-1.44604	-3.34668	-1.90064
BLOCK04/SES044/SA044S26	SES016	-0.821456	-2.72209	-1.90064
BLOCK04/SES044/SA044S26	SES101	-1.95791	-3.85855	-1.90064
BLOCK04/SES044/SA044S26	SES147	-0.38692	-2.28756	-1.90064
BLOCK04/SES044/SA044S29	SES007	-1.64457	-7.07932	-5.43474
BLOCK04/SES044/SA044S29	SES101	-1.78114	-7.21588	-5.43474
BLOCK04/SES044/SA044S29	SES147	-1.07314	-6.50788	-5.43474
BLOCK04/SES044/SA044S29	SES177	-2.44125	-7.876	-5.43474
BLOCK04/SES046/SA046S13	SES101	-0.893928	-7.15883	-6.26491
BLOCK04/SES046/SA046S13	SES144	-0.700003	-6.96491	-6.26491
BLOCK04/SES046/SA046S13	SES147	-1.12942	-7.39433	-6.26491
BLOCK04/SES046/SA046S13	SES177	-1.15859	-7.4235	-6.26491
BLOCK04/SES046/SA046S15	SES048	0.200428	-2.86334	-3.06377
BLOCK04/SES046/SA046S15	SES083	-1.04538	-4.10915	-3.06377
BLOCK04/SES046/SA046S15	SES120	-1.26164	-4.32541	-3.06377
BLOCK04/SES046/SA046S15	SES148	-1.03626	-4.10003	-3.06377
BLOCK04/SES046/SA046S22	SES101	-1.21603	-6.20252	-4.98648
BLOCK04/SES046/SA046S22	SES144	-0.38215	-5.36863	-4.98648
BLOCK04/SES046/SA046S22	SES147	-0.731592	-5.71808	-4.98648
BLOCK04/SES046/SA046S22	SES172	-0.955248	-5.94173	-4.98648
BLOCK04/SES046/SA046S25	SES083	-1.01508	-2.70752	-1.69244
BLOCK04/SES046/SA046S25	SES127	-1.03786	-2.7303	-1.69244
BLOCK04/SES046/SA046S25	SES144	-0.6456	-2.33804	-1.69244
BLOCK04/SES046/SA046S25	SES148	-0.736551	-2.42899	-1.69244
BLOCK04/SES046/SA046S28	SES007	-1.47948	-5.30282	-3.82335
BLOCK04/SES046/SA046S28	SES105	-1.19366	-5.01701	-3.82335
BLOCK04/SES046/SA046S28	SES147	-0.369553	-4.1929	-3.82335
BLOCK04/SES046/SA046S28	SES148	-2.41052	-6.23386	-3.82335
BLOCK04/SES049/SA049S16	SES104	-0.452052	-6.80783	-6.35578
BLOCK04/SES049/SA049S16	SES106	-2.59448	-8.95026	-6.35578
BLOCK04/SES049/SA049S16	SES120	-1.99303	-8.34882	-6.35578
BLOCK04/SES049/SA049S16	SES206	-0.985313	-7.34109	-6.35578
BLOCK04/SES049/SA049S18	SES099	-0.230308	-5.0703	-4.83999
BLOCK04/SES049/SA049S18	SES104	-0.943089	-5.78308	-4.83999
BLOCK04/SES049/SA049S18	SES125	-1.78404	-6.62402	-4.83999
BLOCK04/SES049/SA049S18	SES206	-1.34525	-6.18524	-4.83999
BLOCK04/SES049/SA049S25	SES087	-1.85347	-6.18443	-4.33095
BLOCK04/SES049/SA049S25	SES104	-1.30495	-5.6359	-4.33095
BLOCK04/SES049/SA049S25	SES125	-0.910332	-5.24129	-4.33095
BLOCK04/SES049/SA049S25	SES206	-0.90839	-5.23934	-4.33095
BLOCK04/SES049/SA049S27	SES099	-1.68845	-0.440376	1.24808
BLOCK04/SES049/SA049S27	SES104	-0.453301	0.794774	1.24808
BLOCK04/SES049/SA049S27	SES125	-1.943	-0.694923	1.24808
BLOCK04/SES049/SA049S27	SES206	-1.6878	-0.439728	1.24808
BLOCK04/SES049/SA049S29	SES099	0.428828	0.169471	-0.259357
BLOCK04/SES049/SA049S29	SES104	-0.121722	-0.38108	-0.259357
BLOCK04/SES049/SA049S29	SES125	0.322651	0.0632932	-0.259357
BLOCK04/SES049/SA049S29	SES206	-0.537311	-0.796668	-0.259357
BLOCK06/SES063/SA063S09	SES068	-1.04841	-8.59752	-7.54912
BLOCK06/SES063/SA063S09	SES083	-0.217077	-7.7662	-7.54912
BLOCK06/SES063/SA063S09	SES177	-0.400104	-7.94922	-7.54912
BLOCK06/SES063/SA063S09	SES187	-0.965798	-8.51492	-7.54912
BLOCK06/SES063/SA063S10	SES068	-1.90284	-7.70367	-5.80083
BLOCK06/SES063/SA063S10	SES083	-1.23509	-7.03591	-5.80083
BLOCK06/SES063/SA063S10	SES172	-1.41063	-7.21145	-5.80083
BLOCK06/SES063/SA063S10	SES187	-1.01657	-6.8174	-5.80083
BLOCK06/SES063/SA063S20	SES068	-1.9855	-9.53391	-7.54841
BLOCK06/SES063/SA063S20	SES083	-0.809342	-8.35775	-7.54841
BLOCK06/SES063/SA063S20	SES172	-0.86654	-8.41495	-7.54841
BLOCK06/SES063/SA063S20	SES187	-0.32544	-7.87385	-7.54841
BLOCK06/SES063/SA063S24	SES029	-1.92396	-9.29687	-7.37291
BLOCK06/SES063/SA063S24	SES083	-1.1865	-8.55941	-7.37291
BLOCK06/SES063/SA063S24	SES177	-1.5427	-8.91562	-7.37291
BLOCK06/SES063/SA063S24	SES189	-1.42121	-8.79412	-7.37291
BLOCK06/SES063/SA063S27	SES083	-0.802866	-7.64807	-6.8452
BLOCK06/SES063/SA063S27	SES172	-1.86986	-8.71506	-6.8452
BLOCK06/SES063/SA063S27	SES187	-2.20844	-9.05365	-6.8452
BLOCK06/SES063/SA063S27	SES292	-1.61008	-8.45529	-6.8452
BLOCK06/SES067/SA067S12	SES083	-1.47907	-4.63636	-3.15729
BLOCK06/SES067/SA067S12	SES172	-1.63623	-4.79352	-3.15729
BLOCK06/SES067/SA067S12	SES202	-1.14483	-4.30212	-3.15729
BLOCK06/SES067/SA067S12	SES292	-1.49887	-4.65616	-3.15729
BLOCK06/SES067/SA067S14	SES085	-1.05569	-1.24586	-0.190175
BLOCK06/SES067/SA067S14	SES177	-1.39011	-1.58029	-0.190175
BLOCK06/SES067/SA067S14	SES183	0.503203	0.313027	-0.190175
BLOCK06/SES067/SA067S14	SES202	-0.915497	-1.10567	-0.190175
BLOCK06/SES067/SA067S21	SES144	-0.960708	-5.92103	-4.96032
BLOCK06/SES067/SA067S21	SES177	-0.915429	-5.87575	-4.96032
BLOCK06/SES067/SA067S21	SES183	0.26094	-4.69938	-4.96032
BLOCK06/SES067/SA067S21	SES189	-1.21154	-6.17186	-4.96032
BLOCK06/SES067/SA067S25	SES085	-1.92222	-7.08085	-5.15863
BLOCK06/SES067/SA067S25	SES177	-1.42838	-6.58701	-5.15863
BLOCK06/SES067/SA067S25	SES183	-0.8606	-6.01923	-5.15863
BLOCK06/SES067/SA067S25	SES202	-1.73698	-6.89561	-5.15863
BLOCK06/SES067/SA067S29	SES085	-2.15476	-9.95803	-7.80327
BLOCK06/SES067/SA067S29	SES177	-2.4178	-10.2211	-7.80327
BLOCK06/SES067/SA067S29	SES183	0.124078	-7.67919	-7.80327
BLOCK06/SES067/SA067S29	SES202	-1.24725	-9.05053	-7.80327
BLOCK06/SES069/SA069S12	SES029	-2.43131	-4.24833	-1.81702
BLOCK06/SES069/SA069S12	SES082	-0.451255	-2.26827	-1.81702
BLOCK06/SES069/SA069S12	SES087	-2.06684	-3.88386	-1.81702
BLOCK06/SES069/SA069S12	SES206	-0.523619	-2.34064	-1.81702
BLOCK06/SES069/SA069S13	SES029	-2.0577	-2.87455	-0.816856
BLOCK06/SES069/SA069S13	SES087	-1.12573	-1.94259	-0.816856
BLOCK06/SES069/SA069S13	SES206	-1.41704	-2.2339	-0.816856
BLOCK06/SES069/SA069S13	SES226	-0.00340146	-0.820258	-0.816856
BLOCK06/SES069/SA069S23	SES029	-0.901895	1.26174	2.16364
BLOCK06/SES069/SA069S23	SES087	-0.22162	1.94202	2.16364
BLOCK06/SES069/SA069S23	SES206	-0.393899	1.76974	2.16364
BLOCK06/SES069/SA069S23	SES226	0.555623	2.71926	2.16364
BLOCK06/SES069/SA069S25	SES087	-1.00145	-2.50356	-1.50211
BLOCK06/SES069/SA069S25	SES206	-2.07968	-3.58179	-1.50211
BLOCK06/SES069/SA069S25	SES226	-0.938041	-2.44015	-1.50211
BLOCK06/SES069/SA069S25	SES270	-2.22467	-3.72678	-1.50211
BLOCK06/SES069/SA069S27	SES087	-2.60747	-5.91189	-3.30442
BLOCK06/SES069/SA069S27	SES206	-1.12514	-4.42956	-3.30442
BLOCK06/SES069/SA069S27	SES226	-1.28023	-4.58466	-3.30442
BLOCK06/SES069/SA069S27	SES270	-1.78555	-5.08998	-3.30442
BLOCK08/SES081/SA081S11	SES060	-1.76693	-8.86659	-7.09966
BLOCK08/SES081/SA081S11	SES062	-2.48214	-9.5818	-7.09966
BLOCK08/SES081/SA081S11	SES117	-1.39345	-8.49311	-7.09966
BLOCK08/SES081/SA081S11	SES162	-1.57019	-8.66986	-7.09966
BLOCK08/SES081/SA081S13	SES016	-1.92846	-5.67531	-3.74686
BLOCK08/SES081/SA081S13	SES060	-0.729495	-4.47635	-3.74686
BLOCK08/SES081/SA081S13	SES068	-0.961161	-4.70802	-3.74686
BLOCK08/SES081/SA081S13	SES129	-2.64085	-6.38771	-3.74686
BLOCK08/SES081/SA081S24	SES060	-0.351367	-5.43811	-5.08674
BLOCK08/SES081/SA081S24	SES068	-0.85183	-5.93857	-5.08674
BLOCK08/SES081/SA081S24	SES117	-1.02585	-6.11259	-5.08674
BLOCK08/SES081/SA081S24	SES275	-1.4978	-6.58454	-5.08674
BLOCK08/SES081/SA081S27	SES007	-1.70407	-12.3731	-10.669
BLOCK08/SES081/SA081S27	SES060	-1.68275	-12.3517	-10.669
BLOCK08/SES081/SA081S27	SES117	-1.61202	-12.281	-10.669
BLOCK08/SES081/SA081S27	SES275	-4.14603	-14.815	-10.669
BLOCK08/SES081/SA081S29	SES007	-0.847149	-10.5465	-9.69933
BLOCK08/SES081/SA081S29	SES060	-0.540137	-10.2395	-9.69933
BLOCK08/SES081/SA081S29	SES117	-0.575484	-10.2748	-9.69933
BLOCK08/SES081/SA081S29	SES275	-1.83656	-11.5359	-9.69933
BLOCK08/SES086/SA086S11	SES029	-2.64806	-11.2663	-8.61819
BLOCK08/SES086/SA086S11	SES082	-0.44517	-9.06336	-8.61819
BLOCK08/SES086/SA086S11	SES087	0.356621	-8.26157	-8.61819
BLOCK08/SES086/SA086S11	SES206	-0.7005	-9.31869	-8.61819
BLOCK08/SES086/SA086S12	SES029	-1.41871	-7.75778	-6.33907
BLOCK08/SES086/SA086S12	SES082	-1.47186	-7.81093	-6.33907
BLOCK08/SES086/SA086S12	SES087	0.189708	-6.14936	-6.33907
BLOCK08/SES086/SA086S12	SES206	-1.17041	-7.50948	-6.33907
BLOCK08/SES086/SA086S20	SES029	-2.07714	-7.36556	-5.28842
BLOCK08/SES086/SA086S20	SES082	-1.57143	-6.85985	-5.28842
BLOCK08/SES086/SA086S20	SES087	-0.599661	-5.88808	-5.28842
BLOCK08/SES086/SA086S20	SES206	-0.568256	-5.85667	-5.28842
BLOCK08/SES086/SA086S24	SES087	-0.381748	-7.10553	-6.72378
BLOCK08/SES086/SA086S24	SES104	-0.318879	-7.04266	-6.72378
BLOCK08/SES086/SA086S24	SES120	-0.284622	-7.0084	-6.72378
BLOCK08/SES086/SA086S24	SES206	0.466061	-6.25772	-6.72378
BLOCK08/SES086/SA086S28	SES029	-2.29653	-5.72684	-3.43032
BLOCK08/SES086/SA086S28	SES082	-1.12312	-4.55344	-3.43032
BLOCK08/SES086/SA086S28	SES087	-0.828976	-4.25929	-3.43032
BLOCK08/SES086/SA086S28	SES206	-0.953292	-4.38361	-3.43032
BLOCK08/SES089/SA089S13	SES087	-1.91601	-7.74366	-5.82765
BLOCK08/SES089/SA089S13	SES206	-2.10833	-7.93599	-5.82765
BLOCK08/SES089/SA089S13	SES226	-0.524365	-6.35202	-5.82765
BLOCK08/SES089/SA089S13	SES270	-1.06946	-6.89711	-5.82765
BLOCK08/SES089/SA089S14	SES062	-1.18655	-5.83271	-4.64617
BLOCK08/SES089/SA089S14	SES087	-0.477863	-5.12403	-4.64617
BLOCK08/SES089/SA089S14	SES206	-1.44322	-6.08939	-4.64617
BLOCK08/SES089/SA089S14	SES226	-1.29125	-5.93742	-4.64617
BLOCK08/SES089/SA089S23	SES087	-2.12814	-9.87181	-7.74367
BLOCK08/SES089/SA089S23	SES206	-1.24423	-8.9879	-7.74367
BLOCK08/SES089/SA089S23	SES226	-0.749828	-8.4935	-7.74367
BLOCK08/SES089/SA089S23	SES270	-1.67033	-9.414	-7.74367
BLOCK08/SES089/SA089S25	SES062	-2.46415	-7.44363	-4.97948
BLOCK08/SES089/SA089S25	SES087	-1.53786	-6.51734	-4.97948
BLOCK08/SES089/SA089S25	SES206	-2.15671	-7.1362	-4.97948
BLOCK08/SES089/SA089S25	SES226	-1.1378	-6.11729	-4.97948
BLOCK08/SES089/SA089S28	SES062	-1.99051	-5.4572	-3.46669
BLOCK08/SES089/SA089S28	SES087	-0.82383	-4.29052	-3.46669
BLOCK08/SES089/SA089S28	SES206	-1.79737	-5.26406	-3.46669
BLOCK08/SES089/SA089S28	SES226	-1.49123	-4.95793	-3.46669
BLOCK09/SES097/SA097S11	SES099	-0.293576	-2.60049	-2.30691
BLOCK09/SES097/SA097S11	SES125	-0.641875	-2.94879	-2.30691
BLOCK09/SES097/SA097S11	SES206	-1.57742	-3.88434	-2.30691
BLOCK09/SES097/SA097S11	SES226	-1.09625	-3.40316	-2.30691
BLOCK09/SES097/SA097S14	SES062	-2.48559	-4.37501	-1.88941
BLOCK09/SES097/SA097S14	SES099	-1.82669	-3.7161	-1.88941
BLOCK09/SES097/SA097S14	SES104	-2.579	-4.46841	-1.88941
BLOCK09/SES097/SA097S14	SES206	-2.76708	-4.65649	-1.88941
BLOCK09/SES097/SA097S22	SES099	0.072865	-2.67878	-2.75164
BLOCK09/SES097/SA097S22	SES206	-1.91378	-4.66543	-2.75164
BLOCK09/SES097/SA097S22	SES226	-2.02093	-4.77257	-2.75164
BLOCK09/SES097/SA097S22	SES270	-2.49393	-5.24557	-2.75164
BLOCK09/SES097/SA097S26	SES099	-0.122659	-5.06079	-4.93814
BLOCK09/SES097/SA097S26	SES120	-2.18956	-7.1277	-4.93814
BLOCK09/SES097/SA097S26	SES206	-2.7776	-7.71573	-4.93814
BLOCK09/SES097/SA097S26	SES226	-1.99444	-6.93258	-4.93814
BLOCK09/SES097/SA097S28	SES099	0.695567	-2.24823	-2.94379
BLOCK09/SES097/SA097S28	SES120	-1.53631	-4.4801	-2.94379
BLOCK09/SES097/SA097S28	SES206	-1.74437	-4.68817	-2.94379
BLOCK09/SES097/SA097S28	SES226	-1.74499	-4.68879	-2.94379
BLOCK09/SES098/SA098S11	SES127	-1.42102	-6.48594	-5.06492
BLOCK09/SES098/SA098S11	SES144	-1.06466	-6.12959	-5.06492
BLOCK09/SES098/SA098S11	SES147	-0.805014	-5.86994	-5.06492
BLOCK09/SES098/SA098S11	SES148	-2.54938	-7.6143	-5.06492
BLOCK09/SES098/SA098S12	SES127	-2.03867	-10.6966	-8.65796
BLOCK09/SES098/SA098S12	SES144	-1.12938	-9.78734	-8.65796
BLOCK09/SES098/SA098S12	SES147	-1.038	-9.69596	-8.65796
BLOCK09/SES098/SA098S12	SES189	-1.02427	-9.68223	-8.65796
BLOCK09/SES098/SA098S20	SES127	-3.60675	-14.5497	-10.943
BLOCK09/SES098/SA098S20	SES147	-2.6596	-13.6026	-10.943
BLOCK09/SES098/SA098S20	SES148	-5.94527	-16.8883	-10.943
BLOCK09/SES098/SA098S20	SES292	-0.849414	-11.7924	-10.943
BLOCK09/SES098/SA098S23	SES127	-0.979993	-7.69113	-6.71114
BLOCK09/SES098/SA098S23	SES147	-1.54948	-8.26061	-6.71114
BLOCK09/SES098/SA098S23	SES187	-0.540264	-7.2514	-6.71114
BLOCK09/SES098/SA098S23	SES292	-1.5624	-8.27353	-6.71114
BLOCK09/SES098/SA098S27	SES127	-2.19402	-9.70061	-7.5066
BLOCK09/SES098/SA098S27	SES147	-1.42494	-8.93154	-7.5066
BLOCK09/SES098/SA098S27	SES148	-2.29033	-9.79692	-7.5066
BLOCK09/SES098/SA098S27	SES292	-1.35293	-8.85952	-7.5066
BLOCK10/SES102/SA102S13	SES101	-0.270919	-7.52894	-7.25802
BLOCK10/SES102/SA102S13	SES105	-1.17496	-8.43297	-7.25802
BLOCK10/SES102/SA102S13	SES120	-1.65492	-8.91294	-7.25802
BLOCK10/SES102/SA102S13	SES158	-1.13496	-8.39298	-7.25802
BLOCK10/SES102/SA102S14	SES007	0.0111144	-3.69981	-3.71093
BLOCK10/SES102/SA102S14	SES101	-1.56532	-5.27625	-3.71093
BLOCK10/SES102/SA102S14	SES105	-1.40617	-5.1171	-3.71093
BLOCK10/SES102/SA102S14	SES147	-2.46659	-6.17751	-3.71093
BLOCK10/SES102/SA102S22	SES007	-0.923919	-5.09581	-4.17189
BLOCK10/SES102/SA102S22	SES101	-1.92513	-6.09703	-4.17189
BLOCK10/SES102/SA102S22	SES105	-1.06824	-5.24013	-4.17189
BLOCK10/SES102/SA102S22	SES158	-1.15488	-5.32678	-4.17189
BLOCK10/SES102/SA102S25	SES007	-0.507092	-4.73582	-4.22872
BLOCK10/SES102/SA102S25	SES101	-1.48239	-5.71111	-4.22872
BLOCK10/SES102/SA102S25	SES105	-1.80823	-6.03696	-4.22872
BLOCK10/SES102/SA102S25	SES147	-2.90596	-7.13468	-4.22872
BLOCK10/SES102/SA102S27	SES007	-0.241061	-2.77271	-2.53165
BLOCK10/SES102/SA102S27	SES101	-0.177629	-2.70928	-2.53165
BLOCK10/SES102/SA102S27	SES105	-1.24847	-3.78012	-2.53165
BLOCK10/SES102/SA102S27	SES147	-1.92102	-4.45267	-2.53165
BLOCK10/SES103/SA103S14	SES105	-1.72026	-11.9523	-10.2321
BLOCK10/SES103/SA103S14	SES106	-2.59468	-12.8267	-10.2321
BLOCK10/SES103/SA103S14	SES120	-2.41892	-12.651	-10.2321
BLOCK10/SES103/SA103S14	SES206	-1.60327	-11.8353	-10.2321
BLOCK10/SES103/SA103S15	SES099	-2.41543	-11.688	-9.27258
BLOCK10/SES103/SA103S15	SES101	-2.58195	-11.8545	-9.27258
BLOCK10/SES103/SA103S15	SES104	-1.50783	-10.7804	-9.27258
BLOCK10/SES103/SA103S15	SES125	-4.44206	-13.7146	-9.27258
BLOCK10/SES103/SA103S24	SES104	-1.28162	-6.16171	-4.88009
BLOCK10/SES103/SA103S24	SES125	-4.53258	-9.41267	-4.88009
BLOCK10/SES103/SA103S24	SES148	-2.75325	-7.63334	-4.88009
BLOCK10/SES103/SA103S24	SES158	-2.42442	-7.30451	-4.88009
BLOCK10/SES103/SA103S26	SES104	-1.36046	-9.34236	-7.9819
BLOCK10/SES103/SA103S26	SES106	-1.22044	-9.20234	-7.9819
BLOCK10/SES103/SA103S26	SES125	-2.7261	-10.708	-7.9819
BLOCK10/SES103/SA103S26	SES148	-4.42681	-12.4087	-7.9819
BLOCK10/SES103/SA103S28	SES104	-2.64127	-12.622	-9.9807
BLOCK10/SES103/SA103S28	SES106	-2.56001	-12.5407	-9.9807
BLOCK10/SES103/SA103S28	SES125	-4.50603	-14.4867	-9.9807
BLOCK10/SES103/SA103S28	SES206	-1.88633	-11.867	-9.9807
BLOCK12/SES121/SA121S12	SES042	-2.00477	-8.00267	-5.9979
BLOCK12/SES121/SA121S12	SES087	-1.55289	-7.55079	-5.9979
BLOCK12/SES121/SA121S12	SES105	-0.307137	-6.30504	-5.9979
BLOCK12/SES121/SA121S12	SES206	-0.673524	-6.67143	-5.9979
BLOCK12/SES121/SA121S14	SES007	-1.52557	-13.0639	-11.5383
BLOCK12/SES121/SA121S14	SES105	-1.16286	-12.7011	-11.5383
BLOCK12/SES121/SA121S14	SES106	-1.57545	-13.1137	-11.5383
BLOCK12/SES121/SA121S14	SES206	-1.01898	-12.5573	-11.5383
BLOCK12/SES121/SA121S23	SES105	-0.527638	-10.0276	-9.49992
BLOCK12/SES121/SA121S23	SES106	-1.24479	-10.7447	-9.49992
BLOCK12/SES121/SA121S23	SES120	-1.14425	-10.6442	-9.49992
BLOCK12/SES121/SA121S23	SES206	-0.0972347	-9.59716	-9.49992
BLOCK12/SES121/SA121S25	SES007	-0.730879	-12.9762	-12.2454
BLOCK12/SES121/SA121S25	SES105	-1.23034	-13.4757	-12.2454
BLOCK12/SES121/SA121S25	SES106	-1.09262	-13.338	-12.2454
BLOCK12/SES121/SA121S25	SES206	-0.0488272	-12.2942	-12.2454
BLOCK12/SES121/SA121S27	SES087	-0.342195	-11.5228	-11.1806
BLOCK12/SES121/SA121S27	SES105	-1.80849	-12.9891	-11.1806
BLOCK12/SES121/SA121S27	SES120	-0.29049	-11.4711	-11.1806
BLOCK12/SES121/SA121S27	SES206	-0.657042	-11.8377	-11.1806
BLOCK12/SES124/SA124S16	SES042	-0.0308554	-3.86656	-3.8357
BLOCK12/SES124/SA124S16	SES082	-0.933032	-4.76874	-3.8357
BLOCK12/SES124/SA124S16	SES183	-0.340173	-4.17588	-3.8357
BLOCK12/SES124/SA124S16	SES206	-1.87286	-5.70857	-3.8357
BLOCK12/SES124/SA124S17	SES105	-1.84322	-10.5614	-8.71818
BLOCK12/SES124/SA124S17	SES149	-1.0464	-9.76458	-8.71818
BLOCK12/SES124/SA124S17	SES158	-1.40669	-10.1249	-8.71818
BLOCK12/SES124/SA124S17	SES275	-2.22127	-10.9394	-8.71818
BLOCK12/SES124/SA124S23	SES105	-3.28988	-4.99123	-1.70135
BLOCK12/SES124/SA124S23	SES125	0.911235	-0.790115	-1.70135
BLOCK12/SES124/SA124S23	SES129	-2.23744	-3.93879	-1.70135
BLOCK12/SES124/SA124S23	SES158	-1.26631	-2.96766	-1.70135
BLOCK12/SES124/SA124S26	SES105	-2.70867	-8.52825	-5.81958
BLOCK12/SES124/SA124S26	SES125	-0.831525	-6.6511	-5.81958
BLOCK12/SES124/SA124S26	SES129	-2.24793	-8.06751	-5.81958
BLOCK12/SES124/SA124S26	SES158	-1.28228	-7.10185	-5.81958
BLOCK12/SES124/SA124S28	SES104	0.0375988	-3.58069	-3.61829
BLOCK12/SES124/SA124S28	SES106	-0.694273	-4.31256	-3.61829
BLOCK12/SES124/SA124S28	SES125	0.498641	-3.11965	-3.61829
BLOCK12/SES124/SA124S28	SES275	-1.81575	-5.43404	-3.61829
BLOCK12/SES126/SA126S13	SES007	-1.20466	-7.82093	-6.61627
BLOCK12/SES126/SA126S13	SES162	-1.09515	-7.71142	-6.61627
BLOCK12/SES126/SA126S13	SES177	-0.769052	-7.38532	-6.61627
BLOCK12/SES126/SA126S13	SES180	-1.55916	-8.17543	-6.61627
BLOCK12/SES126/SA126S14	SES144	-1.26143	-5.31517	-4.05374
BLOCK12/SES126/SA126S14	SES148	-1.55821	-5.61194	-4.05374
BLOCK12/SES126/SA126S14	SES177	-1.09783	-5.15156	-4.05374
BLOCK12/SES126/SA126S14	SES180	-1.63777	-5.6915	-4.05374
BLOCK12/SES126/SA126S20	SES007	-1.20321	-3.37118	-2.16798
BLOCK12/SES126/SA126S20	SES162	-0.748504	-2.91648	-2.16798
BLOCK12/SES126/SA126S20	SES172	-1.27401	-3.44199	-2.16798
BLOCK12/SES126/SA126S20	SES180	-0.370472	-2.53845	-2.16798
BLOCK12/SES126/SA126S24	SES120	0.0819101	-3.6166	-3.69851
BLOCK12/SES126/SA126S24	SES162	-0.421122	-4.11963	-3.69851
BLOCK12/SES126/SA126S24	SES177	-0.108545	-3.80706	-3.69851
BLOCK12/SES126/SA126S24	SES180	-0.984109	-4.68262	-3.69851
BLOCK12/SES126/SA126S26	SES120	-0.193747	-3.18355	-2.98981
BLOCK12/SES126/SA126S26	SES177	-1.47517	-4.46498	-2.98981
BLOCK12/SES126/SA126S26	SES180	-0.194668	-3.18447	-2.98981
BLOCK12/SES126/SA126S26	SES202	-0.832369	-3.82218	-2.98981
BLOCK12/SES128/SA128S10	SES087	-1.85137	-5.89967	-4.04831
BLOCK12/SES128/SA128S10	SES206	-0.73532	-4.78363	-4.04831
BLOCK12/SES128/SA128S10	SES226	-1.21975	-5.26805	-4.04831
BLOCK12/SES128/SA128S10	SES270	-1.91858	-5.96689	-4.04831
BLOCK12/SES128/SA128S12	SES120	-0.801659	-7.42282	-6.62116
BLOCK12/SES128/SA128S12	SES158	-1.67769	-8.29886	-6.62116
BLOCK12/SES128/SA128S12	SES206	-0.364079	-6.98524	-6.62116
BLOCK12/SES128/SA128S12	SES226	-2.0016	-8.62277	-6.62116
BLOCK12/SES128/SA128S21	SES106	-3.58886	-7.93889	-4.35003
BLOCK12/SES128/SA128S21	SES120	-1.5476	-5.89762	-4.35003
BLOCK12/SES128/SA128S21	SES206	-1.95865	-6.30868	-4.35003
BLOCK12/SES128/SA128S21	SES226	-1.98444	-6.33446	-4.35003
BLOCK12/SES128/SA128S24	SES087	-1.21892	-7.63269	-6.41377
BLOCK12/SES128/SA128S24	SES120	-0.772069	-7.18584	-6.41377
BLOCK12/SES128/SA128S24	SES206	-1.00847	-7.42224	-6.41377
BLOCK12/SES128/SA128S24	SES226	-2.06089	-8.47466	-6.41377
BLOCK12/SES128/SA128S27	SES099	-1.30402	-5.82409	-4.52007
BLOCK12/SES128/SA128S27	SES120	-1.25084	-5.77091	-4.52007
BLOCK12/SES128/SA128S27	SES206	-1.25954	-5.77961	-4.52007
BLOCK12/SES128/SA128S27	SES226	-1.84383	-6.36389	-4.52007
BLOCK13/SES130/SA130S13	SES143	-0.711065	-6.20134	-5.49027
BLOCK13/SES130/SA130S13	SES144	-0.212328	-5.7026	-5.49027
BLOCK13/SES130/SA130S13	SES146	-2.29441	-7.78468	-5.49027
BLOCK13/SES130/SA130S13	SES275	-2.16541	-7.65568	-5.49027
BLOCK13/SES130/SA130S15	SES143	-0.50793	-3.40674	-2.89881
BLOCK13/SES130/SA130S15	SES144	0.395202	-2.50361	-2.89881
BLOCK13/SES130/SA130S15	SES146	-0.710248	-3.60906	-2.89881
BLOCK13/SES130/SA130S15	SES275	-0.666976	-3.56578	-2.89881
BLOCK13/SES130/SA130S23	SES127	0.283514	-2.20711	-2.49062
BLOCK13/SES130/SA130S23	SES144	1.07028	-1.42035	-2.49062
BLOCK13/SES130/SA130S23	SES146	-0.494918	-2.98554	-2.49062
BLOCK13/SES130/SA130S23	SES162	0.462349	-2.02828	-2.49062
BLOCK13/SES130/SA130S25	SES127	-0.781453	-0.822161	-0.040708
BLOCK13/SES130/SA130S25	SES144	0.152014	0.111306	-0.040708
BLOCK13/SES130/SA130S25	SES146	-0.390152	-0.43086	-0.040708
BLOCK13/SES130/SA130S25	SES275	-0.935511	-0.976219	-0.040708
BLOCK13/SES130/SA130S28	SES127	-0.807758	-4.2344	-3.42664
BLOCK13/SES130/SA130S28	SES144	-0.776311	-4.20295	-3.42664
BLOCK13/SES130/SA130S28	SES146	-0.674459	-4.1011	-3.42664
BLOCK13/SES130/SA130S28	SES275	-0.493903	-3.92054	-3.42664
BLOCK13/SES131/SA131S13	SES002	-2.52918	-7.27693	-4.74775
BLOCK13/SES131/SA131S13	SES007	-1.41494	-6.16269	-4.74775
BLOCK13/SES131/SA131S13	SES099	-1.13022	-5.87797	-4.74775
BLOCK13/SES131/SA131S13	SES105	-0.986019	-5.73377	-4.74775
BLOCK13/SES131/SA131S14	SES104	-1.36514	-0.650691	0.714446
BLOCK13/SES131/SA131S14	SES106	-1.78177	-1.06732	0.714446
BLOCK13/SES131/SA131S14	SES125	-1.78827	-1.07382	0.714446
BLOCK13/SES131/SA131S14	SES148	-0.225809	0.488637	0.714446
BLOCK13/SES131/SA131S20	SES104	-2.73863	-9.74574	-7.00711
BLOCK13/SES131/SA131S20	SES106	-2.64417	-9.65128	-7.00711
BLOCK13/SES131/SA131S20	SES125	-2.44814	-9.45525	-7.00711
BLOCK13/SES131/SA131S20	SES148	-2.6406	-9.64771	-7.00711
BLOCK13/SES131/SA131S22	SES099	-2.44026	-6.37464	-3.93437
BLOCK13/SES131/SA131S22	SES104	-1.07473	-5.00911	-3.93437
BLOCK13/SES131/SA131S22	SES125	-1.1694	-5.10377	-3.93437
BLOCK13/SES131/SA131S22	SES206	-1.77368	-5.70805	-3.93437
BLOCK13/SES131/SA131S29	SES087	-2.198	-8.24365	-6.04565
BLOCK13/SES131/SA131S29	SES104	-4.31387	-10.3595	-6.04565
BLOCK13/SES131/SA131S29	SES125	-5.04063	-11.0863	-6.04565
BLOCK13/SES131/SA131S29	SES206	-2.70735	-8.75299	-6.04565
BLOCK13/SES132/SA132S11	SES083	-0.990237	-9.36173	-8.37149
BLOCK13/SES132/SA132S11	SES120	0.0959759	-8.27552	-8.37149
BLOCK13/SES132/SA132S11	SES127	-2.32606	-10.6976	-8.37149
BLOCK13/SES132/SA132S11	SES275	-1.03668	-9.40817	-8.37149
BLOCK13/SES132/SA132S12	SES083	-1.19238	-4.8144	-3.62202
BLOCK13/SES132/SA132S12	SES143	-1.46345	-5.08547	-3.62202
BLOCK13/SES132/SA132S12	SES144	-0.603658	-4.22568	-3.62202
BLOCK13/SES132/SA132S12	SES148	-1.47754	-5.09956	-3.62202
BLOCK13/SES132/SA132S22	SES062	-1.69985	-8.54097	-6.84112
BLOCK13/SES132/SA132S22	SES083	-1.03634	-7.87746	-6.84112
BLOCK13/SES132/SA132S22	SES127	-1.68199	-8.52311	-6.84112
BLOCK13/SES132/SA132S22	SES275	-1.10841	-7.94954	-6.84112
BLOCK13/SES132/SA132S24	SES007	-0.769689	-5.08867	-4.31898
BLOCK13/SES132/SA132S24	SES083	-0.583832	-4.90281	-4.31898
BLOCK13/SES132/SA132S24	SES127	-1.71558	-6.03456	-4.31898
BLOCK13/SES132/SA132S24	SES275	-1.06972	-5.38869	-4.31898
BLOCK13/SES132/SA132S27	SES083	-1.82162	-9.50659	-7.68497
BLOCK13/SES132/SA132S27	SES120	0.579645	-7.10533	-7.68497
BLOCK13/SES132/SA132S27	SES127	-3.84607	-11.531	-7.68497
BLOCK13/SES132/SA132S27	SES275	-1.95153	-9.6365	-7.68497
BLOCK14/SES141/SA141S09	SES143	-0.986093	-4.3049	-3.31881
BLOCK14/SES141/SA141S09	SES144	-0.442779	-3.76159	-3.31881
BLOCK14/SES141/SA141S09	SES162	-0.488436	-3.80724	-3.31881
BLOCK14/SES141/SA141S09	SES180	-0.906357	-4.22516	-3.31881
BLOCK14/SES141/SA141S15	SES127	-0.426716	-5.941	-5.51429
BLOCK14/SES141/SA141S15	SES144	-0.440457	-5.95474	-5.51429
BLOCK14/SES141/SA141S15	SES162	-1.55129	-7.06558	-5.51429
BLOCK14/SES141/SA141S15	SES180	-1.04973	-6.56402	-5.51429
BLOCK14/SES141/SA141S24	SES127	-1.34482	-7.04264	-5.69781
BLOCK14/SES141/SA141S24	SES144	-1.85502	-7.55283	-5.69781
BLOCK14/SES141/SA141S24	SES162	-0.875793	-6.57361	-5.69781
BLOCK14/SES141/SA141S24	SES183	-2.07754	-7.77535	-5.69781
BLOCK14/SES141/SA141S26	SES142	0.430286	-5.56071	-5.99099
BLOCK14/SES141/SA141S26	SES144	-0.585763	-6.57675	-5.99099
BLOCK14/SES141/SA141S26	SES172	-0.317053	-6.30804	-5.99099
BLOCK14/SES141/SA141S26	SES180	-0.0581837	-6.04918	-5.99099
BLOCK14/SES141/SA141S29	SES127	-0.39404	-3.59467	-3.20063
BLOCK14/SES141/SA141S29	SES142	0.0200136	-3.18061	-3.20063
BLOCK14/SES141/SA141S29	SES144	-0.676508	-3.87713	-3.20063
BLOCK14/SES141/SA141S29	SES180	-0.202357	-3.40298	-3.20063
BLOCK15/SES157/SA157S08	SES083	-0.917835	-3.06142	-2.14359
BLOCK15/SES157/SA157S08	SES127	-1.19833	-3.34191	-2.14359
BLOCK15/SES157/SA157S08	SES148	-1.05205	-3.19563	-2.14359
BLOCK15/SES157/SA157S08	SES292	-1.78774	-3.93133	-2.14359
BLOCK15/SES157/SA157S11	SES083	-1.72361	-4.47068	-2.74706
BLOCK15/SES157/SA157S11	SES127	-1.95339	-4.70045	-2.74706
BLOCK15/SES157/SA157S11	SES148	-2.37959	-5.12665	-2.74706
BLOCK15/SES157/SA157S11	SES292	-1.74329	-4.49035	-2.74706
BLOCK15/SES157/SA157S21	SES127	-0.0170341	-0.196215	-0.179181
BLOCK15/SES157/SA157S21	SES148	-0.32441	-0.503591	-0.179181
BLOCK15/SES157/SA157S21	SES158	-5.01503	-5.19421	-0.179181
BLOCK15/SES157/SA157S21	SES292	-0.89794	-1.07712	-0.179181
BLOCK15/SES157/SA157S24	SES127	-1.2785	-5.77229	-4.49379
BLOCK15/SES157/SA157S24	SES148	-0.990325	-5.48412	-4.49379
BLOCK15/SES157/SA157S24	SES183	-1.17753	-5.67132	-4.49379
BLOCK15/SES157/SA157S24	SES292	-1.78128	-6.27508	-4.49379
BLOCK15/SES157/SA157S26	SES007	-0.738314	-3.85988	-3.12157
BLOCK15/SES157/SA157S26	SES127	-0.39338	-3.51495	-3.12157
BLOCK15/SES157/SA157S26	SES147	-1.43223	-4.55379	-3.12157
BLOCK15/SES157/SA157S26	SES148	-0.805297	-3.92686	-3.12157
BLOCK16/SES161/SA161S10	SES007	-1.20294	-6.16585	-4.96291
BLOCK16/SES161/SA161S10	SES105	-0.586561	-5.54947	-4.96291
BLOCK16/SES161/SA161S10	SES158	-1.41093	-6.37383	-4.96291
BLOCK16/SES161/SA161S10	SES275	-1.46709	-6.43	-4.96291
BLOCK16/SES161/SA161S12	SES007	-2.70233	-11.6583	-8.95597
BLOCK16/SES161/SA161S12	SES105	-2.35018	-11.3061	-8.95597
BLOCK16/SES161/SA161S12	SES158	-2.81548	-11.7714	-8.95597
BLOCK16/SES161/SA161S12	SES275	-2.79402	-11.75	-8.95597
BLOCK16/SES161/SA161S20	SES007	-1.40381	-11.0946	-9.69075
BLOCK16/SES161/SA161S20	SES105	-1.09323	-10.784	-9.69075
BLOCK16/SES161/SA161S20	SES158	-0.938793	-10.6295	-9.69075
BLOCK16/SES161/SA161S20	SES275	-2.70689	-12.3976	-9.69075
BLOCK16/SES161/SA161S23	SES007	-3.75473	-12.2347	-8.48
BLOCK16/SES161/SA161S23	SES105	-2.10063	-10.5806	-8.48
BLOCK16/SES161/SA161S23	SES148	-2.91152	-11.3915	-8.48
BLOCK16/SES161/SA161S23	SES158	-3.69458	-12.1746	-8.48
BLOCK16/SES161/SA161S28	SES007	-1.21532	-10.9668	-9.75147
BLOCK16/SES161/SA161S28	SES105	-1.84383	-11.5953	-9.75147
BLOCK16/SES161/SA161S28	SES158	-0.652409	-10.4039	-9.75147
BLOCK16/SES161/SA161S28	SES206	-0.835958	-10.5874	-9.75147
BLOCK16/SES164/SA164S11	SES104	-1.32568	-2.16459	-0.838907
BLOCK16/SES164/SA164S11	SES125	-0.415302	-1.25421	-0.838907
BLOCK16/SES164/SA164S11	SES158	-4.00399	-4.84289	-0.838907
BLOCK16/SES164/SA164S11	SES206	-2.10073	-2.93964	-0.838907
BLOCK16/SES164/SA164S13	SES099	-2.27721	-4.7162	-2.43899
BLOCK16/SES164/SA164S13	SES104	-2.56715	-5.00614	-2.43899
BLOCK16/SES164/SA164S13	SES125	-2.16489	-4.60388	-2.43899
BLOCK16/SES164/SA164S13	SES206	-2.35046	-4.78945	-2.43899
BLOCK16/SES164/SA164S24	SES002	-0.00422347	-1.42438	-1.42016
BLOCK16/SES164/SA164S24	SES099	-1.42231	-2.84246	-1.42016
BLOCK16/SES164/SA164S24	SES125	-1.24607	-2.66623	-1.42016
BLOCK16/SES164/SA164S24	SES226	-0.316725	-1.73688	-1.42016
BLOCK16/SES164/SA164S27	SES087	-1.83699	-3.91088	-2.07389
BLOCK16/SES164/SA164S27	SES125	-2.12927	-4.20315	-2.07389
BLOCK16/SES164/SA164S27	SES206	-2.62475	-4.69863	-2.07389
BLOCK16/SES164/SA164S27	SES226	-1.95576	-4.02965	-2.07389
BLOCK16/SES164/SA164S29	SES002	-1.37352	-2.27873	-0.905212
BLOCK16/SES164/SA164S29	SES019	-2.18307	-3.08828	-0.905212
BLOCK16/SES164/SA164S29	SES125	-1.6048	-2.51001	-0.905212
BLOCK16/SES164/SA164S29	SES226	-1.7992	-2.70442	-0.905212
BLOCK16/SES169/SA169S13	SES117	-1.57611	-6.99386	-5.41775
BLOCK16/SES169/SA169S13	SES144	-1.55467	-6.97242	-5.41775
BLOCK16/SES169/SA169S13	SES146	-0.673352	-6.0911	-5.41775
BLOCK16/SES169/SA169S13	SES162	-1.14047	-6.55822	-5.41775
BLOCK16/SES169/SA169S14	SES144	-1.29914	-2.5624	-1.26326
BLOCK16/SES169/SA169S14	SES148	-0.759946	-2.0232	-1.26326
BLOCK16/SES169/SA169S14	SES177	-0.669734	-1.93299	-1.26326
BLOCK16/SES169/SA169S14	SES180	-0.910888	-2.17415	-1.26326
BLOCK16/SES169/SA169S24	SES117	-0.176158	-4.66265	-4.4865
BLOCK16/SES169/SA169S24	SES144	0.0663161	-4.42018	-4.4865
BLOCK16/SES169/SA169S24	SES146	-0.532721	-5.01922	-4.4865
BLOCK16/SES169/SA169S24	SES162	0.0498309	-4.43667	-4.4865
BLOCK16/SES169/SA169S27	SES127	-0.801946	-6.0487	-5.24675
BLOCK16/SES169/SA169S27	SES129	-0.571669	-5.81842	-5.24675
BLOCK16/SES169/SA169S27	SES144	-0.930251	-6.177	-5.24675
BLOCK16/SES169/SA169S27	SES146	-0.445499	-5.69225	-5.24675
BLOCK16/SES169/SA169S29	SES144	-0.528956	-1.84536	-1.3164
BLOCK16/SES169/SA169S29	SES162	-0.879457	-2.19586	-1.3164
BLOCK16/SES169/SA169S29	SES177	-1.0914	-2.4078	-1.3164
BLOCK16/SES169/SA169S29	SES180	-0.560472	-1.87687	-1.3164
BLOCK17/SES171/SA171S12	SES083	-1.41185	-5.82356	-4.41171
BLOCK17/SES171/SA171S12	SES148	-1.36068	-5.77239	-4.41171
BLOCK17/SES171/SA171S12	SES172	-1.3483	-5.76001	-4.41171
BLOCK17/SES171/SA171S12	SES292	-1.59672	-6.00843	-4.41171
BLOCK17/SES171/SA171S15	SES148	-2.10944	-6.97074	-4.8613
BLOCK17/SES171/SA171S15	SES177	-1.16016	-6.02147	-4.8613
BLOCK17/SES171/SA171S15	SES180	-3.14531	-8.00661	-4.8613
BLOCK17/SES171/SA171S15	SES292	-2.13101	-6.99232	-4.8613
BLOCK17/SES171/SA171S22	SES007	-0.575843	-1.19888	-0.623039
BLOCK17/SES171/SA171S22	SES148	-1.27186	-1.8949	-0.623039
BLOCK17/SES171/SA171S22	SES177	-0.22259	-0.845629	-0.623039
BLOCK17/SES171/SA171S22	SES180	-2.33957	-2.96261	-0.623039
BLOCK17/SES171/SA171S25	SES101	-2.04636	-7.07181	-5.02545
BLOCK17/SES171/SA171S25	SES120	-2.47197	-7.49743	-5.02545
BLOCK17/SES171/SA171S25	SES177	-0.706651	-5.7321	-5.02545
BLOCK17/SES171/SA171S25	SES180	-1.84104	-6.86649	-5.02545
BLOCK17/SES171/SA171S27	SES177	-1.26642	-6.54944	-5.28301
BLOCK17/SES171/SA171S27	SES180	-2.30557	-7.58858	-5.28301
BLOCK17/SES171/SA171S27	SES189	-1.04089	-6.32391	-5.28301
BLOCK17/SES171/SA171S27	SES292	-1.56236	-6.84538	-5.28301
BLOCK17/SES173/SA173S13	SES162	-2.63438	-8.15271	-5.51833
BLOCK17/SES173/SA173S13	SES177	-1.19415	-6.71247	-5.51833
BLOCK17/SES173/SA173S13	SES180	-1.62468	-7.143	-5.51833
BLOCK17/SES173/SA173S13	SES292	-0.375134	-5.89346	-5.51833
BLOCK17/SES173/SA173S14	SES007	-1.82593	-5.66483	-3.8389
BLOCK17/SES173/SA173S14	SES162	-1.57709	-5.41599	-3.8389
BLOCK17/SES173/SA173S14	SES177	-0.822659	-4.66156	-3.8389
BLOCK17/SES173/SA173S14	SES180	-1.70407	-5.54297	-3.8389
BLOCK17/SES173/SA173S24	SES144	-1.86678	-7.34624	-5.47945
BLOCK17/SES173/SA173S24	SES162	-1.52506	-7.00451	-5.47945
BLOCK17/SES173/SA173S24	SES177	-0.273458	-5.75291	-5.47945
BLOCK17/SES173/SA173S24	SES180	-2.86489	-8.34434	-5.47945
BLOCK17/SES173/SA173S27	SES162	-2.30809	-9.12319	-6.8151
BLOCK17/SES173/SA173S27	SES177	-1.06219	-7.8773	-6.8151
BLOCK17/SES173/SA173S27	SES180	-1.85224	-8.66734	-6.8151
BLOCK17/SES173/SA173S27	SES292	-0.363237	-7.17834	-6.8151
BLOCK17/SES173/SA173S29	SES162	-1.03248	-3.07296	-2.04049
BLOCK17/SES173/SA173S29	SES175	-0.556615	-2.5971	-2.04049
BLOCK17/SES173/SA173S29	SES177	0.426476	-1.61401	-2.04049
BLOCK17/SES173/SA173S29	SES292	-0.502486	-2.54297	-2.04049
BLOCK18/SES182/SA182S10	SES144	-1.86134	-6.8387	-4.97736
BLOCK18/SES182/SA182S10	SES177	-1.01914	-5.99649	-4.97736
BLOCK18/SES182/SA182S10	SES180	-2.04924	-7.02659	-4.97736
BLOCK18/SES182/SA182S10	SES275	-1.27531	-6.25266	-4.97736
BLOCK18/SES182/SA182S12	SES144	-1.21482	-5.99604	-4.78122
BLOCK18/SES182/SA182S12	SES177	-0.786929	-5.56815	-4.78122
BLOCK18/SES182/SA182S12	SES180	-2.54879	-7.33002	-4.78122
BLOCK18/SES182/SA182S12	SES275	-1.4456	-6.22682	-4.78122
BLOCK18/SES182/SA182S21	SES117	-1.17687	-9.36316	-8.18628
BLOCK18/SES182/SA182S21	SES144	-1.18972	-9.376	-8.18628
BLOCK18/SES182/SA182S21	SES162	-0.90844	-9.09472	-8.18628
BLOCK18/SES182/SA182S21	SES180	-2.47026	-10.6565	-8.18628
BLOCK18/SES182/SA182S23	SES117	-1.1322	-11.2356	-10.1034
BLOCK18/SES182/SA182S23	SES144	-2.17187	-12.2753	-10.1034
BLOCK18/SES182/SA182S23	SES180	-5.00749	-15.1109	-10.1034
BLOCK18/SES182/SA182S23	SES275	-2.55622	-12.6596	-10.1034
BLOCK18/SES182/SA182S25	SES007	-0.0588608	-5.84764	-5.78878
BLOCK18/SES182/SA182S25	SES162	-0.285111	-6.07389	-5.78878
BLOCK18/SES182/SA182S25	SES177	-0.43496	-6.22374	-5.78878
BLOCK18/SES182/SA182S25	SES180	-2.28396	-8.07274	-5.78878
BLOCK18/SES184/SA184S12	SES177	-0.235728	-3.51314	-3.27741
BLOCK18/SES184/SA184S12	SES180	-0.102597	-3.38001	-3.27741
BLOCK18/SES184/SA184S12	SES189	-2.15886	-5.43627	-3.27741
BLOCK18/SES184/SA184S12	SES292	-0.686462	-3.96387	-3.27741
BLOCK18/SES184/SA184S13	SES101	-1.72562	-5.98734	-4.26172
BLOCK18/SES184/SA184S13	SES177	-1.46775	-5.72947	-4.26172
BLOCK18/SES184/SA184S13	SES180	-0.860048	-5.12177	-4.26172
BLOCK18/SES184/SA184S13	SES292	-1.37332	-5.63504	-4.26172
BLOCK18/SES184/SA184S22	SES177	-0.630515	-3.78182	-3.15131
BLOCK18/SES184/SA184S22	SES180	-0.0205884	-3.1719	-3.15131
BLOCK18/SES184/SA184S22	SES189	-2.39526	-5.54657	-3.15131
BLOCK18/SES184/SA184S22	SES292	-1.12978	-4.28109	-3.15131
BLOCK18/SES184/SA184S25	SES101	-1.1384	-3.76045	-2.62206
BLOCK18/SES184/SA184S25	SES177	-1.15857	-3.78063	-2.62206
BLOCK18/SES184/SA184S25	SES180	-0.76113	-3.38319	-2.62206
BLOCK18/SES184/SA184S25	SES292	-1.12446	-3.74652	-2.62206
BLOCK18/SES184/SA184S27	SES083	-1.84114	-4.68041	-2.83927
BLOCK18/SES184/SA184S27	SES177	-1.18213	-4.0214	-2.83927
BLOCK18/SES184/SA184S27	SES202	-1.02048	-3.85975	-2.83927
BLOCK18/SES184/SA184S27	SES292	-1.21121	-4.05048	-2.83927
BLOCK20/SES204/SA204S12	SES062	-1.03639	-4.54777	-3.51138
BLOCK20/SES204/SA204S12	SES083	-1.83332	-5.3447	-3.51138
BLOCK20/SES204/SA204S12	SES206	-1.59788	-5.10926	-3.51138
BLOCK20/SES204/SA204S12	SES226	-2.08871	-5.60009	-3.51138
BLOCK20/SES204/SA204S14	SES068	-1.55976	-3.52957	-1.96981
BLOCK20/SES204/SA204S14	SES087	-0.648452	-2.61826	-1.96981
BLOCK20/SES204/SA204S14	SES206	-2.64318	-4.61299	-1.96981
BLOCK20/SES204/SA204S14	SES226	-2.31882	-4.28863	-1.96981
BLOCK20/SES204/SA204S22	SES068	-1.06872	-4.95757	-3.88885
BLOCK20/SES204/SA204S22	SES082	-1.4586	-5.34745	-3.88885
BLOCK20/SES204/SA204S22	SES083	-2.09522	-5.98407	-3.88885
BLOCK20/SES204/SA204S22	SES206	-1.18158	-5.07043	-3.88885
BLOCK20/SES204/SA204S25	SES062	-1.87715	-5.71751	-3.84036
BLOCK20/SES204/SA204S25	SES083	-2.57967	-6.42003	-3.84036
BLOCK20/SES204/SA204S25	SES206	-1.34652	-5.18687	-3.84036
BLOCK20/SES204/SA204S25	SES226	-1.39027	-5.23063	-3.84036
BLOCK20/SES204/SA204S27	SES068	-1.20975	-5.78528	-4.57553
BLOCK20/SES204/SA204S27	SES082	-1.69466	-6.2702	-4.57553
BLOCK20/SES204/SA204S27	SES087	0.24749	-4.32804	-4.57553
BLOCK20/SES204/SA204S27	SES206	-1.82246	-6.398	-4.57553
BLOCK20/SES207/SA207S10	SES127	-1.81914	-3.67795	-1.85881
BLOCK20/SES207/SA207S10	SES183	-1.80926	-3.66807	-1.85881
BLOCK20/SES207/SA207S10	SES189	-1.28837	-3.14718	-1.85881
BLOCK20/SES207/SA207S10	SES292	-1.69136	-3.55016	-1.85881
BLOCK20/SES207/SA207S11	SES127	-1.4222	-3.75048	-2.32829
BLOCK20/SES207/SA207S11	SES183	-1.48219	-3.81048	-2.32829
BLOCK20/SES207/SA207S11	SES187	-1.00146	-3.32975	-2.32829
BLOCK20/SES207/SA207S11	SES292	-1.17073	-3.49902	-2.32829
BLOCK20/SES207/SA207S25	SES068	-1.08608	-6.21788	-5.1318
BLOCK20/SES207/SA207S25	SES083	-1.36277	-6.49457	-5.1318
BLOCK20/SES207/SA207S25	SES127	0.203426	-4.92837	-5.1318
BLOCK20/SES207/SA207S25	SES187	-0.953892	-6.08569	-5.1318
BLOCK20/SES207/SA207S27	SES127	-1.65299	-8.70428	-7.0513
BLOCK20/SES207/SA207S27	SES183	-1.29143	-8.34272	-7.0513
BLOCK20/SES207/SA207S27	SES187	-0.798673	-7.84997	-7.0513
BLOCK20/SES207/SA207S27	SES292	-2.04245	-9.09375	-7.0513
BLOCK20/SES207/SA207S29	SES083	-1.89892	-4.1501	-2.25118
BLOCK20/SES207/SA207S29	SES085	-1.1174	-3.36858	-2.25118
BLOCK20/SES207/SA207S29	SES172	-0.315934	-2.56712	-2.25118
BLOCK20/SES207/SA207S29	SES189	-2.93554	-5.18673	-2.25118
BLOCK22/SES221/SA221S12	SES068	0.0477483	-3.45419	-3.50194
BLOCK22/SES221/SA221S12	SES143	-0.78295	-4.28489	-3.50194
BLOCK22/SES221/SA221S12	SES175	-0.263771	-3.76571	-3.50194
BLOCK22/SES221/SA221S12	SES202	0.212207	-3.28973	-3.50194
BLOCK22/SES221/SA221S15	SES085	0.27244	-4.07004	-4.34248
BLOCK22/SES221/SA221S15	SES143	-0.565296	-4.90778	-4.34248
BLOCK22/SES221/SA221S15	SES175	-0.383812	-4.72629	-4.34248
BLOCK22/SES221/SA221S15	SES187	-0.928685	-5.27117	-4.34248
BLOCK22/SES221/SA221S23	SES068	-0.211834	-5.52541	-5.31358
BLOCK22/SES221/SA221S23	SES143	-0.693814	-6.00739	-5.31358
BLOCK22/SES221/SA221S23	SES175	-0.335038	-5.64862	-5.31358
BLOCK22/SES221/SA221S23	SES189	-1.11504	-6.42862	-5.31358
BLOCK22/SES221/SA221S27	SES085	0.650259	-4.76053	-5.41079
BLOCK22/SES221/SA221S27	SES143	-0.361696	-5.77249	-5.41079
BLOCK22/SES221/SA221S27	SES175	-0.227257	-5.63805	-5.41079
BLOCK22/SES221/SA221S27	SES189	-1.05303	-6.46383	-5.41079
BLOCK22/SES221/SA221S29	SES085	0.725594	-7.12423	-7.84983
BLOCK22/SES221/SA221S29	SES143	-0.332573	-8.1824	-7.84983
BLOCK22/SES221/SA221S29	SES175	0.18144	-7.66839	-7.84983
BLOCK22/SES221/SA221S29	SES187	-0.533846	-8.38367	-7.84983
BLOCK22/SES223/SA223S11	SES143	-0.133683	-6.71905	-6.58536
BLOCK22/SES223/SA223S11	SES144	-1.23258	-7.81795	-6.58536
BLOCK22/SES223/SA223S11	SES175	-0.523328	-7.10869	-6.58536
BLOCK22/SES223/SA223S11	SES187	-0.411105	-6.99647	-6.58536
BLOCK22/SES223/SA223S13	SES068	0.151671	-8.41147	-8.56314
BLOCK22/SES223/SA223S13	SES143	-1.27549	-9.83864	-8.56314
BLOCK22/SES223/SA223S13	SES146	-0.385983	-8.94913	-8.56314
BLOCK22/SES223/SA223S13	SES202	-0.663559	-9.2267	-8.56314
BLOCK22/SES223/SA223S22	SES143	-0.699575	-5.30517	-4.60559
BLOCK22/SES223/SA223S22	SES144	-1.83207	-6.43766	-4.60559
BLOCK22/SES223/SA223S22	SES175	-1.56829	-6.17389	-4.60559
BLOCK22/SES223/SA223S22	SES187	-0.75978	-5.36537	-4.60559
BLOCK22/SES223/SA223S25	SES068	-0.973456	-5.55725	-4.58379
BLOCK22/SES223/SA223S25	SES143	-0.344764	-4.92855	-4.58379
BLOCK22/SES223/SA223S25	SES175	-0.301637	-4.88543	-4.58379
BLOCK22/SES223/SA223S25	SES187	-0.990371	-5.57416	-4.58379
BLOCK22/SES223/SA223S27	SES143	-0.381269	-8.87317	-8.4919
BLOCK22/SES223/SA223S27	SES146	-1.26689	-9.75879	-8.4919
BLOCK22/SES223/SA223S27	SES187	-0.347829	-8.83973	-8.4919
BLOCK22/SES223/SA223S27	SES292	-0.89297	-9.38487	-8.4919
BLOCK27/SES273/SA273S12	SES099	-0.201813	-5.81199	-5.61017
BLOCK27/SES273/SA273S12	SES104	-0.735832	-6.34601	-5.61017
BLOCK27/SES273/SA273S12	SES125	-1.07466	-6.68483	-5.61017
BLOCK27/SES273/SA273S12	SES206	0.555101	-5.05507	-5.61017
BLOCK27/SES273/SA273S13	SES099	-0.554658	-1.39174	-0.837087
BLOCK27/SES273/SA273S13	SES104	-1.19515	-2.03224	-0.837087
BLOCK27/SES273/SA273S13	SES206	-0.606574	-1.44366	-0.837087
BLOCK27/SES273/SA273S13	SES292	-1.37059	-2.20767	-0.837087
BLOCK27/SES273/SA273S21	SES099	-0.549746	-3.17284	-2.6231
BLOCK27/SES273/SA273S21	SES148	-3.25672	-5.87982	-2.6231
BLOCK27/SES273/SA273S21	SES149	-1.47724	-4.10033	-2.6231
BLOCK27/SES273/SA273S21	SES177	-1.6582	-4.28129	-2.6231
BLOCK27/SES273/SA273S25	SES104	-0.528993	-6.38301	-5.85402
BLOCK27/SES273/SA273S25	SES125	-0.808409	-6.66242	-5.85402
BLOCK27/SES273/SA273S25	SES158	-0.152406	-6.00642	-5.85402
BLOCK27/SES273/SA273S25	SES206	0.152823	-5.70119	-5.85402
BLOCK27/SES273/SA273S27	SES099	-0.988172	-0.862921	0.125251
BLOCK27/SES273/SA273S27	SES104	-2.03343	-1.90818	0.125251
BLOCK27/SES273/SA273S27	SES149	-1.16134	-1.03609	0.125251
BLOCK27/SES273/SA273S27	SES275	-1.4425	-1.31724	0.125251
BLOCK27/SES274/SA274S10	SES105	-2.56783	-2.56744	0.000389481
BLOCK27/SES274/SA274S10	SES125	-3.35548	-3.35509	0.000389481
BLOCK27/SES274/SA274S10	SES129	-0.823299	-0.82291	0.000389481
BLOCK27/SES274/SA274S10	SES158	-5.45705	-5.45666	0.000389481
BLOCK27/SES274/SA274S11	SES105	-1.59033	-5.52158	-3.93125
BLOCK27/SES274/SA274S11	SES149	-1.37613	-5.30738	-3.93125
BLOCK27/SES274/SA274S11	SES158	-2.48227	-6.41352	-3.93125
BLOCK27/SES274/SA274S11	SES275	-1.27249	-5.20374	-3.93125
BLOCK27/SES274/SA274S21	SES105	-1.43199	-4.95483	-3.52283
BLOCK27/SES274/SA274S21	SES129	-0.679223	-4.20206	-3.52283
BLOCK27/SES274/SA274S21	SES149	-1.49065	-5.01348	-3.52283
BLOCK27/SES274/SA274S21	SES158	-3.2293	-6.75214	-3.52283
BLOCK27/SES274/SA274S24	SES105	-1.99153	-5.29115	-3.29963
BLOCK27/SES274/SA274S24	SES129	-0.34654	-3.64617	-3.29963
BLOCK27/SES274/SA274S24	SES149	-1.91549	-5.21512	-3.29963
BLOCK27/SES274/SA274S24	SES158	-4.26889	-7.56852	-3.29963
BLOCK27/SES274/SA274S29	SES105	-1.69501	-4.58093	-2.88592
BLOCK27/SES274/SA274S29	SES106	-2.74512	-5.63104	-2.88592
BLOCK27/SES274/SA274S29	SES120	-1.0186	-3.90451	-2.88592
BLOCK27/SES274/SA274S29	SES275	-0.968293	-3.85421	-2.88592
BLOCK27/SES276/SA276S16	SES148	-1.92481	-6.93799	-5.01318
BLOCK27/SES276/SA276S16	SES172	0.0204926	-4.99269	-5.01318
BLOCK27/SES276/SA276S16	SES180	-0.279517	-5.2927	-5.01318
BLOCK27/SES276/SA276S16	SES292	-0.416024	-5.4292	-5.01318
BLOCK27/SES276/SA276S17	SES101	-0.86845	-4.06357	-3.19512
BLOCK27/SES276/SA276S17	SES177	-0.591455	-3.78657	-3.19512
BLOCK27/SES276/SA276S17	SES180	-0.322606	-3.51772	-3.19512
BLOCK27/SES276/SA276S17	SES292	-0.478462	-3.67358	-3.19512
BLOCK27/SES276/SA276S24	SES101	-0.795146	-3.40193	-2.60679
BLOCK27/SES276/SA276S24	SES177	-0.352808	-2.9596	-2.60679
BLOCK27/SES276/SA276S24	SES180	-0.822991	-3.42978	-2.60679
BLOCK27/SES276/SA276S24	SES292	-0.936135	-3.54292	-2.60679
BLOCK27/SES276/SA276S26	SES101	-1.24029	-0.927792	0.3125
BLOCK27/SES276/SA276S26	SES177	-0.193352	0.119149	0.3125
BLOCK27/SES276/SA276S26	SES180	-0.116368	0.196133	0.3125
BLOCK27/SES276/SA276S26	SES292	0.379321	0.691822	0.3125
BLOCK27/SES276/SA276S28	SES101	-1.42972	-1.55565	-0.125934
BLOCK27/SES276/SA276S28	SES177	-0.940982	-1.06692	-0.125934
BLOCK27/SES276/SA276S28	SES180	-0.150722	-0.276656	-0.125934
BLOCK27/SES276/SA276S28	SES292	-0.370304	-0.496238	-0.125934
BLOCK27/SES277/SA277S12	SES101	-1.08158	-7.98789	-6.90631
BLOCK27/SES277/SA277S12	SES177	-1.92658	-8.83288	-6.90631
BLOCK27/SES277/SA277S12	SES180	-1.79964	-8.70595	-6.90631
BLOCK27/SES277/SA277S12	SES292	-1.20325	-8.10956	-6.90631
BLOCK27/SES277/SA277S14	SES177	-1.15038	-6.58254	-5.43217
BLOCK27/SES277/SA277S14	SES180	-2.09131	-7.52347	-5.43217
BLOCK27/SES277/SA277S14	SES189	-0.425463	-5.85763	-5.43217
BLOCK27/SES277/SA277S14	SES292	-1.9776	-7.40976	-5.43217
BLOCK27/SES277/SA277S21	SES177	-1.14773	-6.60118	-5.45345
BLOCK27/SES277/SA277S21	SES180	-1.45002	-6.90347	-5.45345
BLOCK27/SES277/SA277S21	SES189	-1.01781	-6.47126	-5.45345
BLOCK27/SES277/SA277S21	SES292	-1.49613	-6.94958	-5.45345
BLOCK27/SES277/SA277S24	SES144	-1.50863	-8.4504	-6.94177
BLOCK27/SES277/SA277S24	SES177	-1.6532	-8.59497	-6.94177
BLOCK27/SES277/SA277S24	SES180	-2.40761	-9.34938	-6.94177
BLOCK27/SES277/SA277S24	SES189	-1.26474	-8.20651	-6.94177
BLOCK27/SES277/SA277S29	SES177	-0.852902	-1.3507	-0.497793
BLOCK27/SES277/SA277S29	SES180	-1.01422	-1.51201	-0.497793
BLOCK27/SES277/SA277S29	SES202	-1.17233	-1.67012	-0.497793
BLOCK27/SES277/SA277S29	SES292	-1.67117	-2.16896	-0.497793
BLOCK27/SES279/SA279S09	SES120	-1.64361	-3.68045	-2.03685
BLOCK27/SES279/SA279S09	SES146	-1.32218	-3.35902	-2.03685
BLOCK27/SES279/SA279S09	SES206	0.0151393	-2.02171	-2.03685
BLOCK27/SES279/SA279S09	SES226	-1.67326	-3.7101	-2.03685
BLOCK27/SES279/SA279S10	SES099	-0.373354	-3.4904	-3.11705
BLOCK27/SES279/SA279S10	SES206	-1.06811	-4.18515	-3.11705
BLOCK27/SES279/SA279S10	SES226	-2.12283	-5.23988	-3.11705
BLOCK27/SES279/SA279S10	SES292	0.00206876	-3.11498	-3.11705
BLOCK27/SES279/SA279S20	SES099	-2.45844	-8.0562	-5.59776
BLOCK27/SES279/SA279S20	SES206	-0.918388	-6.51615	-5.59776
BLOCK27/SES279/SA279S20	SES226	-2.01128	-7.60903	-5.59776
BLOCK27/SES279/SA279S20	SES292	-0.573446	-6.1712	-5.59776
BLOCK27/SES279/SA279S26	SES099	0.411591	-5.21961	-5.6312
BLOCK27/SES279/SA279S26	SES206	1.06147	-4.56973	-5.6312
BLOCK27/SES279/SA279S26	SES226	-2.28595	-7.91716	-5.6312
BLOCK27/SES279/SA279S26	SES292	-0.537694	-6.1689	-5.6312
BLOCK27/SES279/SA279S28	SES099	-0.541567	-0.350837	0.19073
BLOCK27/SES279/SA279S28	SES120	-1.13308	-0.942352	0.19073
BLOCK27/SES279/SA279S28	SES177	-1.22974	-1.03901	0.19073
BLOCK27/SES279/SA279S28	SES206	-1.29816	-1.10743	0.19073
BLOCK29/SES290/SA290S12	SES162	-0.579477	-4.53298	-3.95351
BLOCK29/SES290/SA290S12	SES177	-0.821208	-4.77472	-3.95351
BLOCK29/SES290/SA290S12	SES180	-0.463725	-4.41723	-3.95351
BLOCK29/SES290/SA290S12	SES292	-1.56017	-5.51367	-3.95351
BLOCK29/SES290/SA290S13	SES007	-0.784237	-4.30828	-3.52404
BLOCK29/SES290/SA290S13	SES162	-0.715239	-4.23928	-3.52404
BLOCK29/SES290/SA290S13	SES177	-0.652786	-4.17683	-3.52404
BLOCK29/SES290/SA290S13	SES180	-0.96474	-4.48878	-3.52404
BLOCK29/SES290/SA290S22	SES177	-0.646639	-4.2095	-3.56286
BLOCK29/SES290/SA290S22	SES180	-1.31152	-4.87438	-3.56286
BLOCK29/SES290/SA290S22	SES202	-0.0528975	-3.61576	-3.56286
BLOCK29/SES290/SA290S22	SES292	-0.737355	-4.30022	-3.56286
BLOCK29/SES290/SA290S25	SES162	-1.07158	-5.59466	-4.52308
BLOCK29/SES290/SA290S25	SES177	-0.763679	-5.28676	-4.52308
BLOCK29/SES290/SA290S25	SES180	-1.70164	-6.22472	-4.52308
BLOCK29/SES290/SA290S25	SES292	-1.07146	-5.59455	-4.52308
BLOCK29/SES290/SA290S29	SES177	-0.149038	-1.44877	-1.29973
BLOCK29/SES290/SA290S29	SES180	0.654764	-0.644968	-1.29973
BLOCK29/SES290/SA290S29	SES275	0.232664	-1.06707	-1.29973
BLOCK29/SES290/SA290S29	SES292	-0.536957	-1.83669	-1.29973
BLOCK29/SES291/SA291S11	SES105	-1.4519	-7.31476	-5.86286
BLOCK29/SES291/SA291S11	SES125	-1.51575	-7.37861	-5.86286
BLOCK29/SES291/SA291S11	SES158	-1.33552	-7.19838	-5.86286
BLOCK29/SES291/SA291S11	SES275	-1.67954	-7.5424	-5.86286
BLOCK29/SES291/SA291S12	SES158	0.309065	-7.8552	-8.16427
BLOCK29/SES291/SA291S12	SES226	-2.06212	-10.2264	-8.16427
BLOCK29/SES291/SA291S12	SES270	-0.644883	-8.80915	-8.16427
BLOCK29/SES291/SA291S12	SES275	-3.23874	-11.403	-8.16427
BLOCK29/SES291/SA291S22	SES082	-1.01435	-4.35141	-3.33706
BLOCK29/SES291/SA291S22	SES158	-1.20757	-4.54463	-3.33706
BLOCK29/SES291/SA291S22	SES259	-1.03203	-4.36908	-3.33706
BLOCK29/SES291/SA291S22	SES275	-2.45155	-5.7886	-3.33706
BLOCK29/SES291/SA291S24	SES104	-0.254777	-5.81374	-5.55896
BLOCK29/SES291/SA291S24	SES125	-1.21862	-6.77758	-5.55896
BLOCK29/SES291/SA291S24	SES158	-0.461643	-6.02061	-5.55896
BLOCK29/SES291/SA291S24	SES275	-2.49978	-8.05874	-5.55896
BLOCK29/SES291/SA291S27	SES158	-0.358732	-2.53337	-2.17464
BLOCK29/SES291/SA291S27	SES172	-2.62225	-4.79689	-2.17464
BLOCK29/SES291/SA291S27	SES275	-1.94129	-4.11593	-2.17464
BLOCK29/SES291/SA291S27	SES292	-1.62741	-3.80205	-2.17464
