BLOCK00/SES002/SA002S12	SES002	1.86421	3.35459	1.49039
BLOCK00/SES002/SA002S13	SES002	1.28489	1.70662	0.421732
BLOCK00/SES002/SA002S23	SES002	1.42826	2.56252	1.13426
BLOCK00/SES002/SA002S26	SES002	1.73377	2.40515	0.671378
BLOCK00/SES002/SA002S28	SES002	1.39941	2.75312	1.35371
BLOCK00/SES007/SA007S14	SES007	1.71248	3.9307	2.21822
BLOCK00/SES007/SA007S15	SES007	1.39981	3.4721	2.07229
BLOCK00/SES007/SA007S24	SES007	1.59792	3.64471	2.04679
BLOCK00/SES007/SA007S27	SES007	1.17987	3.04521	1.86534
BLOCK00/SES007/SA007S29	SES007	1.03359	4.28914	3.25554
BLOCK00/SES008/SA008S11	SES008	1.80063	4.04268	2.24205
BLOCK00/SES008/SA008S12	SES008	1.79426	4.50491	2.71064
BLOCK00/SES008/SA008S19	SES008	1.94281	4.93207	2.98926
BLOCK00/SES008/SA008S22	SES008	0.96321	3.08685	2.12364
BLOCK00/SES008/SA008S29	SES008	1.78182	4.22902	2.4472
BLOCK01/SES014/SA014S10	SES014	0.792301	3.46319	2.67089
BLOCK01/SES014/SA014S12	SES014	1.7227	4.79719	3.07449
BLOCK01/SES014/SA014S24	SES014	1.48896	3.81212	2.32316
BLOCK01/SES014/SA014S26	SES014	1.41292	4.83796	3.42504
BLOCK01/SES014/SA014S28	SES014	1.24978	3.80675	2.55697
BLOCK01/SES016/SA016S12	SES016	0.828332	2.01907	1.19074
BLOCK01/SES016/SA016S13	SES016	1.59114	3.06093	1.46979
BLOCK01/SES016/SA016S22	SES016	1.36128	3.73941	2.37813
BLOCK01/SES016/SA016S25	SES016	1.40222	4.27704	2.87482
BLOCK01/SES016/SA016S27	SES016	1.64348	3.95707	2.31359
BLOCK01/SES019/SA019S13	SES019	2.39325	3.02287	0.62962
BLOCK01/SES019/SA019S14	SES019	1.44074	2.94042	1.49968
BLOCK01/SES019/SA019S22	SES019	2.24542	2.90589	0.660468
BLOCK01/SES019/SA019S25	SES019	2.10358	2.73959	0.636009
BLOCK01/SES019/SA019S29	SES019	2.27658	2.25035	-0.0262305
BLOCK02/SES029/SA029S11	SES029	1.51807	4.18465	2.66657
BLOCK02/SES029/SA029S12	SES029	1.46593	3.95154	2.48561
BLOCK02/SES029/SA029S20	SES029	1.5375	3.96284	2.42535
BLOCK02/SES029/SA029S25	SES029	1.34097	3.45601	2.11504
BLOCK02/SES029/SA029S28	SES029	1.77851	4.22861	2.4501
BLOCK04/SES042/SA042S12	SES042	2.06652	4.00199	1.93547
BLOCK04/SES042/SA042S15	SES042	1.00384	4.28286	3.27902
BLOCK04/SES042/SA042S22	SES042	1.86771	4.40039	2.53268
BLOCK04/SES042/SA042S25	SES042	1.01955	3.55351	2.53396
BLOCK04/SES042/SA042S27	SES042	1.53793	4.06293	2.525
BLOCK04/SES048/SA048S11	SES048	1.10847	4.10522	2.99676
BLOCK04/SES048/SA048S12	SES048	0.644194	3.17578	2.53158
BLOCK04/SES048/SA048S20	SES048	0.95356	4.07471	3.12115
BLOCK04/SES048/SA048S23	SES048	1.37683	3.3756	1.99877
BLOCK04/SES048/SA048S27	SES048	0.725516	4.00879	3.28328
BLOCK06/SES060/SA060S11	SES060	1.42738	3.64208	2.21469
BLOCK06/SES060/SA060S12	SES060	0.675642	2.55036	1.87472
BLOCK06/SES060/SA060S22	SES060	0.581777	3.1198	2.53803
BLOCK06/SES060/SA060S24	SES060	1.54498	4.69102	3.14604
BLOCK06/SES060/SA060S28	SES060	1.39865	5.08604	3.68739
BLOCK06/SES062/SA062S10	SES062	1.0324	3.44278	2.41038
BLOCK06/SES062/SA062S11	SES062	1.97639	4.05482	2.07843
BLOCK06/SES062/SA062S21	SES062	1.90157	4.92356	3.022
BLOCK06/SES062/SA062S26	SES062	1.78438	4.237	2.45263
BLOCK06/SES062/SA062S29	SES062	1.67073	4.67594	3.00521
BLOCK06/SES068/SA068S14	SES068	1.02055	2.89948	1.87893
BLOCK06/SES068/SA068S15	SES068	1.35266	3.98942	2.63676
BLOCK06/SES068/SA068S23	SES068	1.81456	3.52066	1.7061
BLOCK06/SES068/SA068S27	SES068	2.25803	3.0644	0.806372
BLOCK06/SES068/SA068S29	SES068	1.49631	3.6715	2.1752
BLOCK08/SES082/SA082S12	SES082	1.02901	2.59332	1.56431
BLOCK08/SES082/SA082S14	SES082	1.06823	2.20699	1.13876
BLOCK08/SES082/SA082S21	SES082	1.20892	2.7965	1.58758
BLOCK08/SES082/SA082S24	SES082	1.17108	2.29465	1.12358
BLOCK08/SES082/SA082S28	SES082	1.2253	2.12659	0.901293
BLOCK08/SES083/SA083S14	SES083	1.1166	3.63513	2.51853
BLOCK08/SES083/SA083S15	SES083	0.992646	3.18116	2.18851
BLOCK08/SES083/SA083S24	SES083	0.98974	3.35284	2.3631
BLOCK08/SES083/SA083S26	SES083	0.749172	2.72831	1.97914
BLOCK08/SES083/SA083S29	SES083	0.88746	3.30714	2.41968
BLOCK08/SES085/SA085S10	SES085	1.52422	4.0788	2.55458
BLOCK08/SES085/SA085S13	SES085	0.759667	3.01194	2.25227
BLOCK08/SES085/SA085S22	SES085	1.05005	2.5532	1.50314
BLOCK08/SES085/SA085S26	SES085	1.46568	3.87184	2.40617
BLOCK08/SES085/SA085S28	SES085	1.67112	4.11336	2.44225
BLOCK08/SES087/SA087S15	SES087	1.47706	3.5543	2.07724
BLOCK08/SES087/SA087S16	SES087	0.919319	2.55053	1.63121
BLOCK08/SES087/SA087S24	SES087	1.6456	3.47716	1.83156
BLOCK08/SES087/SA087S26	SES087	0.624948	3.29336	2.66841
BLOCK08/SES087/SA087S29	SES087	1.26463	3.46493	2.20029
BLOCK09/SES099/SA099S15	SES099	1.12513	2.22776	1.10263
BLOCK09/SES099/SA099S16	SES099	1.36766	2.42849	1.06083
BLOCK09/SES099/SA099S24	SES099	1.55627	3.50948	1.95321
BLOCK09/SES099/SA099S26	SES099	1.62297	3.41017	1.78721
BLOCK09/SES099/SA099S29	SES099	1.47944	2.8094	1.32995
BLOCK10/SES101/SA101S11	SES101	1.08101	3.42615	2.34513
BLOCK10/SES101/SA101S13	SES101	1.4447	3.8255	2.38081
BLOCK10/SES101/SA101S22	SES101	1.30154	2.48136	1.17982
BLOCK10/SES101/SA101S24	SES101	1.5622	3.26548	1.70328
BLOCK10/SES101/SA101S28	SES101	1.36565	2.99887	1.63321
BLOCK10/SES104/SA104S11	SES104	0.949788	3.35862	2.40884
BLOCK10/SES104/SA104S12	SES104	1.29817	3.38711	2.08894
BLOCK10/SES104/SA104S21	SES104	1.1623	3.2674	2.1051
BLOCK10/SES104/SA104S24	SES104	1.26801	3.38159	2.11358
BLOCK10/SES104/SA104S28	SES104	1.09608	3.03557	1.93949
BLOCK10/SES105/SA105S12	SES105	1.20486	2.2364	1.03155
BLOCK10/SES105/SA105S13	SES105	0.758922	2.8435	2.08458
BLOCK10/SES105/SA105S22	SES105	0.818726	2.37443	1.55571
BLOCK10/SES105/SA105S26	SES105	1.42082	2.98297	1.56216
BLOCK10/SES105/SA105S29	SES105	1.30472	3.11611	1.81138
BLOCK10/SES106/SA106S09	SES106	0.974334	1.93078	0.956443
BLOCK10/SES106/SA106S11	SES106	1.60726	3.49038	1.88311
BLOCK10/SES106/SA106S22	SES106	1.3956	1.36224	-0.0333624
BLOCK10/SES106/SA106S27	SES106	1.68929	3.23628	1.54699
BLOCK10/SES106/SA106S29	SES106	1.1429	4.18797	3.04506
BLOCK11/SES117/SA117S12	SES117	0.697994	3.42435	2.72636
BLOCK11/SES117/SA117S13	SES117	0.438138	3.54944	3.1113
BLOCK11/SES117/SA117S23	SES117	1.79889	3.61836	1.81947
BLOCK11/SES117/SA117S25	SES117	1.54269	3.16001	1.61732
BLOCK11/SES117/SA117S28	SES117	1.28045	3.33144	2.05098
BLOCK12/SES120/SA120S08	SES120	1.16319	2.84431	1.68112
BLOCK12/SES120/SA120S11	SES120	1.77475	2.14413	0.369385
BLOCK12/SES120/SA120S22	SES120	1.41806	4.16555	2.74749
BLOCK12/SES120/SA120S24	SES120	0.553946	2.93338	2.37943
BLOCK12/SES120/SA120S28	SES120	0.645365	2.66613	2.02076
BLOCK12/SES125/SA125S13	SES125	1.71986	4.17036	2.4505
BLOCK12/SES125/SA125S14	SES125	1.38837	3.55475	2.16638
BLOCK12/SES125/SA125S25	SES125	1.85154	4.2618	2.41027
BLOCK12/SES125/SA125S27	SES125	1.65095	4.36611	2.71516
BLOCK12/SES125/SA125S29	SES125	1.47447	3.89074	2.41627
BLOCK12/SES127/SA127S11	SES127	0.649963	3.26956	2.6196
BLOCK12/SES127/SA127S12	SES127	1.11915	4.54736	3.42821
BLOCK12/SES127/SA127S23	SES127	0.693525	3.5395	2.84597
BLOCK12/SES127/SA127S25	SES127	0.536496	2.64343	2.10693
BLOCK12/SES127/SA127S27	SES127	0.62639	2.63339	2.007
BLOCK12/SES129/SA129S11	SES129	1.53727	4.70924	3.17197
BLOCK12/SES129/SA129S12	SES129	1.26838	4.1326	2.86421
BLOCK12/SES129/SA129S22	SES129	1.38956	3.71791	2.32836
BLOCK12/SES129/SA129S27	SES129	1.56158	4.26476	2.70318
BLOCK12/SES129/SA129S29	SES129	1.05852	4.07881	3.02029
BLOCK14/SES142/SA142S11	SES142	1.13118	3.67591	2.54473
BLOCK14/SES142/SA142S12	SES142	1.55512	4.04068	2.48556
BLOCK14/SES142/SA142S24	SES142	1.6563	3.94429	2.28798
BLOCK14/SES142/SA142S27	SES142	1.25706	4.39249	3.13543
BLOCK14/SES142/SA142S29	SES142	1.21876	4.42844	3.20968
BLOCK14/SES143/SA143S12	SES143	0.943155	3.44667	2.50351
BLOCK14/SES143/SA143S13	SES143	0.990169	3.43286	2.44269
BLOCK14/SES143/SA143S23	SES143	0.777104	3.5873	2.8102
BLOCK14/SES143/SA143S25	SES143	1.09575	3.70086	2.60511
BLOCK14/SES143/SA143S28	SES143	0.855572	3.94562	3.09005
BLOCK14/SES144/SA144S09	SES144	1.02952	4.43949	3.40998
BLOCK14/SES144/SA144S11	SES144	0.782293	3.25097	2.46867
BLOCK14/SES144/SA144S21	SES144	0.474193	3.027	2.55281
BLOCK14/SES144/SA144S25	SES144	1.00299	4.3431	3.34011
BLOCK14/SES144/SA144S29	SES144	0.932934	3.68862	2.75569
BLOCK14/SES146/SA146S14	SES146	0.861536	2.78128	1.91974
BLOCK14/SES146/SA146S15	SES146	0.756062	3.5325	2.77644
BLOCK14/SES146/SA146S24	SES146	1.00681	3.04298	2.03617
BLOCK14/SES146/SA146S26	SES146	0.929446	3.14402	2.21457
BLOCK14/SES146/SA146S29	SES146	1.16913	2.83435	1.66522
BLOCK14/SES147/SA147S11	SES147	0.450875	3.29788	2.847
BLOCK14/SES147/SA147S13	SES147	0.858073	4.26004	3.40196
BLOCK14/SES147/SA147S23	SES147	0.571949	2.78071	2.20876
BLOCK14/SES147/SA147S26	SES147	0.577495	2.69129	2.1138
BLOCK14/SES147/SA147S28	SES147	0.836259	3.40247	2.56621
BLOCK14/SES148/SA148S10	SES148	1.15399	4.67058	3.51659
BLOCK14/SES148/SA148S12	SES148	0.717038	3.17415	2.45711
BLOCK14/SES148/SA148S22	SES148	1.24836	4.38554	3.13718
BLOCK14/SES148/SA148S26	SES148	1.11393	4.34124	3.22732
BLOCK14/SES148/SA148S29	SES148	0.996278	4.28949	3.29321
BLOCK14/SES149/SA149S13	SES149	1.20393	3.24221	2.03829
BLOCK14/SES149/SA149S14	SES149	0.904662	3.8602	2.95554
BLOCK14/SES149/SA149S24	SES149	1.37002	4.04092	2.6709
BLOCK14/SES149/SA149S26	SES149	1.27824	4.34547	3.06723
BLOCK14/SES149/SA149S28	SES149	1.63014	4.48307	2.85294
BLOCK15/SES158/SA158S13	SES158	1.41405	2.54472	1.13067
BLOCK15/SES158/SA158S14	SES158	1.54642	2.39513	0.84871
BLOCK15/SES158/SA158S23	SES158	1.81181	3.23641	1.4246
BLOCK15/SES158/SA158S26	SES158	1.87928	1.85368	-0.025601
BLOCK15/SES158/SA158S28	SES158	0.816172	2.35067	1.5345
BLOCK16/SES162/SA162S10	SES162	0.78585	3.19976	2.41391
BLOCK16/SES162/SA162S11	SES162	1.36917	3.58221	2.21304
BLOCK16/SES162/SA162S21	SES162	1.11704	3.16941	2.05237
BLOCK16/SES162/SA162S24	SES162	1.07711	2.80805	1.73094
BLOCK16/SES162/SA162S27	SES162	1.09045	2.52673	1.43628
BLOCK16/SES167/SA167S14	SES167	1.58214	5.31845	3.73631
BLOCK16/SES167/SA167S15	SES167	1.06691	4.49889	3.43198
BLOCK16/SES167/SA167S21	SES167	1.04864	4.78714	3.7385
BLOCK16/SES167/SA167S25	SES167	1.36691	5.17941	3.8125
BLOCK16/SES167/SA167S29	SES167	1.72034	5.70272	3.98238
BLOCK17/SES172/SA172S12	SES172	0.621533	1.75423	1.1327
BLOCK17/SES172/SA172S13	SES172	1.00193	2.30197	1.30004
BLOCK17/SES172/SA172S23	SES172	0.502235	2.60734	2.10511
BLOCK17/SES172/SA172S27	SES172	0.656359	2.04047	1.38411
BLOCK17/SES172/SA172S29	SES172	0.889152	2.11387	1.22472
BLOCK17/SES175/SA175S11	SES175	0.608737	3.535	2.92627
BLOCK17/SES175/SA175S13	SES175	1.60918	4.83654	3.22737
BLOCK17/SES175/SA175S23	SES175	0.888657	4.32734	3.43868
BLOCK17/SES175/SA175S25	SES175	0.331443	2.36731	2.03587
BLOCK17/SES175/SA175S28	SES175	1.01356	3.81676	2.8032
BLOCK17/SES177/SA177S15	SES177	1.00545	3.20576	2.20031
BLOCK17/SES177/SA177S17	SES177	0.83774	3.07231	2.23457
BLOCK17/SES177/SA177S23	SES177	0.703207	2.68511	1.98191
BLOCK17/SES177/SA177S26	SES177	1.81014	4.54817	2.73803
BLOCK17/SES177/SA177S28	SES177	1.40558	3.48951	2.08393
BLOCK18/SES180/SA180S13	SES180	0.667548	3.12262	2.45507
BLOCK18/SES180/SA180S15	SES180	0.639608	3.01533	2.37572
BLOCK18/SES180/SA180S24	SES180	1.00611	3.73527	2.72916
BLOCK18/SES180/SA180S26	SES180	0.988625	3.38785	2.39922
BLOCK18/SES180/SA180S29	SES180	0.637037	3.99272	3.35568
BLOCK18/SES183/SA183S13	SES183	1.01803	3.25969	2.24166
BLOCK18/SES183/SA183S14	SES183	1.24702	3.44095	2.19393
BLOCK18/SES183/SA183S24	SES183	1.26903	2.7946	1.52557
BLOCK18/SES183/SA183S27	SES183	1.27987	3.531	2.25114
BLOCK18/SES183/SA183S29	SES183	1.2208	3.2779	2.05709
BLOCK18/SES187/SA187S13	SES187	1.24407	2.68796	1.44389
BLOCK18/SES187/SA187S14	SES187	0.678011	2.47611	1.7981
BLOCK18/SES187/SA187S24	SES187	1.4077	2.53326	1.12556
BLOCK18/SES187/SA187S27	SES187	1.17132	2.43923	1.2679
BLOCK18/SES187/SA187S29	SES187	0.986095	2.45412	1.46803
BLOCK18/SES189/SA189S10	SES189	1.18148	2.96109	1.77961
BLOCK18/SES189/SA189S13	SES189	1.33372	2.51319	1.17946
BLOCK18/SES189/SA189S24	SES189	1.93103	3.98817	2.05714
BLOCK18/SES189/SA189S26	SES189	1.35733	4.1107	2.75337
BLOCK18/SES189/SA189S29	SES189	1.81063	4.21746	2.40683
BLOCK20/SES202/SA202S12	SES202	1.21801	4.60453	3.38652
BLOCK20/SES202/SA202S14	SES202	1.27313	4.50314	3.23001
BLOCK20/SES202/SA202S24	SES202	0.974463	3.92306	2.9486
BLOCK20/SES202/SA202S27	SES202	1.02725	4.29405	3.2668
BLOCK20/SES202/SA202S29	SES202	0.904629	4.05883	3.1542
BLOCK20/SES206/SA206S15	SES206	1.41637	3.2761	1.85973
BLOCK20/SES206/SA206S17	SES206	1.36999	3.31459	1.9446
BLOCK20/SES206/SA206S24	SES206	1.78571	3.75718	1.97147
BLOCK20/SES206/SA206S27	SES206	1.00926	2.20901	1.19975
BLOCK20/SES206/SA206S29	SES206	1.12605	4.0475	2.92144
BLOCK22/SES226/SA226S12	SES226	0.410198	2.43533	2.02513
BLOCK22/SES226/SA226S13	SES226	0.861363	3.01755	2.15618
BLOCK22/SES226/SA226S20	SES226	1.49112	3.05367	1.56255
BLOCK22/SES226/SA226S23	SES226	1.73653	3.34078	1.60425
BLOCK22/SES226/SA226S28	SES226	1.58333	3.96095	2.37762
BLOCK25/SES259/SA259S13	SES259	0.943666	3.19507	2.25141
BLOCK25/SES259/SA259S14	SES259	0.717855	3.43337	2.71552
BLOCK25/SES259/SA259S22	SES259	0.963509	3.93285	2.96934
BLOCK25/SES259/SA259S24	SES259	0.680061	3.97259	3.29253
BLOCK25/SES259/SA259S28	SES259	1.21822	3.7831	2.56488
BLOCK27/SES270/SA270S14	SES270	1.80956	1.84441	0.0348514
BLOCK27/SES270/SA270S16	SES270	0.578564	2.22397	1.64541
BLOCK27/SES270/SA270S22	SES270	1.44005	1.74871	0.308659
BLOCK27/SES270/SA270S26	SES270	1.65893	2.19106	0.532126
BLOCK27/SES270/SA270S28	SES270	0.969321	1.60557	0.636248
BLOCK27/SES275/SA275S17	SES275	1.53622	3.93617	2.39995
BLOCK27/SES275/SA275S18	SES275	0.624407	2.6191	1.99469
BLOCK27/SES275/SA275S24	SES275	1.01286	2.43338	1.42051
BLOCK27/SES275/SA275S26	SES275	1.23325	3.63643	2.40318
BLOCK27/SES275/SA275S28	SES275	0.989457	3.04495	2.05549
BLOCK29/SES292/SA292S10	SES292	0.667982	3.40065	2.73267
BLOCK29/SES292/SA292S12	SES292	0.609022	1.7605	1.15147
BLOCK29/SES292/SA292S22	SES292	1.02989	3.23351	2.20362
BLOCK29/SES292/SA292S24	SES292	0.951962	3.20039	2.24843
BLOCK29/SES292/SA292S27	SES292	0.78233	2.74429	1.96196
BLOCK00/SES001/SA001S14	SES062	0.436578	3.32306	2.88649
BLOCK00/SES001/SA001S14	SES082	0.47174	3.35822	2.88649
BLOCK00/SES001/SA001S14	SES106	0.69137	3.57786	2.88649
BLOCK00/SES001/SA001S14	SES206	0.532247	3.41873	2.88649
BLOCK00/SES001/SA001S15	SES062	0.690717	4.08256	3.39184
BLOCK00/SES001/SA001S15	SES104	0.0376308	3.42947	3.39184
BLOCK00/SES001/SA001S15	SES106	0.715439	4.10728	3.39184
BLOCK00/SES001/SA001S15	SES206	0.746856	4.1387	3.39184
BLOCK00/SES001/SA001S24	SES062	1.10329	3.50491	2.40162
BLOCK00/SES001/SA001S24	SES082	0.863675	3.26529	2.40162
BLOCK00/SES001/SA001S24	SES087	0.449973	2.85159	2.40162
BLOCK00/SES001/SA001S24	SES206	1.19713	3.59875	2.40162
BLOCK00/SES001/SA001S27	SES062	0.477677	4.16711	3.68943
BLOCK00/SES001/SA001S27	SES082	1.23815	4.92758	3.68943
BLOCK00/SES001/SA001S27	SES087	0.809944	4.49938	3.68943
BLOCK00/SES001/SA001S27	SES206	1.16645	4.85588	3.68943
BLOCK00/SES001/SA001S29	SES062	1.02289	3.49739	2.4745
BLOCK00/SES001/SA001S29	SES082	1.0578	3.53231	2.4745
BLOCK00/SES001/SA001S29	SES158	1.13878	3.61328	2.4745
BLOCK00/SES001/SA001S29	SES206	1.17897	3.65348	2.4745
BLOCK00/SES003/SA003S11	SES002	0.632369	2.22185	1.58948
BLOCK00/SES003/SA003S11	SES019	0.0578233	1.6473	1.58948
BLOCK00/SES003/SA003S11	SES082	-0.0812348	1.50825	1.58948
BLOCK00/SES003/SA003S11	SES125	0.231904	1.82138	1.58948
BLOCK00/SES003/SA003S15	SES016	0.350422	2.22386	1.87344
BLOCK00/SES003/SA003S15	SES019	1.25782	3.13126	1.87344
BLOCK00/SES003/SA003S15	SES062	0.364865	2.23831	1.87344
BLOCK00/SES003/SA003S15	SES206	1.12222	2.99566	1.87344
BLOCK00/SES003/SA003S22	SES002	-0.15973	2.31519	2.47492
BLOCK00/SES003/SA003S22	SES062	0.036829	2.51175	2.47492
BLOCK00/SES003/SA003S22	SES082	-0.856363	1.61856	2.47492
BLOCK00/SES003/SA003S22	SES087	-0.194587	2.28033	2.47492
BLOCK00/SES003/SA003S25	SES062	0.044472	1.69282	1.64835
BLOCK00/SES003/SA003S25	SES082	0.0392612	1.68761	1.64835
BLOCK00/SES003/SA003S25	SES087	0.286356	1.93471	1.64835
BLOCK00/SES003/SA003S25	SES206	0.304139	1.95249	1.64835
BLOCK00/SES003/SA003S29	SES002	0.651775	3.05008	2.3983
BLOCK00/SES003/SA003S29	SES062	0.697947	3.09625	2.3983
BLOCK00/SES003/SA003S29	SES082	0.560463	2.95877	2.3983
BLOCK00/SES003/SA003S29	SES087	0.159565	2.55787	2.3983
BLOCK00/SES004/SA004S12	SES083	1.13457	3.19314	2.05857
BLOCK00/SES004/SA004S12	SES148	0.321404	2.37998	2.05857
BLOCK00/SES004/SA004S12	SES172	1.05478	3.11335	2.05857
BLOCK00/SES004/SA004S12	SES292	0.584637	2.64321	2.05857
BLOCK00/SES004/SA004S17	SES083	0.949121	3.32948	2.38035
BLOCK00/SES004/SA004S17	SES162	1.03525	3.4156	2.38035
BLOCK00/SES004/SA004S17	SES172	0.91413	3.29448	2.38035
BLOCK00/SES004/SA004S17	SES292	0.459371	2.83973	2.38035
BLOCK00/SES004/SA004S24	SES083	0.885804	3.38873	2.50293
BLOCK00/SES004/SA004S24	SES148	0.213729	2.71666	2.50293
BLOCK00/SES004/SA004S24	SES172	0.727851	3.23078	2.50293
BLOCK00/SES004/SA004S24	SES292	0.601686	3.10461	2.50293
BLOCK00/SES004/SA004S26	SES083	0.931184	2.77624	1.84505
BLOCK00/SES004/SA004S26	SES127	1.1828	3.02785	1.84505
BLOCK00/SES004/SA004S26	SES148	-0.281485	1.56357	1.84505
BLOCK00/SES004/SA004S26	SES292	0.362401	2.20745	1.84505
BLOCK00/SES004/SA004S28	SES083	1.12012	2.65641	1.53629
BLOCK00/SES004/SA004S28	SES127	0.410951	1.94724	1.53629
BLOCK00/SES004/SA004S28	SES187	0.952862	2.48915	1.53629
BLOCK00/SES004/SA004S28	SES292	0.236589	1.77288	1.53629
BLOCK00/SES006/SA006S10	SES014	0.580489	1.08254	0.50205
BLOCK00/SES006/SA006S10	SES158	0.482567	0.984617	0.50205
BLOCK00/SES006/SA006S10	SES226	0.0377563	0.539806	0.50205
BLOCK00/SES006/SA006S10	SES270	1.02546	1.52751	0.50205
BLOCK00/SES006/SA006S11	SES158	0.68242	1.73903	1.05661
BLOCK00/SES006/SA006S11	SES226	0.195912	1.25252	1.05661
BLOCK00/SES006/SA006S11	SES270	1.07265	2.12925	1.05661
BLOCK00/SES006/SA006S11	SES275	0.0915682	1.14818	1.05661
BLOCK00/SES006/SA006S23	SES062	-0.128111	2.21656	2.34467
BLOCK00/SES006/SA006S23	SES105	-0.684801	1.65987	2.34467
BLOCK00/SES006/SA006S23	SES158	0.0644853	2.40915	2.34467
BLOCK00/SES006/SA006S23	SES275	0.293574	2.63824	2.34467
BLOCK00/SES006/SA006S26	SES104	0.0360687	2.12567	2.0896
BLOCK00/SES006/SA006S26	SES158	0.695739	2.78534	2.0896
BLOCK00/SES006/SA006S26	SES270	1.05156	3.14116	2.0896
BLOCK00/SES006/SA006S26	SES275	-0.233586	1.85602	2.0896
BLOCK00/SES006/SA006S28	SES007	0.0739853	1.22997	1.15598
BLOCK00/SES006/SA006S28	SES105	-0.471211	0.684769	1.15598
BLOCK00/SES006/SA006S28	SES158	-0.466006	0.689974	1.15598
BLOCK00/SES006/SA006S28	SES275	-0.0228288	1.13315	1.15598
BLOCK00/SES009/SA009S12	SES083	0.407112	3.39487	2.98776
BLOCK00/SES009/SA009S12	SES148	0.355295	3.34306	2.98776
BLOCK00/SES009/SA009S12	SES177	0.867513	3.85528	2.98776
BLOCK00/SES009/SA009S12	SES292	0.590768	3.57853	2.98776
BLOCK00/SES009/SA009S15	SES007	1.02802	4.34502	3.317
BLOCK00/SES009/SA009S15	SES099	-0.039933	3.27707	3.317
BLOCK00/SES009/SA009S15	SES148	0.338257	3.65526	3.317
BLOCK00/SES009/SA009S15	SES172	0.4584	3.7754	3.317
BLOCK00/SES009/SA009S24	SES146	0.724396	3.39802	2.67363
BLOCK00/SES009/SA009S24	SES148	0.0963643	2.76999	2.67363
BLOCK00/SES009/SA009S24	SES177	0.986429	3.66005	2.67363
BLOCK00/SES009/SA009S24	SES292	0.62403	3.29766	2.67363
BLOCK00/SES009/SA009S26	SES083	0.387756	2.78143	2.39367
BLOCK00/SES009/SA009S26	SES101	0.158293	2.55196	2.39367
BLOCK00/SES009/SA009S26	SES120	0.65031	3.04398	2.39367
BLOCK00/SES009/SA009S26	SES177	0.860496	3.25417	2.39367
BLOCK00/SES009/SA009S29	SES083	0.678578	3.78707	3.1085
BLOCK00/SES009/SA009S29	SES101	0.545885	3.65438	3.1085
BLOCK00/SES009/SA009S29	SES177	1.18932	4.29781	3.1085
BLOCK00/SES009/SA009S29	SES292	0.649464	3.75796	3.1085
BLOCK01/SES011/SA011S10	SES019	0.81484	1.79599	0.981147
BLOCK01/SES011/SA011S10	SES042	1.67342	2.65457	0.981147
BLOCK01/SES011/SA011S10	SES082	0.369472	1.35062	0.981147
BLOCK01/SES011/SA011S10	SES206	1.24551	2.22666	0.981147
BLOCK01/SES011/SA011S11	SES019	-0.420428	1.26751	1.68794
BLOCK01/SES011/SA011S11	SES042	0.962822	2.65076	1.68794
BLOCK01/SES011/SA011S11	SES082	-0.101763	1.58617	1.68794
BLOCK01/SES011/SA011S11	SES206	0.863449	2.55139	1.68794
BLOCK01/SES011/SA011S22	SES019	0.451293	2.38718	1.93589
BLOCK01/SES011/SA011S22	SES042	1.69642	3.6323	1.93589
BLOCK01/SES011/SA011S22	SES082	0.629375	2.56526	1.93589
BLOCK01/SES011/SA011S22	SES206	1.06068	2.99657	1.93589
BLOCK01/SES011/SA011S24	SES019	0.303188	2.87771	2.57452
BLOCK01/SES011/SA011S24	SES042	1.51457	4.08909	2.57452
BLOCK01/SES011/SA011S24	SES104	0.516033	3.09056	2.57452
BLOCK01/SES011/SA011S24	SES206	1.16059	3.73511	2.57452
BLOCK01/SES011/SA011S27	SES082	0.360777	2.64	2.27922
BLOCK01/SES011/SA011S27	SES087	0.377306	2.65653	2.27922
BLOCK01/SES011/SA011S27	SES125	1.18775	3.46698	2.27922
BLOCK01/SES011/SA011S27	SES206	0.872546	3.15177	2.27922
BLOCK01/SES012/SA012S11	SES007	0.782596	3.57007	2.78747
BLOCK01/SES012/SA012S11	SES082	0.873353	3.66083	2.78747
BLOCK01/SES012/SA012S11	SES083	0.975322	3.7628	2.78747
BLOCK01/SES012/SA012S11	SES206	0.874094	3.66157	2.78747
BLOCK01/SES012/SA012S14	SES082	1.47409	3.60802	2.13393
BLOCK01/SES012/SA012S14	SES087	1.0263	3.16023	2.13393
BLOCK01/SES012/SA012S14	SES206	1.26308	3.39702	2.13393
BLOCK01/SES012/SA012S14	SES292	0.90557	3.0395	2.13393
BLOCK01/SES012/SA012S24	SES082	0.786863	2.6068	1.81994
BLOCK01/SES012/SA012S24	SES087	-0.0871146	1.73282	1.81994
BLOCK01/SES012/SA012S24	SES120	0.186684	2.00662	1.81994
BLOCK01/SES012/SA012S24	SES206	0.310159	2.1301	1.81994
BLOCK01/SES012/SA012S26	SES019	-0.108888	2.28648	2.39537
BLOCK01/SES012/SA012S26	SES082	0.48187	2.87724	2.39537
BLOCK01/SES012/SA012S26	SES206	0.567428	2.96279	2.39537
BLOCK01/SES012/SA012S26	SES292	0.572243	2.96761	2.39537
BLOCK01/SES012/SA012S29	SES062	0.571242	2.39825	1.82701
BLOCK01/SES012/SA012S29	SES082	0.97842	2.80543	1.82701
BLOCK01/SES012/SA012S29	SES083	0.938235	2.76524	1.82701
BLOCK01/SES012/SA012S29	SES206	0.882188	2.7092	1.82701
BLOCK01/SES013/SA013S16	SES062	0.288672	1.83802	1.54934
BLOCK01/SES013/SA013S16	SES106	0.987794	2.53714	1.54934
BLOCK01/SES013/SA013S16	SES206	0.875914	2.42526	1.54934
BLOCK01/SES013/SA013S16	SES226	0.526162	2.07551	1.54934
BLOCK01/SES013/SA013S17	SES062	0.418674	2.78765	2.36897
BLOCK01/SES013/SA013S17	SES106	1.10285	3.47182	2.36897
BLOCK01/SES013/SA013S17	SES206	1.07165	3.44062	2.36897
BLOCK01/SES013/SA013S17	SES226	0.567653	2.93662	2.36897
BLOCK01/SES013/SA013S23	SES104	0.10317	1.30831	1.20514
BLOCK01/SES013/SA013S23	SES106	0.998551	2.20369	1.20514
BLOCK01/SES013/SA013S23	SES206	0.810815	2.01595	1.20514
BLOCK01/SES013/SA013S23	SES270	0.874803	2.07994	1.20514
BLOCK01/SES013/SA013S25	SES042	0.306051	2.51574	2.20969
BLOCK01/SES013/SA013S25	SES104	0.472371	2.68206	2.20969
BLOCK01/SES013/SA013S25	SES106	1.18234	3.39203	2.20969
BLOCK01/SES013/SA013S25	SES206	0.48161	2.6913	2.20969
BLOCK01/SES013/SA013S29	SES062	0.119742	1.59242	1.47268
BLOCK01/SES013/SA013S29	SES104	0.358965	1.83165	1.47268
BLOCK01/SES013/SA013S29	SES106	1.12172	2.5944	1.47268
BLOCK01/SES013/SA013S29	SES206	0.578351	2.05103	1.47268
BLOCK02/SES021/SA021S13	SES016	0.0237696	2.48334	2.45957
BLOCK02/SES021/SA021S13	SES029	0.741551	3.20112	2.45957
BLOCK02/SES021/SA021S13	SES087	0.409885	2.86946	2.45957
BLOCK02/SES021/SA021S13	SES206	0.668164	3.12774	2.45957
BLOCK02/SES021/SA021S15	SES087	0.606166	3.5295	2.92334
BLOCK02/SES021/SA021S15	SES125	0.717028	3.64037	2.92334
BLOCK02/SES021/SA021S15	SES206	0.829568	3.75291	2.92334
BLOCK02/SES021/SA021S15	SES226	0.395827	3.31916	2.92334
BLOCK02/SES021/SA021S23	SES062	-0.00784218	1.61815	1.62599
BLOCK02/SES021/SA021S23	SES087	0.591942	2.21793	1.62599
BLOCK02/SES021/SA021S23	SES206	0.495206	2.1212	1.62599
BLOCK02/SES021/SA021S23	SES226	0.486651	2.11264	1.62599
BLOCK02/SES021/SA021S27	SES002	0.877458	3.24442	2.36697
BLOCK02/SES021/SA021S27	SES016	-0.768515	1.59845	2.36697
BLOCK02/SES021/SA021S27	SES019	0.85509	3.22206	2.36697
BLOCK02/SES021/SA021S27	SES062	0.690368	3.05733	2.36697
BLOCK02/SES021/SA021S29	SES087	0.357832	2.72107	2.36324
BLOCK02/SES021/SA021S29	SES125	0.704096	3.06733	2.36324
BLOCK02/SES021/SA021S29	SES206	0.349472	2.71271	2.36324
BLOCK02/SES021/SA021S29	SES226	-0.0874348	2.2758	2.36324
BLOCK04/SES043/SA043S09	SES083	0.942009	2.92716	1.98515
BLOCK04/SES043/SA043S09	SES101	0.92242	2.90757	1.98515
BLOCK04/SES043/SA043S09	SES144	1.32584	3.31099	1.98515
BLOCK04/SES043/SA043S09	SES172	0.827127	2.81228	1.98515
BLOCK04/SES043/SA043S11	SES083	1.07915	3.94154	2.86239
BLOCK04/SES043/SA043S11	SES101	1.28465	4.14704	2.86239
BLOCK04/SES043/SA043S11	SES144	1.27975	4.14214	2.86239
BLOCK04/SES043/SA043S11	SES172	0.695367	3.55776	2.86239
BLOCK04/SES043/SA043S23	SES083	1.28308	3.53	2.24692
BLOCK04/SES043/SA043S23	SES144	1.59923	3.84614	2.24692
BLOCK04/SES043/SA043S23	SES177	1.10905	3.35597	2.24692
BLOCK04/SES043/SA043S23	SES275	1.40712	3.65404	2.24692
BLOCK04/SES043/SA043S26	SES083	0.890725	3.69562	2.80489
BLOCK04/SES043/SA043S26	SES101	0.728748	3.53364	2.80489
BLOCK04/SES043/SA043S26	SES144	1.25675	4.06164	2.80489
BLOCK04/SES043/SA043S26	SES177	0.813445	3.61834	2.80489
BLOCK04/SES043/SA043S28	SES016	0.518251	3.07816	2.55991
BLOCK04/SES043/SA043S28	SES083	1.05173	3.61164	2.55991
BLOCK04/SES043/SA043S28	SES101	1.34144	3.90134	2.55991
BLOCK04/SES043/SA043S28	SES144	1.30723	3.86714	2.55991
BLOCK04/SES044/SA044S10	SES127	0.137742	2.14992	2.01217
BLOCK04/SES044/SA044S10	SES144	1.25852	3.2707	2.01217
BLOCK04/SES044/SA044S10	SES147	0.145023	2.1572	2.01217
BLOCK04/SES044/SA044S10	SES148	0.173079	2.18525	2.01217
BLOCK04/SES044/SA044S11	SES101	0.477687	2.75579	2.2781
BLOCK04/SES044/SA044S11	SES144	1.28126	3.55937	2.2781
BLOCK04/SES044/SA044S11	SES147	-0.0681245	2.20998	2.2781
BLOCK04/SES044/SA044S11	SES177	0.102924	2.38103	2.2781
BLOCK04/SES044/SA044S24	SES007	0.373673	2.41225	2.03858
BLOCK04/SES044/SA044S24	SES101	0.981227	3.0198	2.03858
BLOCK04/SES044/SA044S24	SES147	0.335783	2.37436	2.03858
BLOCK04/SES044/SA044S24	SES177	0.327854	2.36643	2.03858
BLOCK04/SES044/SA044S26	SES007	0.33365	2.7971	2.46345
BLOCK04/SES044/SA044S26	SES016	0.679576	3.14302	2.46345
BLOCK04/SES044/SA044S26	SES101	1.05017	3.51362	2.46345
BLOCK04/SES044/SA044S26	SES147	0.726453	3.1899	2.46345
BLOCK04/SES044/SA044S29	SES007	0.58847	3.69781	3.10934
BLOCK04/SES044/SA044S29	SES101	1.0772	4.18654	3.10934
BLOCK04/SES044/SA044S29	SES147	0.479256	3.58859	3.10934
BLOCK04/SES044/SA044S29	SES177	0.534827	3.64416	3.10934
BLOCK04/SES046/SA046S13	SES101	0.821392	2.70602	1.88463
BLOCK04/SES046/SA046S13	SES144	1.08277	2.9674	1.88463
BLOCK04/SES046/SA046S13	SES147	0.0892874	1.97392	1.88463
BLOCK04/SES046/SA046S13	SES177	0.524652	2.40928	1.88463
BLOCK04/SES046/SA046S15	SES048	0.488458	3.46493	2.97647
BLOCK04/SES046/SA046S15	SES083	0.760004	3.73647	2.97647
BLOCK04/SES046/SA046S15	SES120	0.117834	3.0943	2.97647
BLOCK04/SES046/SA046S15	SES148	0.579721	3.55619	2.97647
BLOCK04/SES046/SA046S22	SES101	0.270662	2.80497	2.53431
BLOCK04/SES046/SA046S22	SES144	0.678028	3.21234	2.53431
BLOCK04/SES046/SA046S22	SES147	0.117646	2.65195	2.53431
BLOCK04/SES046/SA046S22	SES172	0.854891	3.3892	2.53431
BLOCK04/SES046/SA046S25	SES083	0.584347	3.59089	3.00654
BLOCK04/SES046/SA046S25	SES127	0.544156	3.5507	3.00654
BLOCK04/SES046/SA046S25	SES144	0.954306	3.96085	3.00654
BLOCK04/SES046/SA046S25	SES148	0.80769	3.81423	3.00654
BLOCK04/SES046/SA046S28	SES007	0.940689	3.78001	2.83932
BLOCK04/SES046/SA046S28	SES105	1.08291	3.92223	2.83932
BLOCK04/SES046/SA046S28	SES147	0.276164	3.11548	2.83932
BLOCK04/SES046/SA046S28	SES148	1.12506	3.96437	2.83932
BLOCK04/SES049/SA049S16	SES104	0.770945	1.02228	0.251336
BLOCK04/SES049/SA049S16	SES106	0.495203	0.746539	0.251336
BLOCK04/SES049/SA049S16	SES120	0.990014	1.24135	0.251336
BLOCK04/SES049/SA049S16	SES206	0.351199	0.602535	0.251336
BLOCK04/SES049/SA049S18	SES099	0.680782	1.44621	0.765431
BLOCK04/SES049/SA049S18	SES104	0.0862188	0.85165	0.765431
BLOCK04/SES049/SA049S18	SES125	0.403944	1.16937	0.765431
BLOCK04/SES049/SA049S18	SES206	0.675146	1.44058	0.765431
BLOCK04/SES049/SA049S25	SES087	0.684042	1.19928	0.515236
BLOCK04/SES049/SA049S25	SES104	0.7358	1.25104	0.515236
BLOCK04/SES049/SA049S25	SES125	0.936923	1.45216	0.515236
BLOCK04/SES049/SA049S25	SES206	0.931864	1.4471	0.515236
BLOCK04/SES049/SA049S27	SES099	0.417937	2.23405	1.81611
BLOCK04/SES049/SA049S27	SES104	0.387168	2.20328	1.81611
BLOCK04/SES049/SA049S27	SES125	0.187249	2.00336	1.81611
BLOCK04/SES049/SA049S27	SES206	0.92666	2.74277	1.81611
BLOCK04/SES049/SA049S29	SES099	0.321938	2.35246	2.03052
BLOCK04/SES049/SA049S29	SES104	0.764401	2.79492	2.03052
BLOCK04/SES049/SA049S29	SES125	0.488455	2.51897	2.03052
BLOCK04/SES049/SA049S29	SES206	0.341144	2.37166	2.03052
BLOCK06/SES063/SA063S09	SES068	0.397796	3.84182	3.44402
BLOCK06/SES063/SA063S09	SES083	0.656114	4.10014	3.44402
BLOCK06/SES063/SA063S09	SES177	0.848843	4.29287	3.44402
BLOCK06/SES063/SA063S09	SES187	0.779415	4.22344	3.44402
BLOCK06/SES063/SA063S10	SES068	0.56531	3.27367	2.70836
BLOCK06/SES063/SA063S10	SES083	0.974105	3.68246	2.70836
BLOCK06/SES063/SA063S10	SES172	1.23568	3.94404	2.70836
BLOCK06/SES063/SA063S10	SES187	1.15506	3.86341	2.70836
BLOCK06/SES063/SA063S20	SES068	0.0973923	3.15443	3.05704
BLOCK06/SES063/SA063S20	SES083	0.670673	3.72771	3.05704
BLOCK06/SES063/SA063S20	SES172	0.801214	3.85825	3.05704
BLOCK06/SES063/SA063S20	SES187	0.811462	3.8685	3.05704
BLOCK06/SES063/SA063S24	SES029	-0.298999	3.09827	3.39727
BLOCK06/SES063/SA063S24	SES083	0.526819	3.92409	3.39727
BLOCK06/SES063/SA063S24	SES177	0.414007	3.81128	3.39727
BLOCK06/SES063/SA063S24	SES189	1.05017	4.44744	3.39727
BLOCK06/SES063/SA063S27	SES083	0.511308	3.81859	3.30728
BLOCK06/SES063/SA063S27	SES172	0.948803	4.25608	3.30728
BLOCK06/SES063/SA063S27	SES187	0.649375	3.95666	3.30728
BLOCK06/SES063/SA063S27	SES292	0.257136	3.56442	3.30728
BLOCK06/SES067/SA067S12	SES083	1.30201	4.8329	3.53089
BLOCK06/SES067/SA067S12	SES172	0.580219	4.11111	3.53089
BLOCK06/SES067/SA067S12	SES202	1.58605	5.11694	3.53089
BLOCK06/SES067/SA067S12	SES292	0.437556	3.96844	3.53089
BLOCK06/SES067/SA067S14	SES085	1.55189	5.44501	3.89311
BLOCK06/SES067/SA067S14	SES177	1.4292	5.32231	3.89311
BLOCK06/SES067/SA067S14	SES183	1.46361	5.35673	3.89311
BLOCK06/SES067/SA067S14	SES202	1.91614	5.80926	3.89311
BLOCK06/SES067/SA067S21	SES144	1.43961	4.68284	3.24322
BLOCK06/SES067/SA067S21	SES177	1.39202	4.63524	3.24322
BLOCK06/SES067/SA067S21	SES183	0.772592	4.01581	3.24322
BLOCK06/SES067/SA067S21	SES189	0.649911	3.89313	3.24322
BLOCK06/SES067/SA067S25	SES085	1.00682	4.5118	3.50498
BLOCK06/SES067/SA067S25	SES177	0.99989	4.50487	3.50498
BLOCK06/SES067/SA067S25	SES183	1.22337	4.72834	3.50498
BLOCK06/SES067/SA067S25	SES202	0.915864	4.42084	3.50498
BLOCK06/SES067/SA067S29	SES085	0.905422	4.7579	3.85248
BLOCK06/SES067/SA067S29	SES177	0.751193	4.60367	3.85248
BLOCK06/SES067/SA067S29	SES183	0.922204	4.77469	3.85248
BLOCK06/SES067/SA067S29	SES202	1.38269	5.23517	3.85248
BLOCK06/SES069/SA069S12	SES029	0.672576	2.68396	2.01138
BLOCK06/SES069/SA069S12	SES082	0.889541	2.90092	2.01138
BLOCK06/SES069/SA069S12	SES087	0.777435	2.78882	2.01138
BLOCK06/SES069/SA069S12	SES206	1.13974	3.15112	2.01138
BLOCK06/SES069/SA069S13	SES029	0.432948	2.61784	2.18489
BLOCK06/SES069/SA069S13	SES087	0.754864	2.93976	2.18489
BLOCK06/SES069/SA069S13	SES206	1.05069	3.23558	2.18489
BLOCK06/SES069/SA069S13	SES226	0.798349	2.98324	2.18489
BLOCK06/SES069/SA069S23	SES029	0.575904	2.71547	2.13957
BLOCK06/SES069/SA069S23	SES087	1.40618	3.54575	2.13957
BLOCK06/SES069/SA069S23	SES206	1.39053	3.5301	2.13957
BLOCK06/SES069/SA069S23	SES226	1.71818	3.85775	2.13957
BLOCK06/SES069/SA069S25	SES087	0.973289	3.97818	3.00489
BLOCK06/SES069/SA069S25	SES206	1.04804	4.05294	3.00489
BLOCK06/SES069/SA069S25	SES226	1.17213	4.17703	3.00489
BLOCK06/SES069/SA069S25	SES270	0.577185	3.58208	3.00489
BLOCK06/SES069/SA069S27	SES087	0.762302	3.00468	2.24238
BLOCK06/SES069/SA069S27	SES206	1.43381	3.67619	2.24238
BLOCK06/SES069/SA069S27	SES226	1.19627	3.43865	2.24238
BLOCK06/SES069/SA069S27	SES270	0.781091	3.02347	2.24238
BLOCK08/SES081/SA081S11	SES060	0.482757	2.28927	1.80651
BLOCK08/SES081/SA081S11	SES062	0.668198	2.47471	1.80651
BLOCK08/SES081/SA081S11	SES117	-0.237627	1.56888	1.80651
BLOCK08/SES081/SA081S11	SES162	0.457293	2.2638	1.80651
BLOCK08/SES081/SA081S13	SES016	0.542832	3.90811	3.36527
BLOCK08/SES081/SA081S13	SES060	1.02334	4.38862	3.36527
BLOCK08/SES081/SA081S13	SES068	0.805518	4.17079	3.36527
BLOCK08/SES081/SA081S13	SES129	0.949366	4.31464	3.36527
BLOCK08/SES081/SA081S24	SES060	0.996966	3.81234	2.81537
BLOCK08/SES081/SA081S24	SES068	0.850024	3.6654	2.81537
BLOCK08/SES081/SA081S24	SES117	-0.07265	2.74272	2.81537
BLOCK08/SES081/SA081S24	SES275	1.11202	3.9274	2.81537
BLOCK08/SES081/SA081S27	SES007	0.70148	3.15685	2.45537
BLOCK08/SES081/SA081S27	SES060	0.176964	2.63233	2.45537
BLOCK08/SES081/SA081S27	SES117	0.26631	2.72168	2.45537
BLOCK08/SES081/SA081S27	SES275	0.879299	3.33467	2.45537
BLOCK08/SES081/SA081S29	SES007	0.839614	3.0268	2.18719
BLOCK08/SES081/SA081S29	SES060	0.718576	2.90577	2.18719
BLOCK08/SES081/SA081S29	SES117	0.160946	2.34814	2.18719
BLOCK08/SES081/SA081S29	SES275	0.753013	2.9402	2.18719
BLOCK08/SES086/SA086S11	SES029	0.38987	1.67871	1.28884
BLOCK08/SES086/SA086S11	SES082	0.770341	2.05918	1.28884
BLOCK08/SES086/SA086S11	SES087	1.11675	2.40559	1.28884
BLOCK08/SES086/SA086S11	SES206	0.771126	2.05996	1.28884
BLOCK08/SES086/SA086S12	SES029	0.592718	1.69953	1.10681
BLOCK08/SES086/SA086S12	SES082	1.04193	2.14873	1.10681
BLOCK08/SES086/SA086S12	SES087	1.27829	2.3851	1.10681
BLOCK08/SES086/SA086S12	SES206	1.03904	2.14585	1.10681
BLOCK08/SES086/SA086S20	SES029	0.920521	3.3554	2.43488
BLOCK08/SES086/SA086S20	SES082	1.18306	3.61794	2.43488
BLOCK08/SES086/SA086S20	SES087	1.46036	3.89523	2.43488
BLOCK08/SES086/SA086S20	SES206	1.5676	4.00248	2.43488
BLOCK08/SES086/SA086S24	SES087	1.01242	1.96999	0.957574
BLOCK08/SES086/SA086S24	SES104	0.568962	1.52654	0.957574
BLOCK08/SES086/SA086S24	SES120	0.846953	1.80453	0.957574
BLOCK08/SES086/SA086S24	SES206	1.04202	1.9996	0.957574
BLOCK08/SES086/SA086S28	SES029	0.648941	2.87844	2.2295
BLOCK08/SES086/SA086S28	SES082	1.0871	3.3166	2.2295
BLOCK08/SES086/SA086S28	SES087	1.3428	3.5723	2.2295
BLOCK08/SES086/SA086S28	SES206	1.18733	3.41683	2.2295
BLOCK08/SES089/SA089S13	SES087	0.292696	2.32059	2.0279
BLOCK08/SES089/SA089S13	SES206	0.458485	2.48638	2.0279
BLOCK08/SES089/SA089S13	SES226	0.467082	2.49498	2.0279
BLOCK08/SES089/SA089S13	SES270	-0.142631	1.88526	2.0279
BLOCK08/SES089/SA089S14	SES062	0.147657	3.00866	2.861
BLOCK08/SES089/SA089S14	SES087	0.680652	3.54165	2.861
BLOCK08/SES089/SA089S14	SES206	0.772365	3.63337	2.861
BLOCK08/SES089/SA089S14	SES226	0.649926	3.51093	2.861
BLOCK08/SES089/SA089S23	SES087	0.459377	1.988	1.52862
BLOCK08/SES089/SA089S23	SES206	0.366003	1.89462	1.52862
BLOCK08/SES089/SA089S23	SES226	0.127724	1.65634	1.52862
BLOCK08/SES089/SA089S23	SES270	-0.0953712	1.43325	1.52862
BLOCK08/SES089/SA089S25	SES062	0.495277	2.30054	1.80526
BLOCK08/SES089/SA089S25	SES087	1.07478	2.88004	1.80526
BLOCK08/SES089/SA089S25	SES206	0.99914	2.8044	1.80526
BLOCK08/SES089/SA089S25	SES226	1.26082	3.06608	1.80526
BLOCK08/SES089/SA089S28	SES062	0.521084	2.30335	1.78227
BLOCK08/SES089/SA089S28	SES087	1.04288	2.82515	1.78227
BLOCK08/SES089/SA089S28	SES206	1.30278	3.08505	1.78227
BLOCK08/SES089/SA089S28	SES226	1.22087	3.00314	1.78227
BLOCK09/SES097/SA097S11	SES099	1.5459	1.95908	0.413178
BLOCK09/SES097/SA097S11	SES125	0.586306	0.999484	0.413178
BLOCK09/SES097/SA097S11	SES206	1.03278	1.44596	0.413178
BLOCK09/SES097/SA097S11	SES226	0.769207	1.18238	0.413178
BLOCK09/SES097/SA097S14	SES062	0.709211	2.54239	1.83318
BLOCK09/SES097/SA097S14	SES099	0.996279	2.82945	1.83318
BLOCK09/SES097/SA097S14	SES104	0.388558	2.22173	1.83318
BLOCK09/SES097/SA097S14	SES206	0.944495	2.77767	1.83318
BLOCK09/SES097/SA097S22	SES099	1.06461	2.30184	1.23723
BLOCK09/SES097/SA097S22	SES206	0.558881	1.79611	1.23723
BLOCK09/SES097/SA097S22	SES226	0.462495	1.69972	1.23723
BLOCK09/SES097/SA097S22	SES270	0.857108	2.09434	1.23723
BLOCK09/SES097/SA097S26	SES099	1.07933	1.99869	0.919356
BLOCK09/SES097/SA097S26	SES120	0.476041	1.3954	0.919356
BLOCK09/SES097/SA097S26	SES206	-0.0656359	0.85372	0.919356
BLOCK09/SES097/SA097S26	SES226	0.26741	1.18677	0.919356
BLOCK09/SES097/SA097S28	SES099	1.24517	3.07744	1.83226
BLOCK09/SES097/SA097S28	SES120	0.711035	2.5433	1.83226
BLOCK09/SES097/SA097S28	SES206	0.282104	2.11437	1.83226
BLOCK09/SES097/SA097S28	SES226	-0.106999	1.72527	1.83226
BLOCK09/SES098/SA098S11	SES127	0.190205	2.44801	2.25781
BLOCK09/SES098/SA098S11	SES144	0.538336	2.79615	2.25781
BLOCK09/SES098/SA098S11	SES147	0.333945	2.59175	2.25781
BLOCK09/SES098/SA098S11	SES148	-0.498867	1.75894	2.25781
BLOCK09/SES098/SA098S12	SES127	-0.0664854	1.09854	1.16503
BLOCK09/SES098/SA098S12	SES144	-0.225243	0.939782	1.16503
BLOCK09/SES098/SA098S12	SES147	0.166454	1.33148	1.16503
BLOCK09/SES098/SA098S12	SES189	-0.434796	0.730229	1.16503
BLOCK09/SES098/SA098S20	SES127	0.25225	2.41259	2.16034
BLOCK09/SES098/SA098S20	SES147	0.225793	2.38613	2.16034
BLOCK09/SES098/SA098S20	SES148	-0.412945	1.74739	2.16034
BLOCK09/SES098/SA098S20	SES292	0.513187	2.67353	2.16034
BLOCK09/SES098/SA098S23	SES127	0.411405	2.78673	2.37532
BLOCK09/SES098/SA098S23	SES147	0.00809121	2.38341	2.37532
BLOCK09/SES098/SA098S23	SES187	0.539168	2.91449	2.37532
BLOCK09/SES098/SA098S23	SES292	0.197296	2.57262	2.37532
BLOCK09/SES098/SA098S27	SES127	-0.06982	1.31329	1.38311
BLOCK09/SES098/SA098S27	SES147	0.279222	1.66233	1.38311
BLOCK09/SES098/SA098S27	SES148	-0.745322	0.637783	1.38311
BLOCK09/SES098/SA098S27	SES292	0.301743	1.68485	1.38311
BLOCK10/SES102/SA102S13	SES101	0.945749	3.13103	2.18529
BLOCK10/SES102/SA102S13	SES105	0.683622	2.86891	2.18529
BLOCK10/SES102/SA102S13	SES120	0.255431	2.44072	2.18529
BLOCK10/SES102/SA102S13	SES158	-0.290642	1.89464	2.18529
BLOCK10/SES102/SA102S14	SES007	1.27658	3.4378	2.16122
BLOCK10/SES102/SA102S14	SES101	1.30451	3.46573	2.16122
BLOCK10/SES102/SA102S14	SES105	0.628925	2.79014	2.16122
BLOCK10/SES102/SA102S14	SES147	0.471455	2.63267	2.16122
BLOCK10/SES102/SA102S22	SES007	0.708833	3.47092	2.76208
BLOCK10/SES102/SA102S22	SES101	1.39832	4.1604	2.76208
BLOCK10/SES102/SA102S22	SES105	1.00097	3.76305	2.76208
BLOCK10/SES102/SA102S22	SES158	-0.367579	2.39451	2.76208
BLOCK10/SES102/SA102S25	SES007	0.775269	3.32659	2.55132
BLOCK10/SES102/SA102S25	SES101	0.844122	3.39544	2.55132
BLOCK10/SES102/SA102S25	SES105	0.574945	3.12627	2.55132
BLOCK10/SES102/SA102S25	SES147	0.188966	2.74029	2.55132
BLOCK10/SES102/SA102S27	SES007	0.701974	2.90265	2.20067
BLOCK10/SES102/SA102S27	SES101	0.897451	3.09812	2.20067
BLOCK10/SES102/SA102S27	SES105	0.603863	2.80454	2.20067
BLOCK10/SES102/SA102S27	SES147	0.134441	2.33511	2.20067
BLOCK10/SES103/SA103S14	SES105	0.00142336	1.18765	1.18622
BLOCK10/SES103/SA103S14	SES106	0.488398	1.67462	1.18622
BLOCK10/SES103/SA103S14	SES120	-0.0503299	1.13589	1.18622
BLOCK10/SES103/SA103S14	SES206	0.252655	1.43888	1.18622
BLOCK10/SES103/SA103S15	SES099	0.37257	1.29369	0.921116
BLOCK10/SES103/SA103S15	SES101	-0.0296011	0.891514	0.921116
BLOCK10/SES103/SA103S15	SES104	0.300391	1.22151	0.921116
BLOCK10/SES103/SA103S15	SES125	0.338027	1.25914	0.921116
BLOCK10/SES103/SA103S24	SES104	-0.134459	1.73923	1.87369
BLOCK10/SES103/SA103S24	SES125	0.0954232	1.96912	1.87369
BLOCK10/SES103/SA103S24	SES148	0.367995	2.24169	1.87369
BLOCK10/SES103/SA103S24	SES158	-0.00118256	1.87251	1.87369
BLOCK10/SES103/SA103S26	SES104	0.305794	1.64202	1.33623
BLOCK10/SES103/SA103S26	SES106	0.80583	2.14206	1.33623
BLOCK10/SES103/SA103S26	SES125	0.377277	1.71351	1.33623
BLOCK10/SES103/SA103S26	SES148	0.214188	1.55042	1.33623
BLOCK10/SES103/SA103S28	SES104	0.551267	1.27285	0.721581
BLOCK10/SES103/SA103S28	SES106	1.25044	1.97202	0.721581
BLOCK10/SES103/SA103S28	SES125	1.05517	1.77675	0.721581
BLOCK10/SES103/SA103S28	SES206	0.424537	1.14612	0.721581
BLOCK12/SES121/SA121S12	SES042	0.804955	1.6717	0.86674
BLOCK12/SES121/SA121S12	SES087	0.784452	1.65119	0.86674
BLOCK12/SES121/SA121S12	SES105	1.20694	2.07368	0.86674
BLOCK12/SES121/SA121S12	SES206	1.12179	1.98853	0.86674
BLOCK12/SES121/SA121S14	SES007	0.436704	0.681437	0.244733
BLOCK12/SES121/SA121S14	SES105	-0.132924	0.111809	0.244733
BLOCK12/SES121/SA121S14	SES106	1.06139	1.30613	0.244733
BLOCK12/SES121/SA121S14	SES206	0.718457	0.96319	0.244733
BLOCK12/SES121/SA121S23	SES105	-0.299293	0.248098	0.547392
BLOCK12/SES121/SA121S23	SES106	0.78268	1.33007	0.547392
BLOCK12/SES121/SA121S23	SES120	0.303204	0.850596	0.547392
BLOCK12/SES121/SA121S23	SES206	1.06953	1.61692	0.547392
BLOCK12/SES121/SA121S25	SES007	0.185278	0.912757	0.727478
BLOCK12/SES121/SA121S25	SES105	-0.941054	-0.213576	0.727478
BLOCK12/SES121/SA121S25	SES106	0.417598	1.14508	0.727478
BLOCK12/SES121/SA121S25	SES206	0.126339	0.853817	0.727478
BLOCK12/SES121/SA121S27	SES087	1.39287	1.55206	0.159191
BLOCK12/SES121/SA121S27	SES105	-0.235966	-0.0767746	0.159191
BLOCK12/SES121/SA121S27	SES120	1.44367	1.60286	0.159191
BLOCK12/SES121/SA121S27	SES206	1.49271	1.6519	0.159191
BLOCK12/SES124/SA124S16	SES042	1.64325	4.19187	2.54861
BLOCK12/SES124/SA124S16	SES082	0.638031	3.18665	2.54861
BLOCK12/SES124/SA124S16	SES183	-0.278967	2.26965	2.54861
BLOCK12/SES124/SA124S16	SES206	1.09907	3.64768	2.54861
BLOCK12/SES124/SA124S17	SES105	0.847678	2.46036	1.61268
BLOCK12/SES124/SA124S17	SES149	1.07002	2.6827	1.61268
BLOCK12/SES124/SA124S17	SES158	0.00889051	1.62157	1.61268
BLOCK12/SES124/SA124S17	SES275	0.736133	2.34882	1.61268
BLOCK12/SES124/SA124S23	SES105	-0.0626454	3.2905	3.35315
BLOCK12/SES124/SA124S23	SES125	1.5185	4.87165	3.35315
BLOCK12/SES124/SA124S23	SES129	0.22417	3.57732	3.35315
BLOCK12/SES124/SA124S23	SES158	0.925051	4.2782	3.35315
BLOCK12/SES124/SA124S26	SES105	-0.111082	1.67058	1.78166
BLOCK12/SES124/SA124S26	SES125	0.90669	2.68835	1.78166
BLOCK12/SES124/SA124S26	SES129	0.22067	2.00233	1.78166
BLOCK12/SES124/SA124S26	SES158	0.695922	2.47759	1.78166
BLOCK12/SES124/SA124S28	SES104	0.583038	2.63841	2.05537
BLOCK12/SES124/SA124S28	SES106	0.937954	2.99333	2.05537
BLOCK12/SES124/SA124S28	SES125	0.995504	3.05088	2.05537
BLOCK12/SES124/SA124S28	SES275	0.40133	2.4567	2.05537
BLOCK12/SES126/SA126S13	SES007	0.712739	3.47109	2.75835
BLOCK12/SES126/SA126S13	SES162	0.590807	3.34916	2.75835
BLOCK12/SES126/SA126S13	SES177	0.472038	3.23039	2.75835
BLOCK12/SES126/SA126S13	SES180	0.557117	3.31547	2.75835
BLOCK12/SES126/SA126S14	SES144	0.995026	4.15938	3.16435
BLOCK12/SES126/SA126S14	SES148	0.327647	3.492	3.16435
BLOCK12/SES126/SA126S14	SES177	0.425491	3.58984	3.16435
BLOCK12/SES126/SA126S14	SES180	0.955434	4.11978	3.16435
BLOCK12/SES126/SA126S20	SES007	0.911006	4.15628	3.24527
BLOCK12/SES126/SA126S20	SES162	0.709646	3.95492	3.24527
BLOCK12/SES126/SA126S20	SES172	0.579026	3.8243	3.24527
BLOCK12/SES126/SA126S20	SES180	0.228126	3.4734	3.24527
BLOCK12/SES126/SA126S24	SES120	0.615855	3.72067	3.10482
BLOCK12/SES126/SA126S24	SES162	0.672017	3.77684	3.10482
BLOCK12/SES126/SA126S24	SES177	0.499371	3.60419	3.10482
BLOCK12/SES126/SA126S24	SES180	0.617583	3.7224	3.10482
BLOCK12/SES126/SA126S26	SES120	0.537308	3.40247	2.86516
BLOCK12/SES126/SA126S26	SES177	-0.185286	2.67988	2.86516
BLOCK12/SES126/SA126S26	SES180	0.477516	3.34268	2.86516
BLOCK12/SES126/SA126S26	SES202	0.185121	3.05028	2.86516
BLOCK12/SES128/SA128S10	SES087	0.709739	2.75004	2.0403
BLOCK12/SES128/SA128S10	SES206	0.659343	2.69964	2.0403
BLOCK12/SES128/SA128S10	SES226	0.716133	2.75643	2.0403
BLOCK12/SES128/SA128S10	SES270	0.443955	2.48425	2.0403
BLOCK12/SES128/SA128S12	SES120	0.450009	2.65715	2.20714
BLOCK12/SES128/SA128S12	SES158	0.520293	2.72743	2.20714
BLOCK12/SES128/SA128S12	SES206	0.543898	2.75104	2.20714
BLOCK12/SES128/SA128S12	SES226	-0.00734162	2.1998	2.20714
BLOCK12/SES128/SA128S21	SES106	1.03204	2.15058	1.11854
BLOCK12/SES128/SA128S21	SES120	1.15759	2.27613	1.11854
BLOCK12/SES128/SA128S21	SES206	1.41321	2.53175	1.11854
BLOCK12/SES128/SA128S21	SES226	1.44616	2.56469	1.11854
BLOCK12/SES128/SA128S24	SES087	0.504796	2.66787	2.16307
BLOCK12/SES128/SA128S24	SES120	0.468155	2.63123	2.16307
BLOCK12/SES128/SA128S24	SES206	0.621253	2.78433	2.16307
BLOCK12/SES128/SA128S24	SES226	0.208592	2.37167	2.16307
BLOCK12/SES128/SA128S27	SES099	0.784968	3.38397	2.599
BLOCK12/SES128/SA128S27	SES120	0.640978	3.23998	2.599
BLOCK12/SES128/SA128S27	SES206	0.754762	3.35376	2.599
BLOCK12/SES128/SA128S27	SES226	0.677238	3.27624	2.599
BLOCK13/SES130/SA130S13	SES143	0.543324	1.78711	1.24379
BLOCK13/SES130/SA130S13	SES144	0.527117	1.7709	1.24379
BLOCK13/SES130/SA130S13	SES146	0.407209	1.65099	1.24379
BLOCK13/SES130/SA130S13	SES275	0.0871998	1.33099	1.24379
BLOCK13/SES130/SA130S15	SES143	0.325517	3.172	2.84649
BLOCK13/SES130/SA130S15	SES144	0.958053	3.80454	2.84649
BLOCK13/SES130/SA130S15	SES146	0.836925	3.68341	2.84649
BLOCK13/SES130/SA130S15	SES275	0.869361	3.71585	2.84649
BLOCK13/SES130/SA130S23	SES127	0.128405	1.59153	1.46312
BLOCK13/SES130/SA130S23	SES144	0.697881	2.161	1.46312
BLOCK13/SES130/SA130S23	SES146	0.415027	1.87815	1.46312
BLOCK13/SES130/SA130S23	SES162	1.21407	2.67719	1.46312
BLOCK13/SES130/SA130S25	SES127	0.20456	3.17877	2.97421
BLOCK13/SES130/SA130S25	SES144	0.782569	3.75678	2.97421
BLOCK13/SES130/SA130S25	SES146	0.468773	3.44299	2.97421
BLOCK13/SES130/SA130S25	SES275	0.435179	3.40939	2.97421
BLOCK13/SES130/SA130S28	SES127	0.147139	2.11208	1.96494
BLOCK13/SES130/SA130S28	SES144	0.44442	2.40936	1.96494
BLOCK13/SES130/SA130S28	SES146	0.376022	2.34096	1.96494
BLOCK13/SES130/SA130S28	SES275	0.549295	2.51424	1.96494
BLOCK13/SES131/SA131S13	SES002	0.613122	1.39749	0.784366
BLOCK13/SES131/SA131S13	SES007	0.785932	1.5703	0.784366
BLOCK13/SES131/SA131S13	SES099	1.09186	1.87622	0.784366
BLOCK13/SES131/SA131S13	SES105	0.597549	1.38191	0.784366
BLOCK13/SES131/SA131S14	SES104	0.359214	2.67733	2.31812
BLOCK13/SES131/SA131S14	SES106	0.851363	3.16948	2.31812
BLOCK13/SES131/SA131S14	SES125	0.195606	2.51372	2.31812
BLOCK13/SES131/SA131S14	SES148	0.799751	3.11787	2.31812
BLOCK13/SES131/SA131S20	SES104	0.220175	1.7989	1.57873
BLOCK13/SES131/SA131S20	SES106	0.480103	2.05883	1.57873
BLOCK13/SES131/SA131S20	SES125	0.0405394	1.61927	1.57873
BLOCK13/SES131/SA131S20	SES148	0.0522201	1.63095	1.57873
BLOCK13/SES131/SA131S22	SES099	1.02704	3.6188	2.59176
BLOCK13/SES131/SA131S22	SES104	0.865194	3.45696	2.59176
BLOCK13/SES131/SA131S22	SES125	0.994715	3.58648	2.59176
BLOCK13/SES131/SA131S22	SES206	0.664531	3.25629	2.59176
BLOCK13/SES131/SA131S29	SES087	0.418385	2.64652	2.22814
BLOCK13/SES131/SA131S29	SES104	-0.275498	1.95264	2.22814
BLOCK13/SES131/SA131S29	SES125	-0.0418797	2.18626	2.22814
BLOCK13/SES131/SA131S29	SES206	0.226102	2.45424	2.22814
BLOCK13/SES132/SA132S11	SES083	0.500698	3.94832	3.44762
BLOCK13/SES132/SA132S11	SES120	0.629549	4.07717	3.44762
BLOCK13/SES132/SA132S11	SES127	0.244427	3.69205	3.44762
BLOCK13/SES132/SA132S11	SES275	0.520309	3.96793	3.44762
BLOCK13/SES132/SA132S12	SES083	0.73367	4.65112	3.91745
BLOCK13/SES132/SA132S12	SES143	0.480127	4.39758	3.91745
BLOCK13/SES132/SA132S12	SES144	1.04002	4.95748	3.91745
BLOCK13/SES132/SA132S12	SES148	0.922377	4.83983	3.91745
BLOCK13/SES132/SA132S22	SES062	0.786763	3.74964	2.96287
BLOCK13/SES132/SA132S22	SES083	0.23115	3.19402	2.96287
BLOCK13/SES132/SA132S22	SES127	0.125143	3.08802	2.96287
BLOCK13/SES132/SA132S22	SES275	0.536636	3.49951	2.96287
BLOCK13/SES132/SA132S24	SES007	0.900038	4.27765	3.37761
BLOCK13/SES132/SA132S24	SES083	0.762074	4.13968	3.37761
BLOCK13/SES132/SA132S24	SES127	0.113906	3.49152	3.37761
BLOCK13/SES132/SA132S24	SES275	0.838291	4.2159	3.37761
BLOCK13/SES132/SA132S27	SES083	0.376738	3.00902	2.63228
BLOCK13/SES132/SA132S27	SES120	0.666333	3.29862	2.63228
BLOCK13/SES132/SA132S27	SES127	-0.467998	2.16429	2.63228
BLOCK13/SES132/SA132S27	SES275	0.519482	3.15177	2.63228
BLOCK14/SES141/SA141S09	SES143	0.781404	4.20194	3.42054
BLOCK14/SES141/SA141S09	SES144	0.976054	4.39659	3.42054
BLOCK14/SES141/SA141S09	SES162	0.550279	3.97081	3.42054
BLOCK14/SES141/SA141S09	SES180	0.266203	3.68674	3.42054
BLOCK14/SES141/SA141S15	SES127	0.32877	3.34835	3.01958
BLOCK14/SES141/SA141S15	SES144	0.668313	3.68789	3.01958
BLOCK14/SES141/SA141S15	SES162	0.0617318	3.08131	3.01958
BLOCK14/SES141/SA141S15	SES180	-0.39324	2.62634	3.01958
BLOCK14/SES141/SA141S24	SES127	0.420512	3.73268	3.31217
BLOCK14/SES141/SA141S24	SES144	0.467319	3.77949	3.31217
BLOCK14/SES141/SA141S24	SES162	0.273997	3.58617	3.31217
BLOCK14/SES141/SA141S24	SES183	-0.125051	3.18712	3.31217
BLOCK14/SES141/SA141S26	SES142	0.470392	3.27571	2.80532
BLOCK14/SES141/SA141S26	SES144	0.244933	3.05025	2.80532
BLOCK14/SES141/SA141S26	SES172	0.393561	3.19888	2.80532
BLOCK14/SES141/SA141S26	SES180	-0.0917473	2.71357	2.80532
BLOCK14/SES141/SA141S29	SES127	0.631736	3.81267	3.18094
BLOCK14/SES141/SA141S29	SES142	0.402834	3.58377	3.18094
BLOCK14/SES141/SA141S29	SES144	0.343123	3.52406	3.18094
BLOCK14/SES141/SA141S29	SES180	0.459975	3.64091	3.18094
BLOCK15/SES157/SA157S08	SES083	1.33652	4.36253	3.02601
BLOCK15/SES157/SA157S08	SES127	0.424425	3.45043	3.02601
BLOCK15/SES157/SA157S08	SES148	0.783367	3.80938	3.02601
BLOCK15/SES157/SA157S08	SES292	0.508345	3.53436	3.02601
BLOCK15/SES157/SA157S11	SES083	0.865016	3.35319	2.48818
BLOCK15/SES157/SA157S11	SES127	0.225892	2.71407	2.48818
BLOCK15/SES157/SA157S11	SES148	0.6577	3.14588	2.48818
BLOCK15/SES157/SA157S11	SES292	0.465241	2.95342	2.48818
BLOCK15/SES157/SA157S21	SES127	0.305552	3.34982	3.04426
BLOCK15/SES157/SA157S21	SES148	0.974199	4.01846	3.04426
BLOCK15/SES157/SA157S21	SES158	-0.492621	2.55164	3.04426
BLOCK15/SES157/SA157S21	SES292	0.567651	3.61191	3.04426
BLOCK15/SES157/SA157S24	SES127	0.143919	3.26008	3.11616
BLOCK15/SES157/SA157S24	SES148	0.821094	3.93726	3.11616
BLOCK15/SES157/SA157S24	SES183	0.668809	3.78497	3.11616
BLOCK15/SES157/SA157S24	SES292	0.197084	3.31325	3.11616
BLOCK15/SES157/SA157S26	SES007	0.781946	3.64434	2.86239
BLOCK15/SES157/SA157S26	SES127	0.436252	3.29864	2.86239
BLOCK15/SES157/SA157S26	SES147	0.430641	3.29303	2.86239
BLOCK15/SES157/SA157S26	SES148	0.422906	3.2853	2.86239
BLOCK16/SES161/SA161S10	SES007	0.864644	2.52115	1.65651
BLOCK16/SES161/SA161S10	SES105	0.967404	2.62391	1.65651
BLOCK16/SES161/SA161S10	SES158	0.227748	1.88426	1.65651
BLOCK16/SES161/SA161S10	SES275	0.717046	2.37356	1.65651
BLOCK16/SES161/SA161S12	SES007	0.497756	2.74785	2.25009
BLOCK16/SES161/SA161S12	SES105	0.05898	2.30907	2.25009
BLOCK16/SES161/SA161S12	SES158	0.60592	2.85601	2.25009
BLOCK16/SES161/SA161S12	SES275	0.512276	2.76237	2.25009
BLOCK16/SES161/SA161S20	SES007	0.336157	1.55564	1.21948
BLOCK16/SES161/SA161S20	SES105	-0.524623	0.694856	1.21948
BLOCK16/SES161/SA161S20	SES158	0.850061	2.06954	1.21948
BLOCK16/SES161/SA161S20	SES275	0.217264	1.43674	1.21948
BLOCK16/SES161/SA161S23	SES007	0.256734	2.58293	2.3262
BLOCK16/SES161/SA161S23	SES105	0.402404	2.7286	2.3262
BLOCK16/SES161/SA161S23	SES148	0.308136	2.63433	2.3262
BLOCK16/SES161/SA161S23	SES158	0.0881414	2.41434	2.3262
BLOCK16/SES161/SA161S28	SES007	0.0305362	1.99804	1.96751
BLOCK16/SES161/SA161S28	SES105	-0.509923	1.45758	1.96751
BLOCK16/SES161/SA161S28	SES158	1.02718	2.99469	1.96751
BLOCK16/SES161/SA161S28	SES206	0.908741	2.87625	1.96751
BLOCK16/SES164/SA164S11	SES104	0.70327	2.47968	1.77641
BLOCK16/SES164/SA164S11	SES125	1.04669	2.8231	1.77641
BLOCK16/SES164/SA164S11	SES158	1.53253	3.30894	1.77641
BLOCK16/SES164/SA164S11	SES206	0.96536	2.74177	1.77641
BLOCK16/SES164/SA164S13	SES099	0.0738617	1.41225	1.33839
BLOCK16/SES164/SA164S13	SES104	-0.047929	1.29046	1.33839
BLOCK16/SES164/SA164S13	SES125	0.287318	1.6257	1.33839
BLOCK16/SES164/SA164S13	SES206	0.871675	2.21006	1.33839
BLOCK16/SES164/SA164S24	SES002	1.49043	2.0782	0.587764
BLOCK16/SES164/SA164S24	SES099	0.857583	1.44535	0.587764
BLOCK16/SES164/SA164S24	SES125	0.978947	1.56671	0.587764
BLOCK16/SES164/SA164S24	SES226	1.53293	2.1207	0.587764
BLOCK16/SES164/SA164S27	SES087	0.955147	2.09865	1.14351
BLOCK16/SES164/SA164S27	SES125	1.19929	2.34279	1.14351
BLOCK16/SES164/SA164S27	SES206	0.902278	2.04578	1.14351
BLOCK16/SES164/SA164S27	SES226	1.13694	2.28044	1.14351
BLOCK16/SES164/SA164S29	SES002	1.10676	1.9174	0.810632
BLOCK16/SES164/SA164S29	SES019	0.719139	1.52977	0.810632
BLOCK16/SES164/SA164S29	SES125	0.888733	1.69936	0.810632
BLOCK16/SES164/SA164S29	SES226	0.846961	1.65759	0.810632
BLOCK16/SES169/SA169S13	SES117	0.0580065	2.8246	2.76659
BLOCK16/SES169/SA169S13	SES144	0.72675	3.49334	2.76659
BLOCK16/SES169/SA169S13	SES146	0.329085	3.09568	2.76659
BLOCK16/SES169/SA169S13	SES162	0.640627	3.40722	2.76659
BLOCK16/SES169/SA169S14	SES144	0.985265	4.23277	3.2475
BLOCK16/SES169/SA169S14	SES148	0.312999	3.5605	3.2475
BLOCK16/SES169/SA169S14	SES177	1.18729	4.43479	3.2475
BLOCK16/SES169/SA169S14	SES180	0.279402	3.5269	3.2475
BLOCK16/SES169/SA169S24	SES117	0.297501	2.19874	1.90124
BLOCK16/SES169/SA169S24	SES144	0.216038	2.11728	1.90124
BLOCK16/SES169/SA169S24	SES146	0.452839	2.35408	1.90124
BLOCK16/SES169/SA169S24	SES162	0.60616	2.5074	1.90124
BLOCK16/SES169/SA169S27	SES127	0.336885	3.22467	2.88778
BLOCK16/SES169/SA169S27	SES129	0.75509	3.64287	2.88778
BLOCK16/SES169/SA169S27	SES144	0.367066	3.25485	2.88778
BLOCK16/SES169/SA169S27	SES146	0.830129	3.71791	2.88778
BLOCK16/SES169/SA169S29	SES144	1.19929	4.67864	3.47935
BLOCK16/SES169/SA169S29	SES162	0.925628	4.40498	3.47935
BLOCK16/SES169/SA169S29	SES177	0.694064	4.17341	3.47935
BLOCK16/SES169/SA169S29	SES180	0.449698	3.92905	3.47935
BLOCK17/SES171/SA171S12	SES083	0.803697	2.57642	1.77273
BLOCK17/SES171/SA171S12	SES148	0.421354	2.19408	1.77273
BLOCK17/SES171/SA171S12	SES172	0.43823	2.21096	1.77273
BLOCK17/SES171/SA171S12	SES292	0.090229	1.86296	1.77273
BLOCK17/SES171/SA171S15	SES148	0.639984	3.08362	2.44364
BLOCK17/SES171/SA171S15	SES177	0.65874	3.10238	2.44364
BLOCK17/SES171/SA171S15	SES180	-0.11178	2.33186	2.44364
BLOCK17/SES171/SA171S15	SES292	0.217181	2.66082	2.44364
BLOCK17/SES171/SA171S22	SES007	0.673661	3.86193	3.18827
BLOCK17/SES171/SA171S22	SES148	1.0815	4.26977	3.18827
BLOCK17/SES171/SA171S22	SES177	1.13426	4.32253	3.18827
BLOCK17/SES171/SA171S22	SES180	-0.171535	3.01673	3.18827
BLOCK17/SES171/SA171S25	SES101	0.91468	2.21438	1.2997
BLOCK17/SES171/SA171S25	SES120	0.409849	1.70955	1.2997
BLOCK17/SES171/SA171S25	SES177	0.606645	1.90634	1.2997
BLOCK17/SES171/SA171S25	SES180	0.274936	1.57464	1.2997
BLOCK17/SES171/SA171S27	SES177	0.862499	3.10391	2.24141
BLOCK17/SES171/SA171S27	SES180	-0.495685	1.74573	2.24141
BLOCK17/SES171/SA171S27	SES189	0.949896	3.19131	2.24141
BLOCK17/SES171/SA171S27	SES292	0.293378	2.53479	2.24141
BLOCK17/SES173/SA173S13	SES162	0.0637634	2.44745	2.38369
BLOCK17/SES173/SA173S13	SES177	0.900618	3.28431	2.38369
BLOCK17/SES173/SA173S13	SES180	-0.432016	1.95168	2.38369
BLOCK17/SES173/SA173S13	SES292	0.686225	3.06992	2.38369
BLOCK17/SES173/SA173S14	SES007	1.145	3.60765	2.46265
BLOCK17/SES173/SA173S14	SES162	0.0974331	2.56009	2.46265
BLOCK17/SES173/SA173S14	SES177	0.866975	3.32963	2.46265
BLOCK17/SES173/SA173S14	SES180	-0.289024	2.17363	2.46265
BLOCK17/SES173/SA173S24	SES144	0.571884	2.0822	1.51032
BLOCK17/SES173/SA173S24	SES162	0.330327	1.84065	1.51032
BLOCK17/SES173/SA173S24	SES177	0.758882	2.2692	1.51032
BLOCK17/SES173/SA173S24	SES180	-0.238274	1.27204	1.51032
BLOCK17/SES173/SA173S27	SES162	0.136894	2.67402	2.53713
BLOCK17/SES173/SA173S27	SES177	0.653887	3.19102	2.53713
BLOCK17/SES173/SA173S27	SES180	0.154455	2.69158	2.53713
BLOCK17/SES173/SA173S27	SES292	0.584687	3.12182	2.53713
BLOCK17/SES173/SA173S29	SES162	0.262048	1.76674	1.50469
BLOCK17/SES173/SA173S29	SES175	0.954027	2.45872	1.50469
BLOCK17/SES173/SA173S29	SES177	1.02622	2.53091	1.50469
BLOCK17/SES173/SA173S29	SES292	0.578502	2.08319	1.50469
BLOCK18/SES182/SA182S10	SES144	0.45691	3.27322	2.81631
BLOCK18/SES182/SA182S10	SES177	0.246799	3.06311	2.81631
BLOCK18/SES182/SA182S10	SES180	-0.249716	2.56659	2.81631
BLOCK18/SES182/SA182S10	SES275	0.297796	3.1141	2.81631
BLOCK18/SES182/SA182S12	SES144	0.96347	5.1855	4.22203
BLOCK18/SES182/SA182S12	SES177	0.819356	5.04139	4.22203
BLOCK18/SES182/SA182S12	SES180	0.143051	4.36508	4.22203
BLOCK18/SES182/SA182S12	SES275	0.702703	4.92474	4.22203
BLOCK18/SES182/SA182S21	SES117	-0.279885	1.63795	1.91783
BLOCK18/SES182/SA182S21	SES144	0.90667	2.8245	1.91783
BLOCK18/SES182/SA182S21	SES162	0.921784	2.83962	1.91783
BLOCK18/SES182/SA182S21	SES180	0.199225	2.11706	1.91783
BLOCK18/SES182/SA182S23	SES117	0.411758	2.67442	2.26266
BLOCK18/SES182/SA182S23	SES144	0.537625	2.80029	2.26266
BLOCK18/SES182/SA182S23	SES180	0.18034	2.443	2.26266
BLOCK18/SES182/SA182S23	SES275	0.696413	2.95907	2.26266
BLOCK18/SES182/SA182S25	SES007	0.677565	2.54939	1.87183
BLOCK18/SES182/SA182S25	SES162	0.591219	2.46305	1.87183
BLOCK18/SES182/SA182S25	SES177	0.389357	2.26118	1.87183
BLOCK18/SES182/SA182S25	SES180	0.49773	2.36956	1.87183
BLOCK18/SES184/SA184S12	SES177	0.569316	2.49044	1.92113
BLOCK18/SES184/SA184S12	SES180	-0.37119	1.54994	1.92113
BLOCK18/SES184/SA184S12	SES189	0.710041	2.63117	1.92113
BLOCK18/SES184/SA184S12	SES292	0.349571	2.2707	1.92113
BLOCK18/SES184/SA184S13	SES101	0.362984	2.43434	2.07135
BLOCK18/SES184/SA184S13	SES177	0.399875	2.47123	2.07135
BLOCK18/SES184/SA184S13	SES180	0.227086	2.29844	2.07135
BLOCK18/SES184/SA184S13	SES292	0.182032	2.25339	2.07135
BLOCK18/SES184/SA184S22	SES177	0.607292	1.90473	1.29743
BLOCK18/SES184/SA184S22	SES180	0.79525	2.09268	1.29743
BLOCK18/SES184/SA184S22	SES189	0.249018	1.54645	1.29743
BLOCK18/SES184/SA184S22	SES292	0.115902	1.41334	1.29743
BLOCK18/SES184/SA184S25	SES101	0.827413	3.24362	2.41621
BLOCK18/SES184/SA184S25	SES177	0.369563	2.78577	2.41621
BLOCK18/SES184/SA184S25	SES180	0.594787	3.011	2.41621
BLOCK18/SES184/SA184S25	SES292	0.262507	2.67872	2.41621
BLOCK18/SES184/SA184S27	SES083	0.489163	3.15983	2.67067
BLOCK18/SES184/SA184S27	SES177	0.532301	3.20297	2.67067
BLOCK18/SES184/SA184S27	SES202	0.41066	3.08133	2.67067
BLOCK18/SES184/SA184S27	SES292	0.33042	3.00109	2.67067
BLOCK20/SES204/SA204S12	SES062	0.713639	3.10154	2.3879
BLOCK20/SES204/SA204S12	SES083	0.591978	2.97988	2.3879
BLOCK20/SES204/SA204S12	SES206	0.935569	3.32347	2.3879
BLOCK20/SES204/SA204S12	SES226	0.614477	3.00238	2.3879
BLOCK20/SES204/SA204S14	SES068	1.21852	4.66579	3.44727
BLOCK20/SES204/SA204S14	SES087	0.968798	4.41607	3.44727
BLOCK20/SES204/SA204S14	SES206	0.907521	4.35479	3.44727
BLOCK20/SES204/SA204S14	SES226	0.626952	4.07422	3.44727
BLOCK20/SES204/SA204S22	SES068	1.16537	3.52913	2.36375
BLOCK20/SES204/SA204S22	SES082	0.70067	3.06442	2.36375
BLOCK20/SES204/SA204S22	SES083	0.796695	3.16045	2.36375
BLOCK20/SES204/SA204S22	SES206	1.09728	3.46103	2.36375
BLOCK20/SES204/SA204S25	SES062	0.733467	3.52047	2.787
BLOCK20/SES204/SA204S25	SES083	0.872465	3.65947	2.787
BLOCK20/SES204/SA204S25	SES206	0.819771	3.60677	2.787
BLOCK20/SES204/SA204S25	SES226	0.609926	3.39693	2.787
BLOCK20/SES204/SA204S27	SES068	1.1068	3.42736	2.32057
BLOCK20/SES204/SA204S27	SES082	0.475103	2.79567	2.32057
BLOCK20/SES204/SA204S27	SES087	0.458413	2.77898	2.32057
BLOCK20/SES204/SA204S27	SES206	0.496229	2.8168	2.32057
BLOCK20/SES207/SA207S10	SES127	0.292802	2.99213	2.69933
BLOCK20/SES207/SA207S10	SES183	0.670924	3.37026	2.69933
BLOCK20/SES207/SA207S10	SES189	0.863195	3.56253	2.69933
BLOCK20/SES207/SA207S10	SES292	0.5086	3.20793	2.69933
BLOCK20/SES207/SA207S11	SES127	-0.161495	2.42368	2.58517
BLOCK20/SES207/SA207S11	SES183	0.37351	2.95868	2.58517
BLOCK20/SES207/SA207S11	SES187	0.885585	3.47076	2.58517
BLOCK20/SES207/SA207S11	SES292	0.531486	3.11666	2.58517
BLOCK20/SES207/SA207S25	SES068	0.36307	2.21969	1.85662
BLOCK20/SES207/SA207S25	SES083	0.544869	2.40148	1.85662
BLOCK20/SES207/SA207S25	SES127	0.398904	2.25552	1.85662
BLOCK20/SES207/SA207S25	SES187	0.653461	2.51008	1.85662
BLOCK20/SES207/SA207S27	SES127	0.0956274	2.05268	1.95705
BLOCK20/SES207/SA207S27	SES183	0.312067	2.26912	1.95705
BLOCK20/SES207/SA207S27	SES187	0.595919	2.55297	1.95705
BLOCK20/SES207/SA207S27	SES292	0.186149	2.1432	1.95705
BLOCK20/SES207/SA207S29	SES083	0.602806	2.91496	2.31215
BLOCK20/SES207/SA207S29	SES085	0.60981	2.92196	2.31215
BLOCK20/SES207/SA207S29	SES172	0.913103	3.22526	2.31215
BLOCK20/SES207/SA207S29	SES189	-0.10656	2.20559	2.31215
BLOCK22/SES221/SA221S12	SES068	1.35045	3.74931	2.39887
BLOCK22/SES221/SA221S12	SES143	0.717427	3.11629	2.39887
BLOCK22/SES221/SA221S12	SES175	0.969646	3.36851	2.39887
BLOCK22/SES221/SA221S12	SES202	0.993249	3.39212	2.39887
BLOCK22/SES221/SA221S15	SES085	1.148	3.50651	2.35851
BLOCK22/SES221/SA221S15	SES143	0.630655	2.98916	2.35851
BLOCK22/SES221/SA221S15	SES175	1.03475	3.39326	2.35851
BLOCK22/SES221/SA221S15	SES187	0.798871	3.15738	2.35851
BLOCK22/SES221/SA221S23	SES068	1.63948	3.84618	2.2067
BLOCK22/SES221/SA221S23	SES143	1.01677	3.22347	2.2067
BLOCK22/SES221/SA221S23	SES175	1.22561	3.43231	2.2067
BLOCK22/SES221/SA221S23	SES189	1.03284	3.23954	2.2067
BLOCK22/SES221/SA221S27	SES085	1.31996	3.55445	2.23449
BLOCK22/SES221/SA221S27	SES143	0.605256	2.83974	2.23449
BLOCK22/SES221/SA221S27	SES175	0.539129	2.77362	2.23449
BLOCK22/SES221/SA221S27	SES189	1.32973	3.56421	2.23449
BLOCK22/SES221/SA221S29	SES085	1.4706	3.59962	2.12902
BLOCK22/SES221/SA221S29	SES143	0.810964	2.93999	2.12902
BLOCK22/SES221/SA221S29	SES175	0.682028	2.81105	2.12902
BLOCK22/SES221/SA221S29	SES187	0.995216	3.12424	2.12902
BLOCK22/SES223/SA223S11	SES143	1.00487	2.80216	1.7973
BLOCK22/SES223/SA223S11	SES144	0.501768	2.29907	1.7973
BLOCK22/SES223/SA223S11	SES175	0.863273	2.66057	1.7973
BLOCK22/SES223/SA223S11	SES187	0.763476	2.56077	1.7973
BLOCK22/SES223/SA223S13	SES068	0.95933	2.95541	1.99608
BLOCK22/SES223/SA223S13	SES143	0.53084	2.52692	1.99608
BLOCK22/SES223/SA223S13	SES146	0.39066	2.38674	1.99608
BLOCK22/SES223/SA223S13	SES202	0.544121	2.5402	1.99608
BLOCK22/SES223/SA223S22	SES143	0.421925	2.16067	1.73874
BLOCK22/SES223/SA223S22	SES144	-0.0776943	1.66105	1.73874
BLOCK22/SES223/SA223S22	SES175	0.638031	2.37678	1.73874
BLOCK22/SES223/SA223S22	SES187	0.233945	1.97269	1.73874
BLOCK22/SES223/SA223S25	SES068	0.810957	2.54013	1.72917
BLOCK22/SES223/SA223S25	SES143	0.800574	2.52975	1.72917
BLOCK22/SES223/SA223S25	SES175	0.728879	2.45805	1.72917
BLOCK22/SES223/SA223S25	SES187	0.833129	2.5623	1.72917
BLOCK22/SES223/SA223S27	SES143	0.290339	2.63499	2.34465
BLOCK22/SES223/SA223S27	SES146	0.45955	2.8042	2.34465
BLOCK22/SES223/SA223S27	SES187	0.458494	2.80315	2.34465
BLOCK22/SES223/SA223S27	SES292	0.539623	2.88428	2.34465
BLOCK27/SES273/SA273S12	SES099	0.903296	3.88049	2.97719
BLOCK27/SES273/SA273S12	SES104	1.14696	4.12415	2.97719
BLOCK27/SES273/SA273S12	SES125	0.877814	3.85501	2.97719
BLOCK27/SES273/SA273S12	SES206	0.940331	3.91752	2.97719
BLOCK27/SES273/SA273S13	SES099	0.532231	3.4812	2.94897
BLOCK27/SES273/SA273S13	SES104	0.241517	3.19049	2.94897
BLOCK27/SES273/SA273S13	SES206	0.544921	3.49389	2.94897
BLOCK27/SES273/SA273S13	SES292	0.604578	3.55355	2.94897
BLOCK27/SES273/SA273S21	SES099	0.552898	3.43567	2.88277
BLOCK27/SES273/SA273S21	SES148	0.296768	3.17954	2.88277
BLOCK27/SES273/SA273S21	SES149	0.553301	3.43607	2.88277
BLOCK27/SES273/SA273S21	SES177	0.677322	3.56009	2.88277
BLOCK27/SES273/SA273S25	SES104	0.37444	2.45412	2.07968
BLOCK27/SES273/SA273S25	SES125	0.148161	2.22784	2.07968
BLOCK27/SES273/SA273S25	SES158	0.239399	2.31908	2.07968
BLOCK27/SES273/SA273S25	SES206	0.80028	2.87996	2.07968
BLOCK27/SES273/SA273S27	SES099	0.960552	4.17375	3.2132
BLOCK27/SES273/SA273S27	SES104	0.390226	3.60342	3.2132
BLOCK27/SES273/SA273S27	SES149	1.30095	4.51415	3.2132
BLOCK27/SES273/SA273S27	SES275	0.938695	4.15189	3.2132
BLOCK27/SES274/SA274S10	SES105	-0.144675	3.20259	3.34726
BLOCK27/SES274/SA274S10	SES125	0.215132	3.56239	3.34726
BLOCK27/SES274/SA274S10	SES129	1.14078	4.48804	3.34726
BLOCK27/SES274/SA274S10	SES158	0.076148	3.42341	3.34726
BLOCK27/SES274/SA274S11	SES105	0.348215	3.93729	3.58908
BLOCK27/SES274/SA274S11	SES149	0.267	3.85608	3.58908
BLOCK27/SES274/SA274S11	SES158	-0.185888	3.40319	3.58908
BLOCK27/SES274/SA274S11	SES275	0.382825	3.9719	3.58908
BLOCK27/SES274/SA274S21	SES105	0.379712	4.0967	3.71699
BLOCK27/SES274/SA274S21	SES129	0.797318	4.51431	3.71699
BLOCK27/SES274/SA274S21	SES149	0.237031	3.95402	3.71699
BLOCK27/SES274/SA274S21	SES158	-0.146863	3.57013	3.71699
BLOCK27/SES274/SA274S24	SES105	-0.41595	2.43478	2.85073
BLOCK27/SES274/SA274S24	SES129	0.681394	3.53212	2.85073
BLOCK27/SES274/SA274S24	SES149	-0.39543	2.4553	2.85073
BLOCK27/SES274/SA274S24	SES158	0.00311708	2.85385	2.85073
BLOCK27/SES274/SA274S29	SES105	0.281425	3.14609	2.86466
BLOCK27/SES274/SA274S29	SES106	0.465556	3.33022	2.86466
BLOCK27/SES274/SA274S29	SES120	0.705271	3.56993	2.86466
BLOCK27/SES274/SA274S29	SES275	0.665083	3.52975	2.86466
BLOCK27/SES276/SA276S16	SES148	-0.0366917	2.57027	2.60696
BLOCK27/SES276/SA276S16	SES172	0.832356	3.43932	2.60696
BLOCK27/SES276/SA276S16	SES180	1.05107	3.65804	2.60696
BLOCK27/SES276/SA276S16	SES292	0.283465	2.89043	2.60696
BLOCK27/SES276/SA276S17	SES101	0.698452	3.2056	2.50715
BLOCK27/SES276/SA276S17	SES177	0.314876	2.82202	2.50715
BLOCK27/SES276/SA276S17	SES180	0.580279	3.08743	2.50715
BLOCK27/SES276/SA276S17	SES292	0.340054	2.8472	2.50715
BLOCK27/SES276/SA276S24	SES101	0.942693	3.51475	2.57206
BLOCK27/SES276/SA276S24	SES177	0.448275	3.02033	2.57206
BLOCK27/SES276/SA276S24	SES180	0.898516	3.47058	2.57206
BLOCK27/SES276/SA276S24	SES292	0.264909	2.83697	2.57206
BLOCK27/SES276/SA276S26	SES101	0.826334	3.52187	2.69554
BLOCK27/SES276/SA276S26	SES177	0.642093	3.33763	2.69554
BLOCK27/SES276/SA276S26	SES180	0.253565	2.9491	2.69554
BLOCK27/SES276/SA276S26	SES292	0.573143	3.26868	2.69554
BLOCK27/SES276/SA276S28	SES101	0.816381	3.49705	2.68067
BLOCK27/SES276/SA276S28	SES177	0.477771	3.15844	2.68067
BLOCK27/SES276/SA276S28	SES180	0.903141	3.58381	2.68067
BLOCK27/SES276/SA276S28	SES292	0.483217	3.16389	2.68067
BLOCK27/SES277/SA277S12	SES101	0.810225	2.39351	1.58329
BLOCK27/SES277/SA277S12	SES177	0.0606772	1.64396	1.58329
BLOCK27/SES277/SA277S12	SES180	0.384334	1.96762	1.58329
BLOCK27/SES277/SA277S12	SES292	0.155787	1.73907	1.58329
BLOCK27/SES277/SA277S14	SES177	0.52922	1.76338	1.23416
BLOCK27/SES277/SA277S14	SES180	-0.528108	0.706052	1.23416
BLOCK27/SES277/SA277S14	SES189	1.23143	2.46559	1.23416
BLOCK27/SES277/SA277S14	SES292	0.18822	1.42238	1.23416
BLOCK27/SES277/SA277S21	SES177	0.658656	2.36134	1.70268
BLOCK27/SES277/SA277S21	SES180	0.176876	1.87956	1.70268
BLOCK27/SES277/SA277S21	SES189	1.17553	2.87821	1.70268
BLOCK27/SES277/SA277S21	SES292	0.12181	1.82449	1.70268
BLOCK27/SES277/SA277S24	SES144	0.0809685	0.750144	0.669175
BLOCK27/SES277/SA277S24	SES177	-0.045953	0.623222	0.669175
BLOCK27/SES277/SA277S24	SES180	-0.135842	0.533333	0.669175
BLOCK27/SES277/SA277S24	SES189	0.853316	1.52249	0.669175
BLOCK27/SES277/SA277S29	SES177	0.708487	2.63568	1.92719
BLOCK27/SES277/SA277S29	SES180	0.562429	2.48962	1.92719
BLOCK27/SES277/SA277S29	SES202	0.799404	2.72659	1.92719
BLOCK27/SES277/SA277S29	SES292	0.155897	2.08309	1.92719
BLOCK27/SES279/SA279S09	SES120	0.661272	3.22834	2.56706
BLOCK27/SES279/SA279S09	SES146	0.167082	2.73415	2.56706
BLOCK27/SES279/SA279S09	SES206	0.822132	3.3892	2.56706
BLOCK27/SES279/SA279S09	SES226	0.616266	3.18333	2.56706
BLOCK27/SES279/SA279S10	SES099	0.260182	2.77008	2.5099
BLOCK27/SES279/SA279S10	SES206	0.221637	2.73153	2.5099
BLOCK27/SES279/SA279S10	SES226	0.218029	2.72792	2.5099
BLOCK27/SES279/SA279S10	SES292	0.31758	2.82748	2.5099
BLOCK27/SES279/SA279S20	SES099	0.255829	2.23521	1.97938
BLOCK27/SES279/SA279S20	SES206	0.543107	2.52249	1.97938
BLOCK27/SES279/SA279S20	SES226	-0.0687987	1.91058	1.97938
BLOCK27/SES279/SA279S20	SES292	0.509866	2.48925	1.97938
BLOCK27/SES279/SA279S26	SES099	0.544097	2.3218	1.7777
BLOCK27/SES279/SA279S26	SES206	0.748436	2.52614	1.7777
BLOCK27/SES279/SA279S26	SES226	0.384589	2.16229	1.7777
BLOCK27/SES279/SA279S26	SES292	0.780774	2.55847	1.7777
BLOCK27/SES279/SA279S28	SES099	0.685873	4.08018	3.39431
BLOCK27/SES279/SA279S28	SES120	0.980913	4.37522	3.39431
BLOCK27/SES279/SA279S28	SES177	0.736359	4.13067	3.39431
BLOCK27/SES279/SA279S28	SES206	0.929748	4.32406	3.39431
BLOCK29/SES290/SA290S12	SES162	1.18305	4.75296	3.5699
BLOCK29/SES290/SA290S12	SES177	1.30148	4.87138	3.5699
BLOCK29/SES290/SA290S12	SES180	0.318774	3.88868	3.5699
BLOCK29/SES290/SA290S12	SES292	0.574469	4.14437	3.5699
BLOCK29/SES290/SA290S13	SES007	0.790398	3.54861	2.75821
BLOCK29/SES290/SA290S13	SES162	0.484396	3.24261	2.75821
BLOCK29/SES290/SA290S13	SES177	0.495949	3.25416	2.75821
BLOCK29/SES290/SA290S13	SES180	0.472353	3.23056	2.75821
BLOCK29/SES290/SA290S22	SES177	0.386582	3.79071	3.40413
BLOCK29/SES290/SA290S22	SES180	0.390921	3.79505	3.40413
BLOCK29/SES290/SA290S22	SES202	0.677624	4.08175	3.40413
BLOCK29/SES290/SA290S22	SES292	0.346226	3.75035	3.40413
BLOCK29/SES290/SA290S25	SES162	0.97961	4.50341	3.5238
BLOCK29/SES290/SA290S25	SES177	0.656326	4.18013	3.5238
BLOCK29/SES290/SA290S25	SES180	0.778566	4.30236	3.5238
BLOCK29/SES290/SA290S25	SES292	0.566816	4.09062	3.5238
BLOCK29/SES290/SA290S29	SES177	0.804785	4.3673	3.56252
BLOCK29/SES290/SA290S29	SES180	0.0626674	3.62519	3.56252
BLOCK29/SES290/SA290S29	SES275	0.541034	4.10355	3.56252
BLOCK29/SES290/SA290S29	SES292	0.727587	4.29011	3.56252
BLOCK29/SES291/SA291S11	SES105	0.253898	1.65586	1.40196
BLOCK29/SES291/SA291S11	SES125	0.726969	2.12893	1.40196
BLOCK29/SES291/SA291S11	SES158	0.559516	1.96148	1.40196
BLOCK29/SES291/SA291S11	SES275	0.194756	1.59672	1.40196
BLOCK29/SES291/SA291S12	SES158	1.47439	2.67054	1.19615
BLOCK29/SES291/SA291S12	SES226	0.740613	1.93676	1.19615
BLOCK29/SES291/SA291S12	SES270	1.3659	2.56205	1.19615
BLOCK29/SES291/SA291S12	SES275	-0.347032	0.849118	1.19615
BLOCK29/SES291/SA291S22	SES082	1.05247	3.05836	2.00589
BLOCK29/SES291/SA291S22	SES158	0.476411	2.4823	2.00589
BLOCK29/SES291/SA291S22	SES259	0.31985	2.32574	2.00589
BLOCK29/SES291/SA291S22	SES275	0.455525	2.46141	2.00589
BLOCK29/SES291/SA291S24	SES104	1.12277	3.61353	2.49076
BLOCK29/SES291/SA291S24	SES125	0.701041	3.1918	2.49076
BLOCK29/SES291/SA291S24	SES158	1.01267	3.50343	2.49076
BLOCK29/SES291/SA291S24	SES275	-0.163073	2.32769	2.49076
BLOCK29/SES291/SA291S27	SES158	1.45911	2.92651	1.4674
BLOCK29/SES291/SA291S27	SES172	0.196604	1.66401	1.4674
BLOCK29/SES291/SA291S27	SES275	0.354885	1.82229	1.4674
BLOCK29/SES291/SA291S27	SES292	0.966524	2.43393	1.4674
